2023-12-20 21:14:17.601336 INFO::Writing function arguments to log file
2023-12-20 21:14:17.601962 DEBUG::Function arguments
2023-12-20 21:14:17.602125 DEBUG::Output folder: outputs/differential_abundance_species_metaphlan4/lmm_maaslin2/species/WT_long
2023-12-20 21:14:17.60228 DEBUG::Min Abundance: 0.000000
2023-12-20 21:14:17.602427 DEBUG::Min Prevalence: 0.200000
2023-12-20 21:14:17.60257 DEBUG::Normalization: NONE
2023-12-20 21:14:17.602706 DEBUG::Transform: NONE
2023-12-20 21:14:17.602831 DEBUG::Analysis method: LM
2023-12-20 21:14:17.602956 DEBUG::Max significance: 0.250000
2023-12-20 21:14:17.603084 DEBUG::Random effects: mouse_id
2023-12-20 21:14:17.603211 DEBUG::Fixed effects: trimester
2023-12-20 21:14:17.603336 DEBUG::Correction method: BH
2023-12-20 21:14:17.603459 DEBUG::Standardize: TRUE
2023-12-20 21:14:17.603581 DEBUG::Cores: 1
2023-12-20 21:14:17.603698 INFO::Verifying options selected are valid
2023-12-20 21:14:17.604106 INFO::Determining format of input files
2023-12-20 21:14:17.604459 INFO::Input format is data samples as rows and metadata samples as rows
2023-12-20 21:14:17.605454 DEBUG::A total of 36 samples were found in both the data and metadata
2023-12-20 21:14:17.605587 DEBUG::Reordering data/metadata to use same sample ordering
2023-12-20 21:14:17.606539 INFO::Formula for random effects: expr ~ (1 | mouse_id)
2023-12-20 21:14:17.606983 INFO::Formula for fixed effects: expr ~  trimester
2023-12-20 21:14:17.607464 INFO::Filter data based on min abundance and min prevalence
2023-12-20 21:14:17.607794 INFO::Total samples in data: 36
2023-12-20 21:14:17.608104 INFO::Min samples required with min abundance for a feature not to be filtered: 7.200000
2023-12-20 21:14:17.609429 INFO::Total filtered features: 16
2023-12-20 21:14:17.609858 INFO::Filtered feature names from abundance and prevalence filtering: s__bacterium_1XD21_70, s__bacterium_1xD8_6, s__GGB28901_SGB41592, s__Staphylococcus_xylosus, s__GGB42579_SGB59774, s__GGB28955_SGB41664, s__GGB28632_SGB41253, s__GGB28946_SGB41652, s__GGB28828_SGB41484, s__Lachnospiraceae_unclassified_SGB41511, s__Romboutsia_ilealis, s__GGB30290_SGB43252, s__GGB30296_SGB43260, s__GGB30444_SGB43493, s__GGB30466_SGB43544, s__Escherichia_coli
2023-12-20 21:14:17.612472 INFO::Total filtered features with variance filtering: 0
2023-12-20 21:14:17.613063 INFO::Filtered feature names from variance filtering:
2023-12-20 21:14:17.613461 INFO::Running selected normalization method: NONE
2023-12-20 21:14:17.613973 INFO::Applying z-score to standardize continuous metadata
2023-12-20 21:14:17.617736 INFO::Running selected transform method: NONE
2023-12-20 21:14:17.618229 INFO::Running selected analysis method: LM
2023-12-20 21:14:17.618863 INFO::Fitting model to feature number 1, s__GGB30286_SGB43248
2023-12-20 21:14:17.639097 INFO::Fitting model to feature number 2, s__GGB30301_SGB43265
2023-12-20 21:14:17.659517 INFO::Fitting model to feature number 3, s__GGB30302_SGB43266
2023-12-20 21:14:17.681345 INFO::Fitting model to feature number 4, s__GGB30302_SGB43267
2023-12-20 21:14:17.702182 INFO::Fitting model to feature number 5, s__GGB30303_SGB43268
2023-12-20 21:14:17.722844 INFO::Fitting model to feature number 6, s__GGB30413_SGB43452
2023-12-20 21:14:17.742633 INFO::Fitting model to feature number 7, s__Atopobiaceae_bacterium_FL090493
2023-12-20 21:14:17.763405 INFO::Fitting model to feature number 8, s__Adlercreutzia_caecicola
2023-12-20 21:14:17.782764 INFO::Fitting model to feature number 9, s__Adlercreutzia_caecimuris
2023-12-20 21:14:17.802403 INFO::Fitting model to feature number 10, s__Adlercreutzia_mucosicola
2023-12-20 21:14:17.822813 INFO::Fitting model to feature number 11, s__Adlercreutzia_muris
2023-12-20 21:14:17.844023 INFO::Fitting model to feature number 12, s__Eggerthellaceae_bacterium
2023-12-20 21:14:17.865387 INFO::Fitting model to feature number 13, s__Enterorhabdus_sp_P55
2023-12-20 21:14:17.885821 INFO::Fitting model to feature number 14, s__GGB30048_SGB42949
2023-12-20 21:14:17.907388 INFO::Fitting model to feature number 15, s__Bacteria_unclassified_SGB41586
2023-12-20 21:14:17.944801 INFO::Fitting model to feature number 16, s__bacterium_0_1xD8_82
2023-12-20 21:14:17.965122 INFO::Fitting model to feature number 17, s__bacterium_1XD42_1
2023-12-20 21:14:17.987313 INFO::Fitting model to feature number 18, s__bacterium_1XD42_54
2023-12-20 21:14:18.008272 INFO::Fitting model to feature number 19, s__bacterium_1XD42_76
2023-12-20 21:14:18.028591 INFO::Fitting model to feature number 20, s__bacterium_1xD8_48
2023-12-20 21:14:18.048107 INFO::Fitting model to feature number 21, s__bacterium_D16_29
2023-12-20 21:14:18.072002 INFO::Fitting model to feature number 22, s__bacterium_D16_54
2023-12-20 21:14:18.09657 INFO::Fitting model to feature number 23, s__bacterium_D16_63
2023-12-20 21:14:18.117669 INFO::Fitting model to feature number 24, s__bacterium_D16_76
2023-12-20 21:14:18.139707 INFO::Fitting model to feature number 25, s__GGB31171_SGB44462
2023-12-20 21:14:18.160853 INFO::Fitting model to feature number 26, s__GGB28955_SGB41663
2023-12-20 21:14:18.182221 INFO::Fitting model to feature number 27, s__GGB28887_SGB41568
2023-12-20 21:14:18.202761 INFO::Fitting model to feature number 28, s__GGB28888_SGB41569
2023-12-20 21:14:18.223833 INFO::Fitting model to feature number 29, s__GGB28904_SGB41597
2023-12-20 21:14:18.243682 INFO::Fitting model to feature number 30, s__GGB28948_SGB41654
2023-12-20 21:14:18.263608 INFO::Fitting model to feature number 31, s__Bacteroidaceae_bacterium
2023-12-20 21:14:18.284395 INFO::Fitting model to feature number 32, s__Bacteroides_acidifaciens
2023-12-20 21:14:18.320686 INFO::Fitting model to feature number 33, s__Bacteroides_caecimuris
2023-12-20 21:14:18.339641 INFO::Fitting model to feature number 34, s__Bacteroides_uniformis
2023-12-20 21:14:18.360209 INFO::Fitting model to feature number 35, s__GGB28265_SGB40817
2023-12-20 21:14:18.380671 INFO::Fitting model to feature number 36, s__GGB24132_SGB35935
2023-12-20 21:14:18.400518 INFO::Fitting model to feature number 37, s__GGB24146_SGB35950
2023-12-20 21:14:18.424221 INFO::Fitting model to feature number 38, s__GGB24149_SGB35953
2023-12-20 21:14:18.445279 INFO::Fitting model to feature number 39, s__GGB27872_SGB40306
2023-12-20 21:14:18.466512 INFO::Fitting model to feature number 40, s__GGB27873_SGB40307
2023-12-20 21:14:18.487841 INFO::Fitting model to feature number 41, s__GGB27885_SGB40319
2023-12-20 21:14:18.508833 INFO::Fitting model to feature number 42, s__GGB27890_SGB40324
2023-12-20 21:14:18.530168 INFO::Fitting model to feature number 43, s__GGB27892_SGB40326
2023-12-20 21:14:18.550587 INFO::Fitting model to feature number 44, s__GGB27893_SGB40327
2023-12-20 21:14:18.572037 INFO::Fitting model to feature number 45, s__Duncaniella_dubosii
2023-12-20 21:14:18.593086 INFO::Fitting model to feature number 46, s__Duncaniella_freteri
2023-12-20 21:14:18.613722 INFO::Fitting model to feature number 47, s__Duncaniella_muris
2023-12-20 21:14:18.635213 INFO::Fitting model to feature number 48, s__GGB14013_SGB21440
2023-12-20 21:14:18.655456 INFO::Fitting model to feature number 49, s__GGB14014_SGB21441
2023-12-20 21:14:18.68886 INFO::Fitting model to feature number 50, s__GGB14022_SGB21449
2023-12-20 21:14:18.709664 INFO::Fitting model to feature number 51, s__Muribaculaceae_bacterium
2023-12-20 21:14:18.729276 INFO::Fitting model to feature number 52, s__Muribaculaceae_bacterium_Isolate_013_NCI
2023-12-20 21:14:18.74892 INFO::Fitting model to feature number 53, s__Muribaculaceae_bacterium_Isolate_110_HZI
2023-12-20 21:14:18.769735 INFO::Fitting model to feature number 54, s__Muribaculum_gordoncarteri
2023-12-20 21:14:18.794926 INFO::Fitting model to feature number 55, s__Muribaculum_intestinale
2023-12-20 21:14:18.818142 INFO::Fitting model to feature number 56, s__Paramuribaculum_intestinale
2023-12-20 21:14:18.838947 INFO::Fitting model to feature number 57, s__GGB28248_SGB40791
2023-12-20 21:14:18.859192 INFO::Fitting model to feature number 58, s__Odoribacter_sp_Z80
2023-12-20 21:14:18.881463 INFO::Fitting model to feature number 59, s__Prevotella_sp_PCJ2
2023-12-20 21:14:18.902303 INFO::Fitting model to feature number 60, s__Alistipes_sp
2023-12-20 21:14:18.923374 INFO::Fitting model to feature number 61, s__GGB24102_SGB35895
2023-12-20 21:14:18.942739 INFO::Fitting model to feature number 62, s__GGB24102_SGB40205
2023-12-20 21:14:18.962581 INFO::Fitting model to feature number 63, s__GGB27776_SGB40190
2023-12-20 21:14:18.98197 INFO::Fitting model to feature number 64, s__GGB27778_SGB40192
2023-12-20 21:14:19.00212 INFO::Fitting model to feature number 65, s__GGB27791_SGB40207
2023-12-20 21:14:19.021759 INFO::Fitting model to feature number 66, s__GGB27792_SGB40208
2023-12-20 21:14:19.052629 INFO::Fitting model to feature number 67, s__Rikenellaceae_bacterium
2023-12-20 21:14:19.074526 INFO::Fitting model to feature number 68, s__Parabacteroides_distasonis
2023-12-20 21:14:19.095224 INFO::Fitting model to feature number 69, s__Parabacteroides_goldsteinii
2023-12-20 21:14:19.115311 INFO::Fitting model to feature number 70, s__GGB31109_SGB44380
2023-12-20 21:14:19.135484 INFO::Fitting model to feature number 71, s__GGB27898_SGB40333
2023-12-20 21:14:19.155279 INFO::Fitting model to feature number 72, s__GGB14001_SGB21428
2023-12-20 21:14:19.17688 INFO::Fitting model to feature number 73, s__GGB27851_SGB40285
2023-12-20 21:14:19.197622 INFO::Fitting model to feature number 74, s__GGB23844_SGB35575
2023-12-20 21:14:19.219137 INFO::Fitting model to feature number 75, s__GGB27861_SGB40295
2023-12-20 21:14:19.240134 INFO::Fitting model to feature number 76, s__GGB27866_SGB40300
2023-12-20 21:14:19.260544 INFO::Fitting model to feature number 77, s__GGB27929_SGB40368
2023-12-20 21:14:19.28068 INFO::Fitting model to feature number 78, s__Mucispirillum_schaedleri
2023-12-20 21:14:19.301308 INFO::Fitting model to feature number 79, s__Lactobacillus_intestinalis
2023-12-20 21:14:19.321933 INFO::Fitting model to feature number 80, s__Lactobacillus_johnsonii
2023-12-20 21:14:19.341627 INFO::Fitting model to feature number 81, s__Lactobacillus_taiwanensis
2023-12-20 21:14:19.361134 INFO::Fitting model to feature number 82, s__Ligilactobacillus_murinus
2023-12-20 21:14:19.380337 INFO::Fitting model to feature number 83, s__Limosilactobacillus_reuteri
2023-12-20 21:14:19.448562 INFO::Fitting model to feature number 84, s__Streptococcus_danieliae
2023-12-20 21:14:19.470851 INFO::Fitting model to feature number 85, s__GGB31438_SGB44768
2023-12-20 21:14:19.491559 INFO::Fitting model to feature number 86, s__GGB31439_SGB44769
2023-12-20 21:14:19.515572 INFO::Fitting model to feature number 87, s__GGB31701_SGB45057
2023-12-20 21:14:19.536714 INFO::Fitting model to feature number 88, s__GGB31851_SGB45231
2023-12-20 21:14:19.558612 INFO::Fitting model to feature number 89, s__GGB31853_SGB45233
2023-12-20 21:14:19.578592 INFO::Fitting model to feature number 90, s__GGB42343_SGB59511
2023-12-20 21:14:19.604724 INFO::Fitting model to feature number 91, s__GGB42344_SGB59512
2023-12-20 21:14:19.626953 INFO::Fitting model to feature number 92, s__GGB28956_SGB41665
2023-12-20 21:14:19.646612 INFO::Fitting model to feature number 93, s__GGB28959_SGB41668
2023-12-20 21:14:19.668048 INFO::Fitting model to feature number 94, s__GGB28893_SGB41574
2023-12-20 21:14:19.689493 INFO::Fitting model to feature number 95, s__GGB28903_SGB41594
2023-12-20 21:14:19.710446 INFO::Fitting model to feature number 96, s__GGB28330_SGB40904
2023-12-20 21:14:19.731599 INFO::Fitting model to feature number 97, s__GGB28384_SGB40964
2023-12-20 21:14:19.753447 INFO::Fitting model to feature number 98, s__GGB28386_SGB40966
2023-12-20 21:14:19.775458 INFO::Fitting model to feature number 99, s__GGB28393_SGB40973
2023-12-20 21:14:19.796739 INFO::Fitting model to feature number 100, s__GGB28394_SGB40974
2023-12-20 21:14:19.819575 INFO::Fitting model to feature number 101, s__GGB28428_SGB41011
2023-12-20 21:14:19.840265 INFO::Fitting model to feature number 102, s__GGB28430_SGB41013
2023-12-20 21:14:19.874835 INFO::Fitting model to feature number 103, s__GGB28431_SGB41014
2023-12-20 21:14:19.894291 INFO::Fitting model to feature number 104, s__GGB28433_SGB41016
2023-12-20 21:14:19.914342 INFO::Fitting model to feature number 105, s__GGB28437_SGB41020
2023-12-20 21:14:19.935314 INFO::Fitting model to feature number 106, s__GGB28779_SGB41432
2023-12-20 21:14:19.956545 INFO::Fitting model to feature number 107, s__GGB28881_SGB41561
2023-12-20 21:14:19.978077 INFO::Fitting model to feature number 108, s__GGB28929_SGB41629
2023-12-20 21:14:19.999585 INFO::Fitting model to feature number 109, s__GGB28934_SGB41635
2023-12-20 21:14:20.020236 INFO::Fitting model to feature number 110, s__GGB28945_SGB41650
2023-12-20 21:14:20.041331 INFO::Fitting model to feature number 111, s__GGB28949_SGB41655
2023-12-20 21:14:20.061557 INFO::Fitting model to feature number 112, s__GGB28980_SGB41692
2023-12-20 21:14:20.081528 INFO::Fitting model to feature number 113, s__GGB28996_SGB41712
2023-12-20 21:14:20.101715 INFO::Fitting model to feature number 114, s__GGB29002_SGB41718
2023-12-20 21:14:20.122055 INFO::Fitting model to feature number 115, s__GGB29003_SGB41719
2023-12-20 21:14:20.141792 INFO::Fitting model to feature number 116, s__GGB29004_SGB41721
2023-12-20 21:14:20.162856 INFO::Fitting model to feature number 117, s__GGB29531_SGB42317
2023-12-20 21:14:20.183929 INFO::Fitting model to feature number 118, s__GGB29546_SGB42338
2023-12-20 21:14:20.204556 INFO::Fitting model to feature number 119, s__GGB30142_SGB43067
2023-12-20 21:14:20.22502 INFO::Fitting model to feature number 120, s__GGB30408_SGB43438
2023-12-20 21:14:20.259663 INFO::Fitting model to feature number 121, s__GGB28402_SGB40984
2023-12-20 21:14:20.279738 INFO::Fitting model to feature number 122, s__GGB28404_SGB40986
2023-12-20 21:14:20.300567 INFO::Fitting model to feature number 123, s__GGB28416_SGB40998
2023-12-20 21:14:20.320511 INFO::Fitting model to feature number 124, s__GGB28422_SGB41005
2023-12-20 21:14:20.340525 INFO::Fitting model to feature number 125, s__Candidatus_Arthromitus_sp_SFB_mouse
2023-12-20 21:14:20.360312 INFO::Fitting model to feature number 126, s__Clostridiaceae_bacterium
2023-12-20 21:14:20.381183 INFO::Fitting model to feature number 127, s__Clostridiaceae_unclassified_SGB41645
2023-12-20 21:14:20.401899 INFO::Fitting model to feature number 128, s__GGB28988_SGB41701
2023-12-20 21:14:20.423119 INFO::Fitting model to feature number 129, s__GGB28989_SGB41702
2023-12-20 21:14:20.453347 INFO::Fitting model to feature number 130, s__GGB30145_SGB43072
2023-12-20 21:14:20.475462 INFO::Fitting model to feature number 131, s__GGB30147_SGB43074
2023-12-20 21:14:20.495812 INFO::Fitting model to feature number 132, s__Emergencia_sp_1XD21_10
2023-12-20 21:14:20.517188 INFO::Fitting model to feature number 133, s__Clostridiales_bacterium
2023-12-20 21:14:20.537497 INFO::Fitting model to feature number 134, s__Acetatifactor_muris
2023-12-20 21:14:20.558277 INFO::Fitting model to feature number 135, s__Dorea_sp_5_2
2023-12-20 21:14:20.578946 INFO::Fitting model to feature number 136, s__GGB25041_SGB36960
2023-12-20 21:14:20.599454 INFO::Fitting model to feature number 137, s__GGB28621_SGB41239
2023-12-20 21:14:20.620026 INFO::Fitting model to feature number 138, s__GGB28763_SGB41411
2023-12-20 21:14:20.650862 INFO::Fitting model to feature number 139, s__GGB28766_SGB41417
2023-12-20 21:14:20.675126 INFO::Fitting model to feature number 140, s__GGB28769_SGB41421
2023-12-20 21:14:20.694666 INFO::Fitting model to feature number 141, s__GGB28772_SGB41425
2023-12-20 21:14:20.71663 INFO::Fitting model to feature number 142, s__GGB28790_SGB41443
2023-12-20 21:14:20.73721 INFO::Fitting model to feature number 143, s__GGB28793_SGB41446
2023-12-20 21:14:20.75817 INFO::Fitting model to feature number 144, s__GGB28798_SGB41451
2023-12-20 21:14:20.778925 INFO::Fitting model to feature number 145, s__GGB28803_SGB41457
2023-12-20 21:14:20.799414 INFO::Fitting model to feature number 146, s__GGB28807_SGB41461
2023-12-20 21:14:20.820173 INFO::Fitting model to feature number 147, s__GGB28836_SGB41496
2023-12-20 21:14:20.841627 INFO::Fitting model to feature number 148, s__GGB28841_SGB41505
2023-12-20 21:14:20.862123 INFO::Fitting model to feature number 149, s__GGB28846_SGB41513
2023-12-20 21:14:20.882583 INFO::Fitting model to feature number 150, s__GGB28849_SGB41516
2023-12-20 21:14:20.903632 INFO::Fitting model to feature number 151, s__GGB28851_SGB41518
2023-12-20 21:14:20.924098 INFO::Fitting model to feature number 152, s__GGB28861_SGB41531
2023-12-20 21:14:20.944641 INFO::Fitting model to feature number 153, s__GGB28868_SGB41542
2023-12-20 21:14:20.965284 INFO::Fitting model to feature number 154, s__GGB28869_SGB41543
2023-12-20 21:14:20.985047 INFO::Fitting model to feature number 155, s__GGB28870_SGB41546
2023-12-20 21:14:21.00539 INFO::Fitting model to feature number 156, s__GGB28870_SGB41549
2023-12-20 21:14:21.025104 INFO::Fitting model to feature number 157, s__GGB28873_SGB41553
2023-12-20 21:14:21.059444 INFO::Fitting model to feature number 158, s__GGB28875_SGB41555
2023-12-20 21:14:21.078248 INFO::Fitting model to feature number 159, s__GGB28879_SGB41559
2023-12-20 21:14:21.098963 INFO::Fitting model to feature number 160, s__GGB28916_SGB41612
2023-12-20 21:14:21.118872 INFO::Fitting model to feature number 161, s__GGB28926_SGB41623
2023-12-20 21:14:21.139842 INFO::Fitting model to feature number 162, s__GGB28927_SGB41625
2023-12-20 21:14:21.160561 INFO::Fitting model to feature number 163, s__GGB28963_SGB41672
2023-12-20 21:14:21.181036 INFO::Fitting model to feature number 164, s__GGB28968_SGB41679
2023-12-20 21:14:21.204231 INFO::Fitting model to feature number 165, s__GGB29005_SGB41723
2023-12-20 21:14:21.228594 INFO::Fitting model to feature number 166, s__GGB29006_SGB41724
2023-12-20 21:14:21.250044 INFO::Fitting model to feature number 167, s__GGB29006_SGB41725
2023-12-20 21:14:21.271388 INFO::Fitting model to feature number 168, s__Lachnospiraceae_bacterium
2023-12-20 21:14:21.293204 INFO::Fitting model to feature number 169, s__Lachnospiraceae_bacterium_28_4
2023-12-20 21:14:21.313835 INFO::Fitting model to feature number 170, s__Lachnospiraceae_bacterium_A2
2023-12-20 21:14:21.334871 INFO::Fitting model to feature number 171, s__Lachnospiraceae_bacterium_A4
2023-12-20 21:14:21.355966 INFO::Fitting model to feature number 172, s__Lachnospiraceae_bacterium_MD308
2023-12-20 21:14:21.377208 INFO::Fitting model to feature number 173, s__Lachnospiraceae_bacterium_MD335
2023-12-20 21:14:21.398688 INFO::Fitting model to feature number 174, s__Lachnospiraceae_bacterium_WCA_9_b2
2023-12-20 21:14:21.419114 INFO::Fitting model to feature number 175, s__Lachnospiraceae_unclassified_SGB41498
2023-12-20 21:14:21.453509 INFO::Fitting model to feature number 176, s__Roseburia_sp_1XD42_69
2023-12-20 21:14:21.473207 INFO::Fitting model to feature number 177, s__Schaedlerella_arabinosiphila
2023-12-20 21:14:21.493347 INFO::Fitting model to feature number 178, s__Oscillibacter_sp_1_3
2023-12-20 21:14:21.512884 INFO::Fitting model to feature number 179, s__Acutalibacter_muris
2023-12-20 21:14:21.534156 INFO::Fitting model to feature number 180, s__Anaerotruncus_colihominis
2023-12-20 21:14:21.55592 INFO::Fitting model to feature number 181, s__GGB29550_SGB42344
2023-12-20 21:14:21.57741 INFO::Fitting model to feature number 182, s__GGB30091_SGB43003
2023-12-20 21:14:21.598037 INFO::Fitting model to feature number 183, s__GGB30093_SGB43006
2023-12-20 21:14:21.619273 INFO::Fitting model to feature number 184, s__GGB30295_SGB43259
2023-12-20 21:14:21.639955 INFO::Fitting model to feature number 185, s__GGB30297_SGB43261
2023-12-20 21:14:21.660002 INFO::Fitting model to feature number 186, s__GGB30445_SGB43494
2023-12-20 21:14:21.679748 INFO::Fitting model to feature number 187, s__GGB30448_SGB43502
2023-12-20 21:14:21.700524 INFO::Fitting model to feature number 188, s__GGB30448_SGB43504
2023-12-20 21:14:21.720465 INFO::Fitting model to feature number 189, s__GGB30451_SGB43508
2023-12-20 21:14:21.740235 INFO::Fitting model to feature number 190, s__GGB30454_SGB43514
2023-12-20 21:14:21.761824 INFO::Fitting model to feature number 191, s__GGB30454_SGB43516
2023-12-20 21:14:21.782616 INFO::Fitting model to feature number 192, s__GGB30457_SGB43521
2023-12-20 21:14:21.802927 INFO::Fitting model to feature number 193, s__GGB30457_SGB43523
2023-12-20 21:14:21.835375 INFO::Fitting model to feature number 194, s__GGB30461_SGB43530
2023-12-20 21:14:21.857607 INFO::Fitting model to feature number 195, s__GGB30461_SGB43533
2023-12-20 21:14:21.878861 INFO::Fitting model to feature number 196, s__GGB30461_SGB63209
2023-12-20 21:14:21.900075 INFO::Fitting model to feature number 197, s__GGB30466_SGB43541
2023-12-20 21:14:21.920617 INFO::Fitting model to feature number 198, s__GGB30466_SGB43546
2023-12-20 21:14:21.941706 INFO::Fitting model to feature number 199, s__GGB30473_SGB43557
2023-12-20 21:14:21.962668 INFO::Fitting model to feature number 200, s__GGB30475_SGB63182
2023-12-20 21:14:21.983792 INFO::Fitting model to feature number 201, s__GGB3171_SGB4185
2023-12-20 21:14:22.009709 INFO::Fitting model to feature number 202, s__Neglecta_sp_X4
2023-12-20 21:14:22.033859 INFO::Fitting model to feature number 203, s__Pseudoflavonifractor_sp_60
2023-12-20 21:14:22.055344 INFO::Fitting model to feature number 204, s__Faecalibaculum_rodentium
2023-12-20 21:14:22.076438 INFO::Fitting model to feature number 205, s__GGB31184_SGB44478
2023-12-20 21:14:22.097446 INFO::Fitting model to feature number 206, s__Turicibacter_sp_TS3
2023-12-20 21:14:22.117841 INFO::Fitting model to feature number 207, s__Firmicutes_bacterium_ASF500
2023-12-20 21:14:22.13831 INFO::Fitting model to feature number 208, s__GGB30667_SGB43809
2023-12-20 21:14:22.158429 INFO::Fitting model to feature number 209, s__Parasutterella_excrementihominis
2023-12-20 21:14:22.177808 INFO::Fitting model to feature number 210, s__Turicimonas_muris
2023-12-20 21:14:22.197595 INFO::Fitting model to feature number 211, s__GGB28308_SGB40878
2023-12-20 21:14:22.227024 INFO::Fitting model to feature number 212, s__GGB28310_SGB40880
2023-12-20 21:14:22.253186 INFO::Fitting model to feature number 213, s__GGB28317_SGB40889
2023-12-20 21:14:22.274788 INFO::Fitting model to feature number 214, s__Helicobacter_hepaticus
2023-12-20 21:14:22.309858 INFO::Counting total values for each feature
2023-12-20 21:14:22.317589 INFO::Writing filtered data to file outputs/differential_abundance_species_metaphlan4/lmm_maaslin2/species/WT_long/features/filtered_data.tsv
2023-12-20 21:14:22.323108 INFO::Writing filtered, normalized data to file outputs/differential_abundance_species_metaphlan4/lmm_maaslin2/species/WT_long/features/filtered_data_norm.tsv
2023-12-20 21:14:22.328557 INFO::Writing filtered, normalized, transformed data to file outputs/differential_abundance_species_metaphlan4/lmm_maaslin2/species/WT_long/features/filtered_data_norm_transformed.tsv
2023-12-20 21:14:22.333849 WARNING::Deleting existing residuals file: outputs/differential_abundance_species_metaphlan4/lmm_maaslin2/species/WT_long/fits/residuals.rds
2023-12-20 21:14:22.33474 INFO::Writing residuals to file outputs/differential_abundance_species_metaphlan4/lmm_maaslin2/species/WT_long/fits/residuals.rds
2023-12-20 21:14:22.337028 WARNING::Deleting existing fitted file: outputs/differential_abundance_species_metaphlan4/lmm_maaslin2/species/WT_long/fits/fitted.rds
2023-12-20 21:14:22.337606 INFO::Writing fitted values to file outputs/differential_abundance_species_metaphlan4/lmm_maaslin2/species/WT_long/fits/fitted.rds
2023-12-20 21:14:22.339506 WARNING::Deleting existing ranef file: outputs/differential_abundance_species_metaphlan4/lmm_maaslin2/species/WT_long/fits/ranef.rds
2023-12-20 21:14:22.340086 INFO::Writing extracted random effects to file outputs/differential_abundance_species_metaphlan4/lmm_maaslin2/species/WT_long/fits/ranef.rds
2023-12-20 21:14:22.341156 INFO::Writing all results to file (ordered by increasing q-values): outputs/differential_abundance_species_metaphlan4/lmm_maaslin2/species/WT_long/all_results.tsv
2023-12-20 21:14:22.343565 INFO::Writing the significant results (those which are less than or equal to the threshold of 0.250000 ) to file (ordered by increasing q-values): outputs/differential_abundance_species_metaphlan4/lmm_maaslin2/species/WT_long/significant_results.tsv
2023-12-20 21:14:22.345381 INFO::Writing heatmap of significant results to file: outputs/differential_abundance_species_metaphlan4/lmm_maaslin2/species/WT_long/heatmap.pdf
2023-12-20 21:14:22.375718 INFO::Writing association plots (one for each significant association) to output folder: outputs/differential_abundance_species_metaphlan4/lmm_maaslin2/species/WT_long
2023-12-20 21:14:22.377914 INFO::Plotting associations from most to least significant, grouped by metadata
2023-12-20 21:14:22.37836 INFO::Plotting data for metadata number 1, trimester
2023-12-20 21:14:22.379557 INFO::Creating boxplot for categorical data, trimester vs s__Muribaculaceae_bacterium_Isolate_013_NCI
2023-12-20 21:14:22.445956 INFO::Creating boxplot for categorical data, trimester vs s__GGB27872_SGB40306
2023-12-20 21:14:22.51119 INFO::Creating boxplot for categorical data, trimester vs s__GGB27898_SGB40333
2023-12-20 21:14:22.577527 INFO::Creating boxplot for categorical data, trimester vs s__GGB27872_SGB40306
2023-12-20 21:14:22.656359 INFO::Creating boxplot for categorical data, trimester vs s__Adlercreutzia_muris
2023-12-20 21:14:22.721641 INFO::Creating boxplot for categorical data, trimester vs s__Muribaculaceae_bacterium_Isolate_013_NCI
2023-12-20 21:14:22.787138 INFO::Creating boxplot for categorical data, trimester vs s__GGB24146_SGB35950
2023-12-20 21:14:22.851991 INFO::Creating boxplot for categorical data, trimester vs s__GGB14001_SGB21428
2023-12-20 21:14:22.925088 INFO::Creating boxplot for categorical data, trimester vs s__GGB14001_SGB21428
2023-12-20 21:14:22.994062 INFO::Creating boxplot for categorical data, trimester vs s__Adlercreutzia_mucosicola
2023-12-20 21:14:23.059241 INFO::Creating boxplot for categorical data, trimester vs s__GGB24146_SGB35950
2023-12-20 21:14:23.126696 INFO::Creating boxplot for categorical data, trimester vs s__Enterorhabdus_sp_P55
2023-12-20 21:14:23.19142 INFO::Creating boxplot for categorical data, trimester vs s__GGB14013_SGB21440
2023-12-20 21:14:23.270262 INFO::Creating boxplot for categorical data, trimester vs s__GGB27898_SGB40333
2023-12-20 21:14:23.334749 INFO::Creating boxplot for categorical data, trimester vs s__GGB27776_SGB40190
2023-12-20 21:14:23.399155 INFO::Creating boxplot for categorical data, trimester vs s__Adlercreutzia_caecimuris
2023-12-20 21:14:23.464263 INFO::Creating boxplot for categorical data, trimester vs s__GGB14014_SGB21441
2023-12-20 21:14:23.528633 INFO::Creating boxplot for categorical data, trimester vs s__GGB27892_SGB40326
2023-12-20 21:14:23.605409 INFO::Creating boxplot for categorical data, trimester vs s__GGB24132_SGB35935
2023-12-20 21:14:23.677377 INFO::Creating boxplot for categorical data, trimester vs s__GGB14014_SGB21441
2023-12-20 21:14:23.742262 INFO::Creating boxplot for categorical data, trimester vs s__Parabacteroides_distasonis
2023-12-20 21:14:23.806593 INFO::Creating boxplot for categorical data, trimester vs s__GGB24149_SGB35953
2023-12-20 21:14:23.881265 INFO::Creating boxplot for categorical data, trimester vs s__Rikenellaceae_bacterium
2023-12-20 21:14:23.947908 INFO::Creating boxplot for categorical data, trimester vs s__GGB27892_SGB40326
2023-12-20 21:14:24.01206 INFO::Creating boxplot for categorical data, trimester vs s__Eggerthellaceae_bacterium
2023-12-20 21:14:24.077151 INFO::Creating boxplot for categorical data, trimester vs s__GGB27776_SGB40190
2023-12-20 21:14:24.141218 INFO::Creating boxplot for categorical data, trimester vs s__GGB14013_SGB21440
2023-12-20 21:14:24.218365 INFO::Creating boxplot for categorical data, trimester vs s__GGB24149_SGB35953
2023-12-20 21:14:24.282724 INFO::Creating boxplot for categorical data, trimester vs s__Bacteroides_uniformis
2023-12-20 21:14:24.34824 INFO::Creating boxplot for categorical data, trimester vs s__Streptococcus_danieliae
2023-12-20 21:14:24.411965 INFO::Creating boxplot for categorical data, trimester vs s__Bacteroides_acidifaciens
2023-12-20 21:14:24.475172 INFO::Creating boxplot for categorical data, trimester vs s__Bacteroides_uniformis
2023-12-20 21:14:24.553449 INFO::Creating boxplot for categorical data, trimester vs s__GGB28772_SGB41425
2023-12-20 21:14:24.617763 INFO::Creating boxplot for categorical data, trimester vs s__Muribaculum_gordoncarteri
2023-12-20 21:14:24.683149 INFO::Creating boxplot for categorical data, trimester vs s__Adlercreutzia_caecicola
2023-12-20 21:14:24.747479 INFO::Creating boxplot for categorical data, trimester vs s__GGB28766_SGB41417
2023-12-20 21:14:24.824271 INFO::Creating boxplot for categorical data, trimester vs s__GGB28956_SGB41665
2023-12-20 21:14:24.888449 INFO::Creating boxplot for categorical data, trimester vs s__Helicobacter_hepaticus
2023-12-20 21:14:24.959558 INFO::Creating boxplot for categorical data, trimester vs s__Limosilactobacillus_reuteri
2023-12-20 21:14:25.024133 INFO::Creating boxplot for categorical data, trimester vs s__GGB27893_SGB40327
2023-12-20 21:14:25.087078 INFO::Creating boxplot for categorical data, trimester vs s__Dorea_sp_5_2
2023-12-20 21:14:25.164514 INFO::Creating boxplot for categorical data, trimester vs s__GGB28849_SGB41516
2023-12-20 21:14:25.230526 INFO::Creating boxplot for categorical data, trimester vs s__Turicimonas_muris
2023-12-20 21:14:25.295818 INFO::Creating boxplot for categorical data, trimester vs s__Lachnospiraceae_bacterium
2023-12-20 21:14:25.362069 INFO::Creating boxplot for categorical data, trimester vs s__GGB27791_SGB40207
2023-12-20 21:14:25.438774 INFO::Creating boxplot for categorical data, trimester vs s__Muribaculum_intestinale
2023-12-20 21:14:25.503955 INFO::Creating boxplot for categorical data, trimester vs s__GGB30448_SGB43504
2023-12-20 21:14:25.569757 INFO::Creating boxplot for categorical data, trimester vs s__Duncaniella_muris
2023-12-20 21:14:25.63839 INFO::Creating boxplot for categorical data, trimester vs s__Turicimonas_muris
2023-12-20 21:14:25.706498 INFO::Creating boxplot for categorical data, trimester vs s__GGB28888_SGB41569
2023-12-20 21:14:25.782786 INFO::Creating boxplot for categorical data, trimester vs s__Muribaculum_gordoncarteri
2023-12-20 21:14:25.847796 INFO::Creating boxplot for categorical data, trimester vs s__GGB27893_SGB40327
2023-12-20 21:14:25.911608 INFO::Creating boxplot for categorical data, trimester vs s__GGB28980_SGB41692
2023-12-20 21:14:25.97587 INFO::Creating boxplot for categorical data, trimester vs s__GGB27851_SGB40285
2023-12-20 21:14:26.051044 INFO::Creating boxplot for categorical data, trimester vs s__GGB27851_SGB40285
2023-12-20 21:14:26.11602 INFO::Creating boxplot for categorical data, trimester vs s__GGB28893_SGB41574
2023-12-20 21:14:26.180962 INFO::Creating boxplot for categorical data, trimester vs s__GGB28904_SGB41597
2023-12-20 21:14:26.245007 INFO::Creating boxplot for categorical data, trimester vs s__GGB28330_SGB40904
2023-12-20 21:14:26.308326 INFO::Creating boxplot for categorical data, trimester vs s__Muribaculaceae_bacterium
2023-12-20 21:14:26.384557 INFO::Creating boxplot for categorical data, trimester vs s__Muribaculaceae_bacterium_Isolate_110_HZI
2023-12-20 21:14:26.45517 INFO::Creating boxplot for categorical data, trimester vs s__Clostridiaceae_bacterium
2023-12-20 21:14:26.520829 INFO::Creating boxplot for categorical data, trimester vs s__GGB28836_SGB41496
2023-12-20 21:14:26.584896 INFO::Creating boxplot for categorical data, trimester vs s__GGB29002_SGB41718
2023-12-20 21:14:26.681638 INFO::Creating boxplot for categorical data, trimester vs s__Ligilactobacillus_murinus
2023-12-20 21:14:26.747971 INFO::Creating boxplot for categorical data, trimester vs s__bacterium_1XD42_76
2023-12-20 21:14:26.812416 INFO::Creating boxplot for categorical data, trimester vs s__GGB24132_SGB35935
2023-12-20 21:14:26.87802 INFO::Creating boxplot for categorical data, trimester vs s__GGB28851_SGB41518
2023-12-20 21:14:26.942581 INFO::Creating boxplot for categorical data, trimester vs s__GGB29003_SGB41719
2023-12-20 21:14:27.022111 INFO::Creating boxplot for categorical data, trimester vs s__GGB24102_SGB40205
2023-12-20 21:14:27.086413 INFO::Creating boxplot for categorical data, trimester vs s__Parabacteroides_distasonis
2023-12-20 21:14:27.151961 INFO::Creating boxplot for categorical data, trimester vs s__Rikenellaceae_bacterium
2023-12-20 21:14:27.215831 INFO::Creating boxplot for categorical data, trimester vs s__GGB24102_SGB35895
2023-12-20 21:14:27.280207 INFO::Creating boxplot for categorical data, trimester vs s__Parabacteroides_goldsteinii
2023-12-20 21:14:27.380932 INFO::Creating boxplot for categorical data, trimester vs s__GGB28956_SGB41665
2023-12-20 21:14:27.445251 INFO::Creating boxplot for categorical data, trimester vs s__GGB28903_SGB41594
2023-12-20 21:14:27.509796 INFO::Creating boxplot for categorical data, trimester vs s__GGB30303_SGB43268
2023-12-20 21:14:27.574398 INFO::Creating boxplot for categorical data, trimester vs s__GGB27890_SGB40324
2023-12-20 21:14:27.650853 INFO::Creating boxplot for categorical data, trimester vs s__GGB28428_SGB41011
2023-12-20 21:14:27.719105 INFO::Creating boxplot for categorical data, trimester vs s__Mucispirillum_schaedleri
2023-12-20 21:14:27.783496 INFO::Creating boxplot for categorical data, trimester vs s__GGB28431_SGB41014
2023-12-20 21:14:27.847594 INFO::Creating boxplot for categorical data, trimester vs s__Alistipes_sp
2023-12-20 21:14:27.912587 INFO::Creating boxplot for categorical data, trimester vs s__GGB28875_SGB41555
2023-12-20 21:14:27.992936 INFO::Creating boxplot for categorical data, trimester vs s__GGB28955_SGB41663
2023-12-20 21:14:28.057545 INFO::Creating boxplot for categorical data, trimester vs s__GGB28870_SGB41546
2023-12-20 21:14:28.122398 INFO::Creating boxplot for categorical data, trimester vs s__GGB28870_SGB41549
2023-12-20 21:14:28.18703 INFO::Creating boxplot for categorical data, trimester vs s__Acetatifactor_muris
2023-12-20 21:14:28.25105 INFO::Creating boxplot for categorical data, trimester vs s__GGB28927_SGB41625
2023-12-20 21:14:28.333243 INFO::Creating boxplot for categorical data, trimester vs s__bacterium_0_1xD8_82
2023-12-20 21:14:28.397357 INFO::Creating boxplot for categorical data, trimester vs s__Lactobacillus_johnsonii
2023-12-20 21:14:28.461844 INFO::Creating boxplot for categorical data, trimester vs s__GGB28265_SGB40817
2023-12-20 21:14:28.5258 INFO::Creating boxplot for categorical data, trimester vs s__Duncaniella_muris
2023-12-20 21:14:28.607498 INFO::Creating boxplot for categorical data, trimester vs s__GGB28881_SGB41561
2023-12-20 21:14:28.671411 INFO::Creating boxplot for categorical data, trimester vs s__GGB29531_SGB42317
2023-12-20 21:14:28.735731 INFO::Creating boxplot for categorical data, trimester vs s__GGB30091_SGB43003
2023-12-20 21:14:28.800369 INFO::Creating boxplot for categorical data, trimester vs s__GGB28949_SGB41655
2023-12-20 21:14:28.865115 INFO::Creating boxplot for categorical data, trimester vs s__Schaedlerella_arabinosiphila
2023-12-20 21:14:28.946462 INFO::Creating boxplot for categorical data, trimester vs s__GGB29003_SGB41719
2023-12-20 21:14:29.009985 INFO::Creating boxplot for categorical data, trimester vs s__GGB28934_SGB41635
2023-12-20 21:14:29.074144 INFO::Creating boxplot for categorical data, trimester vs s__Alistipes_sp
2023-12-20 21:14:29.139094 INFO::Creating boxplot for categorical data, trimester vs s__GGB28790_SGB41443
2023-12-20 21:14:29.218926 INFO::Creating boxplot for categorical data, trimester vs s__GGB28394_SGB40974
2023-12-20 21:14:29.293756 INFO::Creating boxplot for categorical data, trimester vs s__GGB28807_SGB41461
2023-12-20 21:14:29.358135 INFO::Creating boxplot for categorical data, trimester vs s__GGB31438_SGB44768
2023-12-20 21:14:29.422729 INFO::Creating boxplot for categorical data, trimester vs s__GGB28881_SGB41561
2023-12-20 21:14:29.486527 INFO::Creating boxplot for categorical data, trimester vs s__GGB28888_SGB41569
2023-12-20 21:14:29.568333 INFO::Creating boxplot for categorical data, trimester vs s__GGB28869_SGB41543
2023-12-20 21:14:29.632456 INFO::Creating boxplot for categorical data, trimester vs s__Clostridiaceae_bacterium
2023-12-20 21:14:29.697973 INFO::Creating boxplot for categorical data, trimester vs s__GGB30048_SGB42949
2023-12-20 21:14:29.761889 INFO::Creating boxplot for categorical data, trimester vs s__GGB28929_SGB41629
2023-12-20 21:14:29.841857 INFO::Creating boxplot for categorical data, trimester vs s__GGB28416_SGB40998
2023-12-20 21:14:29.908309 INFO::Creating boxplot for categorical data, trimester vs s__GGB28948_SGB41654
2023-12-20 21:14:29.972333 INFO::Creating boxplot for categorical data, trimester vs s__GGB30466_SGB43546
2023-12-20 21:14:30.037354 INFO::Creating boxplot for categorical data, trimester vs s__bacterium_D16_76
2023-12-20 21:14:30.100613 INFO::Creating boxplot for categorical data, trimester vs s__Lachnospiraceae_bacterium_MD308
2023-12-20 21:14:30.181928 INFO::Creating boxplot for categorical data, trimester vs s__GGB30475_SGB63182
2023-12-20 21:14:30.246129 INFO::Creating boxplot for categorical data, trimester vs s__GGB14022_SGB21449
2023-12-20 21:14:30.311078 INFO::Creating boxplot for categorical data, trimester vs s__GGB28929_SGB41629
2023-12-20 21:14:30.375888 INFO::Creating boxplot for categorical data, trimester vs s__GGB28428_SGB41011
2023-12-20 21:14:30.455313 INFO::Creating boxplot for categorical data, trimester vs s__GGB30408_SGB43438
2023-12-20 21:14:30.521672 INFO::Creating boxplot for categorical data, trimester vs s__GGB30408_SGB43438
2023-12-20 21:14:30.586766 INFO::Creating boxplot for categorical data, trimester vs s__Lachnospiraceae_bacterium_A2
2023-12-20 21:14:30.65128 INFO::Creating boxplot for categorical data, trimester vs s__Lactobacillus_intestinalis
2023-12-20 21:14:30.714119 INFO::Creating boxplot for categorical data, trimester vs s__bacterium_1XD42_54
2023-12-20 21:14:30.795703 INFO::Creating boxplot for categorical data, trimester vs s__GGB27861_SGB40295
2023-12-20 21:14:30.860455 INFO::Creating boxplot for categorical data, trimester vs s__Paramuribaculum_intestinale
2023-12-20 21:14:30.924611 INFO::Creating boxplot for categorical data, trimester vs s__GGB3171_SGB4185
2023-12-20 21:14:30.988916 INFO::Creating boxplot for categorical data, trimester vs s__GGB30145_SGB43072
2023-12-20 21:14:31.070153 INFO::Creating boxplot for categorical data, trimester vs s__Bacteroides_acidifaciens
2023-12-20 21:14:31.134408 INFO::Creating boxplot for categorical data, trimester vs s__GGB28989_SGB41702
2023-12-20 21:14:31.198845 INFO::Creating boxplot for categorical data, trimester vs s__Duncaniella_dubosii
2023-12-20 21:14:31.262902 INFO::Creating boxplot for categorical data, trimester vs s__Bacteria_unclassified_SGB41586
2023-12-20 21:14:31.326859 INFO::Creating boxplot for categorical data, trimester vs s__GGB28968_SGB41679
2023-12-20 21:14:31.408411 INFO::Creating boxplot for categorical data, trimester vs s__GGB31438_SGB44768
2023-12-20 21:14:31.472303 INFO::Creating boxplot for categorical data, trimester vs s__GGB28968_SGB41679
2023-12-20 21:14:31.536639 INFO::Creating boxplot for categorical data, trimester vs s__bacterium_1XD42_76
2023-12-20 21:14:31.600474 INFO::Creating boxplot for categorical data, trimester vs s__bacterium_D16_63
2023-12-20 21:14:31.681068 INFO::Creating boxplot for categorical data, trimester vs s__Bacteroides_caecimuris
2023-12-20 21:14:31.74519 INFO::Creating boxplot for categorical data, trimester vs s__Lactobacillus_taiwanensis
2023-12-20 21:14:31.810269 INFO::Creating boxplot for categorical data, trimester vs s__GGB31851_SGB45231
2023-12-20 21:14:31.875088 INFO::Creating boxplot for categorical data, trimester vs s__GGB29550_SGB42344
2023-12-20 21:14:31.952164 INFO::Creating boxplot for categorical data, trimester vs s__GGB30297_SGB43261
2023-12-20 21:14:32.019386 INFO::Creating boxplot for categorical data, trimester vs s__Candidatus_Arthromitus_sp_SFB_mouse
2023-12-20 21:14:32.084206 INFO::Creating boxplot for categorical data, trimester vs s__GGB28766_SGB41417
2023-12-20 21:14:32.149009 INFO::Creating boxplot for categorical data, trimester vs s__GGB28926_SGB41623
2023-12-20 21:14:32.212812 INFO::Creating boxplot for categorical data, trimester vs s__GGB29005_SGB41723
2023-12-20 21:14:32.294064 INFO::Creating boxplot for categorical data, trimester vs s__Faecalibaculum_rodentium
2023-12-20 21:14:32.358616 INFO::Creating boxplot for categorical data, trimester vs s__GGB28836_SGB41496
2023-12-20 21:14:32.423637 INFO::Creating boxplot for categorical data, trimester vs s__GGB30301_SGB43265
2023-12-20 21:14:32.487534 INFO::Creating boxplot for categorical data, trimester vs s__GGB28386_SGB40966
2023-12-20 21:14:32.568657 INFO::Creating boxplot for categorical data, trimester vs s__GGB28963_SGB41672
2023-12-20 21:14:32.633522 INFO::Creating boxplot for categorical data, trimester vs s__GGB29550_SGB42344
2023-12-20 21:14:32.707361 INFO::Creating boxplot for categorical data, trimester vs s__GGB28807_SGB41461
2023-12-20 21:14:32.771224 INFO::Creating boxplot for categorical data, trimester vs s__GGB30093_SGB43006
2023-12-20 21:14:32.849408 INFO::Creating boxplot for categorical data, trimester vs s__Parabacteroides_goldsteinii
2023-12-20 21:14:32.916172 INFO::Creating boxplot for categorical data, trimester vs s__GGB28384_SGB40964
2023-12-20 21:14:32.980499 INFO::Creating boxplot for categorical data, trimester vs s__GGB23844_SGB35575
2023-12-20 21:14:33.045515 INFO::Creating boxplot for categorical data, trimester vs s__GGB28945_SGB41650
2023-12-20 21:14:33.108769 INFO::Creating boxplot for categorical data, trimester vs s__GGB28948_SGB41654
2023-12-20 21:14:33.466904 INFO::Creating boxplot for categorical data, trimester vs s__Muribaculum_intestinale
2023-12-20 21:14:33.528148 INFO::Creating boxplot for categorical data, trimester vs s__GGB27792_SGB40208
2023-12-20 21:14:33.590725 INFO::Creating boxplot for categorical data, trimester vs s__Prevotella_sp_PCJ2
2023-12-20 21:14:33.65545 INFO::Creating boxplot for categorical data, trimester vs s__Dorea_sp_5_2
2023-12-20 21:14:33.72871 INFO::Creating boxplot for categorical data, trimester vs s__GGB30466_SGB43541
2023-12-20 21:14:33.790316 INFO::Creating boxplot for categorical data, trimester vs s__GGB30457_SGB43523
2023-12-20 21:14:33.852688 INFO::Creating boxplot for categorical data, trimester vs s__GGB28308_SGB40878
2023-12-20 21:14:33.914614 INFO::Creating boxplot for categorical data, trimester vs s__GGB27778_SGB40192
2023-12-20 21:14:33.97599 INFO::Creating boxplot for categorical data, trimester vs s__GGB28793_SGB41446
2023-12-20 21:14:34.045954 INFO::Creating boxplot for categorical data, trimester vs s__GGB30295_SGB43259
2023-12-20 21:14:34.107559 INFO::Creating boxplot for categorical data, trimester vs s__GGB28904_SGB41597
2023-12-20 21:14:34.16912 INFO::Creating boxplot for categorical data, trimester vs s__GGB30451_SGB43508
2023-12-20 21:14:34.23207 INFO::Creating boxplot for categorical data, trimester vs s__Muribaculaceae_bacterium
2023-12-20 21:14:34.294163 INFO::Creating boxplot for categorical data, trimester vs s__Lachnospiraceae_bacterium_MD335
2023-12-20 21:14:34.364055 INFO::Creating boxplot for categorical data, trimester vs s__GGB30466_SGB43541
2023-12-20 21:14:34.425258 INFO::Creating boxplot for categorical data, trimester vs s__GGB28422_SGB41005
2023-12-20 21:14:34.48748 INFO::Creating boxplot for categorical data, trimester vs s__Schaedlerella_arabinosiphila
2023-12-20 21:14:34.550107 INFO::Creating boxplot for categorical data, trimester vs s__Firmicutes_bacterium_ASF500
2023-12-20 21:14:34.613211 INFO::Creating boxplot for categorical data, trimester vs s__GGB27791_SGB40207
2023-12-20 21:14:34.682286 INFO::Creating boxplot for categorical data, trimester vs s__GGB28879_SGB41559
2023-12-20 21:14:34.744274 INFO::Creating boxplot for categorical data, trimester vs s__bacterium_D16_54
2023-12-20 21:14:34.806466 INFO::Creating boxplot for categorical data, trimester vs s__Clostridiaceae_unclassified_SGB41645
2023-12-20 21:14:34.871207 INFO::Creating boxplot for categorical data, trimester vs s__GGB28404_SGB40986
2023-12-20 21:14:34.932212 INFO::Creating boxplot for categorical data, trimester vs s__Lachnospiraceae_bacterium_A4
2023-12-20 21:14:35.002192 INFO::Creating boxplot for categorical data, trimester vs s__GGB42343_SGB59511
2023-12-20 21:14:35.063687 INFO::Creating boxplot for categorical data, trimester vs s__GGB29006_SGB41725
2023-12-20 21:14:35.126431 INFO::Creating boxplot for categorical data, trimester vs s__Lachnospiraceae_unclassified_SGB41498
2023-12-20 21:14:35.18935 INFO::Creating boxplot for categorical data, trimester vs s__GGB27792_SGB40208
2023-12-20 21:14:35.259458 INFO::Creating boxplot for categorical data, trimester vs s__GGB28945_SGB41650
2023-12-20 21:14:35.321256 INFO::Creating boxplot for categorical data, trimester vs s__GGB28790_SGB41443
2023-12-20 21:14:35.382363 INFO::Creating boxplot for categorical data, trimester vs s__GGB28310_SGB40880
2023-12-20 21:14:35.444352 INFO::Creating boxplot for categorical data, trimester vs s__GGB31171_SGB44462
2023-12-20 21:14:35.506721 INFO::Creating boxplot for categorical data, trimester vs s__Odoribacter_sp_Z80
2023-12-20 21:14:35.57985 INFO::Creating boxplot for categorical data, trimester vs s__GGB28963_SGB41672
2023-12-20 21:14:35.648171 INFO::Creating boxplot for categorical data, trimester vs s__GGB28317_SGB40889
2023-12-20 21:14:35.710767 INFO::Creating boxplot for categorical data, trimester vs s__GGB28798_SGB41451
2023-12-20 21:14:35.773668 INFO::Creating boxplot for categorical data, trimester vs s__Anaerotruncus_colihominis
2023-12-20 21:14:35.836038 INFO::Creating boxplot for categorical data, trimester vs s__GGB28803_SGB41457
2023-12-20 21:14:35.906358 INFO::Creating boxplot for categorical data, trimester vs s__GGB28248_SGB40791
2023-12-20 21:14:35.967606 INFO::Creating boxplot for categorical data, trimester vs s__GGB42343_SGB59511
2023-12-20 21:14:36.02961 INFO::Creating boxplot for categorical data, trimester vs s__GGB30667_SGB43809
2023-12-20 21:14:36.0922 INFO::Creating boxplot for categorical data, trimester vs s__GGB28996_SGB41712
2023-12-20 21:14:36.162945 INFO::Creating boxplot for categorical data, trimester vs s__Acutalibacter_muris
2023-12-20 21:14:36.224534 INFO::Creating boxplot for categorical data, trimester vs s__bacterium_1xD8_48
2023-12-20 21:14:36.286854 INFO::Creating boxplot for categorical data, trimester vs s__GGB30091_SGB43003
2023-12-20 21:14:36.349145 INFO::Creating boxplot for categorical data, trimester vs s__Candidatus_Arthromitus_sp_SFB_mouse
2023-12-20 21:14:36.411747 INFO::Creating boxplot for categorical data, trimester vs s__Bacteria_unclassified_SGB41586
2023-12-20 21:14:36.482036 INFO::Creating boxplot for categorical data, trimester vs s__GGB30457_SGB43523
2023-12-20 21:14:36.544028 INFO::Creating boxplot for categorical data, trimester vs s__GGB30286_SGB43248
2023-12-20 21:14:36.60626 INFO::Creating boxplot for categorical data, trimester vs s__GGB28934_SGB41635
2023-12-20 21:14:36.667895 INFO::Creating boxplot for categorical data, trimester vs s__Clostridiaceae_unclassified_SGB41645
2023-12-20 21:14:36.730849 INFO::Creating boxplot for categorical data, trimester vs s__GGB30461_SGB43533
2023-12-20 21:14:36.800491 INFO::Creating boxplot for categorical data, trimester vs s__Lachnospiraceae_bacterium_WCA_9_b2
2023-12-20 21:14:36.863734 INFO::Creating boxplot for categorical data, trimester vs s__GGB28769_SGB41421
2023-12-20 21:14:36.926589 INFO::Creating boxplot for categorical data, trimester vs s__GGB27885_SGB40319
2023-12-20 21:14:36.989505 INFO::Creating boxplot for categorical data, trimester vs s__GGB31853_SGB45233
2023-12-20 21:14:37.0605 INFO::Creating boxplot for categorical data, trimester vs s__GGB28431_SGB41014
2023-12-20 21:14:37.121514 INFO::Creating boxplot for categorical data, trimester vs s__Emergencia_sp_1XD21_10
2023-12-20 21:14:37.183556 INFO::Creating boxplot for categorical data, trimester vs s__GGB30297_SGB43261
2023-12-20 21:14:37.245525 INFO::Creating boxplot for categorical data, trimester vs s__GGB28416_SGB40998
2023-12-20 21:14:37.307504 INFO::Creating boxplot for categorical data, trimester vs s__Faecalibaculum_rodentium
2023-12-20 21:14:37.377886 INFO::Creating boxplot for categorical data, trimester vs s__GGB28903_SGB41594
2023-12-20 21:14:37.43944 INFO::Creating boxplot for categorical data, trimester vs s__GGB28386_SGB40966
2023-12-20 21:14:37.50167 INFO::Creating boxplot for categorical data, trimester vs s__GGB29006_SGB41724
2023-12-20 21:14:37.565329 INFO::Creating boxplot for categorical data, trimester vs s__Acutalibacter_muris
2023-12-20 21:14:37.636066 INFO::Creating boxplot for categorical data, trimester vs s__GGB30286_SGB43248
2023-12-20 21:14:37.697638 INFO::Creating boxplot for categorical data, trimester vs s__Lachnospiraceae_bacterium
2023-12-20 21:14:37.762104 INFO::Creating boxplot for categorical data, trimester vs s__Lachnospiraceae_bacterium_MD335
2023-12-20 21:14:37.828715 INFO::Creating boxplot for categorical data, trimester vs s__GGB30461_SGB43533
2023-12-20 21:14:37.894778 INFO::Creating boxplot for categorical data, trimester vs s__GGB28422_SGB41005
2023-12-20 21:14:37.967277 INFO::Creating boxplot for categorical data, trimester vs s__GGB28846_SGB41513
2023-12-20 21:14:38.033239 INFO::Creating boxplot for categorical data, trimester vs s__GGB28394_SGB40974
2023-12-20 21:14:38.098668 INFO::Creating boxplot for categorical data, trimester vs s__GGB30142_SGB43067
2023-12-20 21:14:38.166001 INFO::Creating boxplot for categorical data, trimester vs s__GGB28916_SGB41612
2023-12-20 21:14:38.253002 INFO::Creating boxplot for categorical data, trimester vs s__GGB31851_SGB45231
2023-12-20 21:14:38.318733 INFO::Creating boxplot for categorical data, trimester vs s__GGB30093_SGB43006
2023-12-20 21:14:38.384025 INFO::Creating boxplot for categorical data, trimester vs s__GGB28393_SGB40973
2023-12-20 21:14:38.450505 INFO::Creating boxplot for categorical data, trimester vs s__Emergencia_sp_1XD21_10
2023-12-20 21:14:38.516285 INFO::Creating boxplot for categorical data, trimester vs s__GGB28384_SGB40964
2023-12-20 21:14:38.587256 INFO::Creating boxplot for categorical data, trimester vs s__GGB31184_SGB44478
2023-12-20 21:14:38.649157 INFO::Creating boxplot for categorical data, trimester vs s__Turicibacter_sp_TS3
2023-12-20 21:14:38.712423 INFO::Creating boxplot for categorical data, trimester vs s__Duncaniella_freteri
2023-12-20 21:14:38.774608 INFO::Creating boxplot for categorical data, trimester vs s__GGB28870_SGB41546
2023-12-20 21:14:38.847984 INFO::Creating boxplot for categorical data, trimester vs s__bacterium_D16_54
2023-12-20 21:14:38.910966 INFO::Creating boxplot for categorical data, trimester vs s__GGB27929_SGB40368
2023-12-20 21:14:38.98865 INFO::Creating boxplot for categorical data, trimester vs s__GGB28793_SGB41446
2023-12-20 21:14:39.059665 INFO::Creating boxplot for categorical data, trimester vs s__GGB28772_SGB41425
2023-12-20 21:14:39.123172 INFO::Creating boxplot for categorical data, trimester vs s__GGB30302_SGB43266
2023-12-20 21:14:39.195908 INFO::Creating boxplot for categorical data, trimester vs s__Duncaniella_freteri
2023-12-20 21:14:39.263431 INFO::Creating boxplot for categorical data, trimester vs s__GGB42344_SGB59512
2023-12-20 21:14:39.331591 INFO::Creating boxplot for categorical data, trimester vs s__GGB28763_SGB41411
2023-12-20 21:14:39.405029 INFO::Creating boxplot for categorical data, trimester vs s__GGB28949_SGB41655
2023-12-20 21:14:39.487726 INFO::Creating boxplot for categorical data, trimester vs s__Lachnospiraceae_bacterium_A4
2023-12-20 21:14:39.556544 INFO::Creating boxplot for categorical data, trimester vs s__Oscillibacter_sp_1_3
2023-12-20 21:14:39.628323 INFO::Creating boxplot for categorical data, trimester vs s__GGB28887_SGB41568
2023-12-20 21:14:39.695006 INFO::Creating boxplot for categorical data, trimester vs s__GGB29006_SGB41725
2023-12-20 21:14:39.759526 INFO::Creating boxplot for categorical data, trimester vs s__GGB27861_SGB40295
2023-12-20 21:14:39.85757 INFO::Creating boxplot for categorical data, trimester vs s__GGB28841_SGB41505
2023-12-20 21:14:39.922024 INFO::Creating boxplot for categorical data, trimester vs s__GGB30667_SGB43809
2023-12-20 21:14:39.98628 INFO::Creating boxplot for categorical data, trimester vs s__GGB27778_SGB40192
2023-12-20 21:14:40.048662 INFO::Creating boxplot for categorical data, trimester vs s__bacterium_1xD8_48
2023-12-20 21:14:40.111941 INFO::Creating boxplot for categorical data, trimester vs s__GGB27890_SGB40324
2023-12-20 21:14:40.188399 INFO::Creating boxplot for categorical data, trimester vs s__GGB28779_SGB41432
2023-12-20 21:14:40.251658 INFO::Creating boxplot for categorical data, trimester vs s__GGB24102_SGB40205
2023-12-20 21:14:40.314375 INFO::Creating boxplot for categorical data, trimester vs s__GGB30473_SGB43557
