2023-12-20 21:14:10.278761 INFO::Writing function arguments to log file
2023-12-20 21:14:10.279405 DEBUG::Function arguments
2023-12-20 21:14:10.279579 DEBUG::Output folder: outputs/differential_abundance_species_metaphlan4/lmm_maaslin2/species/BL_WTvsKO
2023-12-20 21:14:10.279733 DEBUG::Min Abundance: 0.000000
2023-12-20 21:14:10.27988 DEBUG::Min Prevalence: 0.200000
2023-12-20 21:14:10.280022 DEBUG::Normalization: NONE
2023-12-20 21:14:10.28016 DEBUG::Transform: NONE
2023-12-20 21:14:10.280295 DEBUG::Analysis method: LM
2023-12-20 21:14:10.280429 DEBUG::Max significance: 0.250000
2023-12-20 21:14:10.280563 DEBUG::Random effects:
2023-12-20 21:14:10.280696 DEBUG::Fixed effects: genotype
2023-12-20 21:14:10.280826 DEBUG::Correction method: BH
2023-12-20 21:14:10.280975 DEBUG::Standardize: TRUE
2023-12-20 21:14:10.281213 DEBUG::Cores: 1
2023-12-20 21:14:10.281505 INFO::Verifying options selected are valid
2023-12-20 21:14:10.282495 INFO::Determining format of input files
2023-12-20 21:14:10.283623 INFO::Input format is data samples as rows and metadata samples as rows
2023-12-20 21:14:10.284927 DEBUG::A total of 24 samples were found in both the data and metadata
2023-12-20 21:14:10.285105 DEBUG::Reordering data/metadata to use same sample ordering
2023-12-20 21:14:10.286166 INFO::Formula for fixed effects: expr ~  genotype
2023-12-20 21:14:10.286894 INFO::Filter data based on min abundance and min prevalence
2023-12-20 21:14:10.287301 INFO::Total samples in data: 24
2023-12-20 21:14:10.287689 INFO::Min samples required with min abundance for a feature not to be filtered: 4.800000
2023-12-20 21:14:10.289214 INFO::Total filtered features: 18
2023-12-20 21:14:10.289862 INFO::Filtered feature names from abundance and prevalence filtering: s__Adlercreutzia_muris, s__Eggerthellaceae_bacterium, s__bacterium_1XD21_70, s__bacterium_1xD8_6, s__GGB28901_SGB41592, s__Staphylococcus_xylosus, s__Streptococcus_danieliae, s__GGB42579_SGB59774, s__GGB28955_SGB41664, s__GGB28430_SGB41013, s__GGB28632_SGB41253, s__GGB28946_SGB41652, s__GGB28828_SGB41484, s__Lachnospiraceae_unclassified_SGB41511, s__Anaerotruncus_colihominis, s__GGB30295_SGB43259, s__GGB30296_SGB43260, s__Escherichia_coli
2023-12-20 21:14:10.29265 INFO::Total filtered features with variance filtering: 0
2023-12-20 21:14:10.293598 INFO::Filtered feature names from variance filtering:
2023-12-20 21:14:10.294196 INFO::Running selected normalization method: NONE
2023-12-20 21:14:10.294755 INFO::Applying z-score to standardize continuous metadata
2023-12-20 21:14:10.29961 INFO::Running selected transform method: NONE
2023-12-20 21:14:10.300131 INFO::Running selected analysis method: LM
2023-12-20 21:14:10.300648 INFO::Fitting model to feature number 1, s__GGB30286_SGB43248
2023-12-20 21:14:10.303474 INFO::Fitting model to feature number 2, s__GGB30301_SGB43265
2023-12-20 21:14:10.304911 INFO::Fitting model to feature number 3, s__GGB30302_SGB43266
2023-12-20 21:14:10.306114 INFO::Fitting model to feature number 4, s__GGB30302_SGB43267
2023-12-20 21:14:10.307197 INFO::Fitting model to feature number 5, s__GGB30303_SGB43268
2023-12-20 21:14:10.308264 INFO::Fitting model to feature number 6, s__GGB30413_SGB43452
2023-12-20 21:14:10.30945 INFO::Fitting model to feature number 7, s__Atopobiaceae_bacterium_FL090493
2023-12-20 21:14:10.310665 INFO::Fitting model to feature number 8, s__Adlercreutzia_caecicola
2023-12-20 21:14:10.311821 INFO::Fitting model to feature number 9, s__Adlercreutzia_caecimuris
2023-12-20 21:14:10.313054 INFO::Fitting model to feature number 10, s__Adlercreutzia_mucosicola
2023-12-20 21:14:10.314323 INFO::Fitting model to feature number 11, s__Enterorhabdus_sp_P55
2023-12-20 21:14:10.315534 INFO::Fitting model to feature number 12, s__GGB30048_SGB42949
2023-12-20 21:14:10.317588 INFO::Fitting model to feature number 13, s__Bacteria_unclassified_SGB41586
2023-12-20 21:14:10.319653 INFO::Fitting model to feature number 14, s__bacterium_0_1xD8_82
2023-12-20 21:14:10.320911 INFO::Fitting model to feature number 15, s__bacterium_1XD42_1
2023-12-20 21:14:10.32237 INFO::Fitting model to feature number 16, s__bacterium_1XD42_54
2023-12-20 21:14:10.324025 INFO::Fitting model to feature number 17, s__bacterium_1XD42_76
2023-12-20 21:14:10.325832 INFO::Fitting model to feature number 18, s__bacterium_1xD8_48
2023-12-20 21:14:10.327691 INFO::Fitting model to feature number 19, s__bacterium_D16_29
2023-12-20 21:14:10.328816 INFO::Fitting model to feature number 20, s__bacterium_D16_54
2023-12-20 21:14:10.34043 INFO::Fitting model to feature number 21, s__bacterium_D16_63
2023-12-20 21:14:10.342305 INFO::Fitting model to feature number 22, s__bacterium_D16_76
2023-12-20 21:14:10.343893 INFO::Fitting model to feature number 23, s__GGB31171_SGB44462
2023-12-20 21:14:10.345431 INFO::Fitting model to feature number 24, s__GGB28955_SGB41663
2023-12-20 21:14:10.347659 INFO::Fitting model to feature number 25, s__GGB28887_SGB41568
2023-12-20 21:14:10.349159 INFO::Fitting model to feature number 26, s__GGB28888_SGB41569
2023-12-20 21:14:10.350321 INFO::Fitting model to feature number 27, s__GGB28904_SGB41597
2023-12-20 21:14:10.351694 INFO::Fitting model to feature number 28, s__GGB28948_SGB41654
2023-12-20 21:14:10.353058 INFO::Fitting model to feature number 29, s__Bacteroidaceae_bacterium
2023-12-20 21:14:10.354302 INFO::Fitting model to feature number 30, s__Bacteroides_acidifaciens
2023-12-20 21:14:10.355583 INFO::Fitting model to feature number 31, s__Bacteroides_caecimuris
2023-12-20 21:14:10.356763 INFO::Fitting model to feature number 32, s__Bacteroides_uniformis
2023-12-20 21:14:10.358064 INFO::Fitting model to feature number 33, s__GGB28265_SGB40817
2023-12-20 21:14:10.359679 INFO::Fitting model to feature number 34, s__GGB24132_SGB35935
2023-12-20 21:14:10.361107 INFO::Fitting model to feature number 35, s__GGB24146_SGB35950
2023-12-20 21:14:10.362316 INFO::Fitting model to feature number 36, s__GGB24149_SGB35953
2023-12-20 21:14:10.363527 INFO::Fitting model to feature number 37, s__GGB27872_SGB40306
2023-12-20 21:14:10.364624 INFO::Fitting model to feature number 38, s__GGB27873_SGB40307
2023-12-20 21:14:10.365706 INFO::Fitting model to feature number 39, s__GGB27885_SGB40319
2023-12-20 21:14:10.367048 INFO::Fitting model to feature number 40, s__GGB27890_SGB40324
2023-12-20 21:14:10.368824 INFO::Fitting model to feature number 41, s__GGB27892_SGB40326
2023-12-20 21:14:10.370029 INFO::Fitting model to feature number 42, s__GGB27893_SGB40327
2023-12-20 21:14:10.371223 INFO::Fitting model to feature number 43, s__Duncaniella_dubosii
2023-12-20 21:14:10.372357 INFO::Fitting model to feature number 44, s__Duncaniella_freteri
2023-12-20 21:14:10.373681 INFO::Fitting model to feature number 45, s__Duncaniella_muris
2023-12-20 21:14:10.374953 INFO::Fitting model to feature number 46, s__GGB14013_SGB21440
2023-12-20 21:14:10.376114 INFO::Fitting model to feature number 47, s__GGB14014_SGB21441
2023-12-20 21:14:10.377275 INFO::Fitting model to feature number 48, s__GGB14022_SGB21449
2023-12-20 21:14:10.378535 INFO::Fitting model to feature number 49, s__Muribaculaceae_bacterium
2023-12-20 21:14:10.380151 INFO::Fitting model to feature number 50, s__Muribaculaceae_bacterium_Isolate_013_NCI
2023-12-20 21:14:10.381694 INFO::Fitting model to feature number 51, s__Muribaculaceae_bacterium_Isolate_110_HZI
2023-12-20 21:14:10.38295 INFO::Fitting model to feature number 52, s__Muribaculum_gordoncarteri
2023-12-20 21:14:10.384165 INFO::Fitting model to feature number 53, s__Muribaculum_intestinale
2023-12-20 21:14:10.385302 INFO::Fitting model to feature number 54, s__Paramuribaculum_intestinale
2023-12-20 21:14:10.386524 INFO::Fitting model to feature number 55, s__GGB28248_SGB40791
2023-12-20 21:14:10.38773 INFO::Fitting model to feature number 56, s__Odoribacter_sp_Z80
2023-12-20 21:14:10.389295 INFO::Fitting model to feature number 57, s__Prevotella_sp_PCJ2
2023-12-20 21:14:10.390559 INFO::Fitting model to feature number 58, s__Alistipes_sp
2023-12-20 21:14:10.391639 INFO::Fitting model to feature number 59, s__GGB24102_SGB35895
2023-12-20 21:14:10.392746 INFO::Fitting model to feature number 60, s__GGB24102_SGB40205
2023-12-20 21:14:10.39402 INFO::Fitting model to feature number 61, s__GGB27776_SGB40190
2023-12-20 21:14:10.395367 INFO::Fitting model to feature number 62, s__GGB27778_SGB40192
2023-12-20 21:14:10.396524 INFO::Fitting model to feature number 63, s__GGB27791_SGB40207
2023-12-20 21:14:10.397768 INFO::Fitting model to feature number 64, s__GGB27792_SGB40208
2023-12-20 21:14:10.398897 INFO::Fitting model to feature number 65, s__Rikenellaceae_bacterium
2023-12-20 21:14:10.400196 INFO::Fitting model to feature number 66, s__Parabacteroides_distasonis
2023-12-20 21:14:10.401958 INFO::Fitting model to feature number 67, s__Parabacteroides_goldsteinii
2023-12-20 21:14:10.403205 INFO::Fitting model to feature number 68, s__GGB31109_SGB44380
2023-12-20 21:14:10.404341 INFO::Fitting model to feature number 69, s__GGB27898_SGB40333
2023-12-20 21:14:10.405658 INFO::Fitting model to feature number 70, s__GGB14001_SGB21428
2023-12-20 21:14:10.406764 INFO::Fitting model to feature number 71, s__GGB27851_SGB40285
2023-12-20 21:14:10.40789 INFO::Fitting model to feature number 72, s__GGB23844_SGB35575
2023-12-20 21:14:10.409571 INFO::Fitting model to feature number 73, s__GGB27861_SGB40295
2023-12-20 21:14:10.410983 INFO::Fitting model to feature number 74, s__GGB27866_SGB40300
2023-12-20 21:14:10.412094 INFO::Fitting model to feature number 75, s__GGB27929_SGB40368
2023-12-20 21:14:10.413286 INFO::Fitting model to feature number 76, s__Mucispirillum_schaedleri
2023-12-20 21:14:10.41441 INFO::Fitting model to feature number 77, s__Lactobacillus_intestinalis
2023-12-20 21:14:10.415508 INFO::Fitting model to feature number 78, s__Lactobacillus_johnsonii
2023-12-20 21:14:10.416733 INFO::Fitting model to feature number 79, s__Lactobacillus_taiwanensis
2023-12-20 21:14:10.417869 INFO::Fitting model to feature number 80, s__Ligilactobacillus_murinus
2023-12-20 21:14:10.419009 INFO::Fitting model to feature number 81, s__Limosilactobacillus_reuteri
2023-12-20 21:14:10.420296 INFO::Fitting model to feature number 82, s__GGB31438_SGB44768
2023-12-20 21:14:10.421774 INFO::Fitting model to feature number 83, s__GGB31439_SGB44769
2023-12-20 21:14:10.423504 INFO::Fitting model to feature number 84, s__GGB31701_SGB45057
2023-12-20 21:14:10.42477 INFO::Fitting model to feature number 85, s__GGB31851_SGB45231
2023-12-20 21:14:10.425902 INFO::Fitting model to feature number 86, s__GGB31853_SGB45233
2023-12-20 21:14:10.427101 INFO::Fitting model to feature number 87, s__GGB42343_SGB59511
2023-12-20 21:14:10.428342 INFO::Fitting model to feature number 88, s__GGB42344_SGB59512
2023-12-20 21:14:10.429647 INFO::Fitting model to feature number 89, s__GGB28956_SGB41665
2023-12-20 21:14:10.431083 INFO::Fitting model to feature number 90, s__GGB28959_SGB41668
2023-12-20 21:14:10.432257 INFO::Fitting model to feature number 91, s__GGB28893_SGB41574
2023-12-20 21:14:10.433349 INFO::Fitting model to feature number 92, s__GGB28903_SGB41594
2023-12-20 21:14:10.434538 INFO::Fitting model to feature number 93, s__GGB28330_SGB40904
2023-12-20 21:14:10.43586 INFO::Fitting model to feature number 94, s__GGB28384_SGB40964
2023-12-20 21:14:10.437027 INFO::Fitting model to feature number 95, s__GGB28386_SGB40966
2023-12-20 21:14:10.438197 INFO::Fitting model to feature number 96, s__GGB28393_SGB40973
2023-12-20 21:14:10.439564 INFO::Fitting model to feature number 97, s__GGB28394_SGB40974
2023-12-20 21:14:10.441006 INFO::Fitting model to feature number 98, s__GGB28428_SGB41011
2023-12-20 21:14:10.442409 INFO::Fitting model to feature number 99, s__GGB28431_SGB41014
2023-12-20 21:14:10.443977 INFO::Fitting model to feature number 100, s__GGB28433_SGB41016
2023-12-20 21:14:10.445132 INFO::Fitting model to feature number 101, s__GGB28437_SGB41020
2023-12-20 21:14:10.446316 INFO::Fitting model to feature number 102, s__GGB28779_SGB41432
2023-12-20 21:14:10.44746 INFO::Fitting model to feature number 103, s__GGB28881_SGB41561
2023-12-20 21:14:10.448537 INFO::Fitting model to feature number 104, s__GGB28929_SGB41629
2023-12-20 21:14:10.449667 INFO::Fitting model to feature number 105, s__GGB28934_SGB41635
2023-12-20 21:14:10.45165 INFO::Fitting model to feature number 106, s__GGB28945_SGB41650
2023-12-20 21:14:10.453134 INFO::Fitting model to feature number 107, s__GGB28949_SGB41655
2023-12-20 21:14:10.454332 INFO::Fitting model to feature number 108, s__GGB28980_SGB41692
2023-12-20 21:14:10.455673 INFO::Fitting model to feature number 109, s__GGB28996_SGB41712
2023-12-20 21:14:10.456975 INFO::Fitting model to feature number 110, s__GGB29002_SGB41718
2023-12-20 21:14:10.458204 INFO::Fitting model to feature number 111, s__GGB29003_SGB41719
2023-12-20 21:14:10.4594 INFO::Fitting model to feature number 112, s__GGB29004_SGB41721
2023-12-20 21:14:10.460538 INFO::Fitting model to feature number 113, s__GGB29531_SGB42317
2023-12-20 21:14:10.461862 INFO::Fitting model to feature number 114, s__GGB29546_SGB42338
2023-12-20 21:14:10.463358 INFO::Fitting model to feature number 115, s__GGB30142_SGB43067
2023-12-20 21:14:10.464517 INFO::Fitting model to feature number 116, s__GGB30408_SGB43438
2023-12-20 21:14:10.465707 INFO::Fitting model to feature number 117, s__GGB28402_SGB40984
2023-12-20 21:14:10.466983 INFO::Fitting model to feature number 118, s__GGB28404_SGB40986
2023-12-20 21:14:10.468078 INFO::Fitting model to feature number 119, s__GGB28416_SGB40998
2023-12-20 21:14:10.469533 INFO::Fitting model to feature number 120, s__GGB28422_SGB41005
2023-12-20 21:14:10.471294 INFO::Fitting model to feature number 121, s__Candidatus_Arthromitus_sp_SFB_mouse
2023-12-20 21:14:10.472998 INFO::Fitting model to feature number 122, s__Clostridiaceae_bacterium
2023-12-20 21:14:10.474832 INFO::Fitting model to feature number 123, s__Clostridiaceae_unclassified_SGB41645
2023-12-20 21:14:10.476052 INFO::Fitting model to feature number 124, s__GGB28988_SGB41701
2023-12-20 21:14:10.477168 INFO::Fitting model to feature number 125, s__GGB28989_SGB41702
2023-12-20 21:14:10.478319 INFO::Fitting model to feature number 126, s__GGB30145_SGB43072
2023-12-20 21:14:10.479918 INFO::Fitting model to feature number 127, s__GGB30147_SGB43074
2023-12-20 21:14:10.481292 INFO::Fitting model to feature number 128, s__Emergencia_sp_1XD21_10
2023-12-20 21:14:10.482372 INFO::Fitting model to feature number 129, s__Clostridiales_bacterium
2023-12-20 21:14:10.483728 INFO::Fitting model to feature number 130, s__Acetatifactor_muris
2023-12-20 21:14:10.484963 INFO::Fitting model to feature number 131, s__Dorea_sp_5_2
2023-12-20 21:14:10.486159 INFO::Fitting model to feature number 132, s__GGB25041_SGB36960
2023-12-20 21:14:10.487493 INFO::Fitting model to feature number 133, s__GGB28621_SGB41239
2023-12-20 21:14:10.48943 INFO::Fitting model to feature number 134, s__GGB28763_SGB41411
2023-12-20 21:14:10.490863 INFO::Fitting model to feature number 135, s__GGB28766_SGB41417
2023-12-20 21:14:10.492076 INFO::Fitting model to feature number 136, s__GGB28769_SGB41421
2023-12-20 21:14:10.493156 INFO::Fitting model to feature number 137, s__GGB28772_SGB41425
2023-12-20 21:14:10.494216 INFO::Fitting model to feature number 138, s__GGB28790_SGB41443
2023-12-20 21:14:10.495305 INFO::Fitting model to feature number 139, s__GGB28793_SGB41446
2023-12-20 21:14:10.49637 INFO::Fitting model to feature number 140, s__GGB28798_SGB41451
2023-12-20 21:14:10.49747 INFO::Fitting model to feature number 141, s__GGB28803_SGB41457
2023-12-20 21:14:10.498734 INFO::Fitting model to feature number 142, s__GGB28807_SGB41461
2023-12-20 21:14:10.500707 INFO::Fitting model to feature number 143, s__GGB28836_SGB41496
2023-12-20 21:14:10.50214 INFO::Fitting model to feature number 144, s__GGB28841_SGB41505
2023-12-20 21:14:10.503382 INFO::Fitting model to feature number 145, s__GGB28846_SGB41513
2023-12-20 21:14:10.504555 INFO::Fitting model to feature number 146, s__GGB28849_SGB41516
2023-12-20 21:14:10.50567 INFO::Fitting model to feature number 147, s__GGB28851_SGB41518
2023-12-20 21:14:10.506859 INFO::Fitting model to feature number 148, s__GGB28861_SGB41531
2023-12-20 21:14:10.508295 INFO::Fitting model to feature number 149, s__GGB28868_SGB41542
2023-12-20 21:14:10.509485 INFO::Fitting model to feature number 150, s__GGB28869_SGB41543
2023-12-20 21:14:10.51073 INFO::Fitting model to feature number 151, s__GGB28870_SGB41546
2023-12-20 21:14:10.511822 INFO::Fitting model to feature number 152, s__GGB28870_SGB41549
2023-12-20 21:14:10.512904 INFO::Fitting model to feature number 153, s__GGB28873_SGB41553
2023-12-20 21:14:10.514072 INFO::Fitting model to feature number 154, s__GGB28875_SGB41555
2023-12-20 21:14:10.515168 INFO::Fitting model to feature number 155, s__GGB28879_SGB41559
2023-12-20 21:14:10.516259 INFO::Fitting model to feature number 156, s__GGB28916_SGB41612
2023-12-20 21:14:10.517516 INFO::Fitting model to feature number 157, s__GGB28926_SGB41623
2023-12-20 21:14:10.518824 INFO::Fitting model to feature number 158, s__GGB28927_SGB41625
2023-12-20 21:14:10.520029 INFO::Fitting model to feature number 159, s__GGB28963_SGB41672
2023-12-20 21:14:10.521569 INFO::Fitting model to feature number 160, s__GGB28968_SGB41679
2023-12-20 21:14:10.522895 INFO::Fitting model to feature number 161, s__GGB29005_SGB41723
2023-12-20 21:14:10.523994 INFO::Fitting model to feature number 162, s__GGB29006_SGB41724
2023-12-20 21:14:10.525237 INFO::Fitting model to feature number 163, s__GGB29006_SGB41725
2023-12-20 21:14:10.527111 INFO::Fitting model to feature number 164, s__Lachnospiraceae_bacterium
2023-12-20 21:14:10.528725 INFO::Fitting model to feature number 165, s__Lachnospiraceae_bacterium_28_4
2023-12-20 21:14:10.529953 INFO::Fitting model to feature number 166, s__Lachnospiraceae_bacterium_A2
2023-12-20 21:14:10.531041 INFO::Fitting model to feature number 167, s__Lachnospiraceae_bacterium_A4
2023-12-20 21:14:10.532221 INFO::Fitting model to feature number 168, s__Lachnospiraceae_bacterium_MD308
2023-12-20 21:14:10.533449 INFO::Fitting model to feature number 169, s__Lachnospiraceae_bacterium_MD335
2023-12-20 21:14:10.53456 INFO::Fitting model to feature number 170, s__Lachnospiraceae_bacterium_WCA_9_b2
2023-12-20 21:14:10.535706 INFO::Fitting model to feature number 171, s__Lachnospiraceae_unclassified_SGB41498
2023-12-20 21:14:10.536923 INFO::Fitting model to feature number 172, s__Roseburia_sp_1XD42_69
2023-12-20 21:14:10.538325 INFO::Fitting model to feature number 173, s__Schaedlerella_arabinosiphila
2023-12-20 21:14:10.539607 INFO::Fitting model to feature number 174, s__Oscillibacter_sp_1_3
2023-12-20 21:14:10.541534 INFO::Fitting model to feature number 175, s__Romboutsia_ilealis
2023-12-20 21:14:10.542917 INFO::Fitting model to feature number 176, s__Acutalibacter_muris
2023-12-20 21:14:10.54415 INFO::Fitting model to feature number 177, s__GGB29550_SGB42344
2023-12-20 21:14:10.545517 INFO::Fitting model to feature number 178, s__GGB30091_SGB43003
2023-12-20 21:14:10.546662 INFO::Fitting model to feature number 179, s__GGB30093_SGB43006
2023-12-20 21:14:10.548061 INFO::Fitting model to feature number 180, s__GGB30290_SGB43252
2023-12-20 21:14:10.549553 INFO::Fitting model to feature number 181, s__GGB30297_SGB43261
2023-12-20 21:14:10.550629 INFO::Fitting model to feature number 182, s__GGB30444_SGB43493
2023-12-20 21:14:10.551674 INFO::Fitting model to feature number 183, s__GGB30445_SGB43494
2023-12-20 21:14:10.552856 INFO::Fitting model to feature number 184, s__GGB30448_SGB43502
2023-12-20 21:14:10.55393 INFO::Fitting model to feature number 185, s__GGB30448_SGB43504
2023-12-20 21:14:10.55498 INFO::Fitting model to feature number 186, s__GGB30451_SGB43508
2023-12-20 21:14:10.556273 INFO::Fitting model to feature number 187, s__GGB30454_SGB43514
2023-12-20 21:14:10.557533 INFO::Fitting model to feature number 188, s__GGB30454_SGB43516
2023-12-20 21:14:10.558724 INFO::Fitting model to feature number 189, s__GGB30457_SGB43521
2023-12-20 21:14:10.559949 INFO::Fitting model to feature number 190, s__GGB30457_SGB43523
2023-12-20 21:14:10.561342 INFO::Fitting model to feature number 191, s__GGB30461_SGB43530
2023-12-20 21:14:10.562739 INFO::Fitting model to feature number 192, s__GGB30461_SGB43533
2023-12-20 21:14:10.563939 INFO::Fitting model to feature number 193, s__GGB30461_SGB63209
2023-12-20 21:14:10.565072 INFO::Fitting model to feature number 194, s__GGB30466_SGB43541
2023-12-20 21:14:10.566275 INFO::Fitting model to feature number 195, s__GGB30466_SGB43544
2023-12-20 21:14:10.567489 INFO::Fitting model to feature number 196, s__GGB30466_SGB43546
2023-12-20 21:14:10.568891 INFO::Fitting model to feature number 197, s__GGB30473_SGB43557
2023-12-20 21:14:10.570158 INFO::Fitting model to feature number 198, s__GGB30475_SGB63182
2023-12-20 21:14:10.571314 INFO::Fitting model to feature number 199, s__GGB3171_SGB4185
2023-12-20 21:14:10.572371 INFO::Fitting model to feature number 200, s__Neglecta_sp_X4
2023-12-20 21:14:10.573565 INFO::Fitting model to feature number 201, s__Pseudoflavonifractor_sp_60
2023-12-20 21:14:10.574819 INFO::Fitting model to feature number 202, s__Faecalibaculum_rodentium
2023-12-20 21:14:10.575935 INFO::Fitting model to feature number 203, s__GGB31184_SGB44478
2023-12-20 21:14:10.577162 INFO::Fitting model to feature number 204, s__Turicibacter_sp_TS3
2023-12-20 21:14:10.578563 INFO::Fitting model to feature number 205, s__Firmicutes_bacterium_ASF500
2023-12-20 21:14:10.579795 INFO::Fitting model to feature number 206, s__GGB30667_SGB43809
2023-12-20 21:14:10.581023 INFO::Fitting model to feature number 207, s__Parasutterella_excrementihominis
2023-12-20 21:14:10.582565 INFO::Fitting model to feature number 208, s__Turicimonas_muris
2023-12-20 21:14:10.58397 INFO::Fitting model to feature number 209, s__GGB28308_SGB40878
2023-12-20 21:14:10.585051 INFO::Fitting model to feature number 210, s__GGB28310_SGB40880
2023-12-20 21:14:10.586189 INFO::Fitting model to feature number 211, s__GGB28317_SGB40889
2023-12-20 21:14:10.587309 INFO::Fitting model to feature number 212, s__Helicobacter_hepaticus
2023-12-20 21:14:10.598802 INFO::Counting total values for each feature
2023-12-20 21:14:10.605643 INFO::Writing filtered data to file outputs/differential_abundance_species_metaphlan4/lmm_maaslin2/species/BL_WTvsKO/features/filtered_data.tsv
2023-12-20 21:14:10.612127 INFO::Writing filtered, normalized data to file outputs/differential_abundance_species_metaphlan4/lmm_maaslin2/species/BL_WTvsKO/features/filtered_data_norm.tsv
2023-12-20 21:14:10.617783 INFO::Writing filtered, normalized, transformed data to file outputs/differential_abundance_species_metaphlan4/lmm_maaslin2/species/BL_WTvsKO/features/filtered_data_norm_transformed.tsv
2023-12-20 21:14:10.62238 WARNING::Deleting existing residuals file: outputs/differential_abundance_species_metaphlan4/lmm_maaslin2/species/BL_WTvsKO/fits/residuals.rds
2023-12-20 21:14:10.623079 INFO::Writing residuals to file outputs/differential_abundance_species_metaphlan4/lmm_maaslin2/species/BL_WTvsKO/fits/residuals.rds
2023-12-20 21:14:10.624727 WARNING::Deleting existing fitted file: outputs/differential_abundance_species_metaphlan4/lmm_maaslin2/species/BL_WTvsKO/fits/fitted.rds
2023-12-20 21:14:10.625325 INFO::Writing fitted values to file outputs/differential_abundance_species_metaphlan4/lmm_maaslin2/species/BL_WTvsKO/fits/fitted.rds
2023-12-20 21:14:10.626246 INFO::Writing all results to file (ordered by increasing q-values): outputs/differential_abundance_species_metaphlan4/lmm_maaslin2/species/BL_WTvsKO/all_results.tsv
2023-12-20 21:14:10.6286 INFO::Writing the significant results (those which are less than or equal to the threshold of 0.250000 ) to file (ordered by increasing q-values): outputs/differential_abundance_species_metaphlan4/lmm_maaslin2/species/BL_WTvsKO/significant_results.tsv
2023-12-20 21:14:10.629741 INFO::Writing heatmap of significant results to file: outputs/differential_abundance_species_metaphlan4/lmm_maaslin2/species/BL_WTvsKO/heatmap.pdf
2023-12-20 21:14:10.630495 INFO::Writing association plots (one for each significant association) to output folder: outputs/differential_abundance_species_metaphlan4/lmm_maaslin2/species/BL_WTvsKO
