2023-12-20 21:14:11.512694 INFO::Writing function arguments to log file
2023-12-20 21:14:11.513919 DEBUG::Function arguments
2023-12-20 21:14:11.514245 DEBUG::Output folder: outputs/differential_abundance_species_metaphlan4/lmm_maaslin2/species/w3_WTvsKO
2023-12-20 21:14:11.514526 DEBUG::Min Abundance: 0.000000
2023-12-20 21:14:11.514797 DEBUG::Min Prevalence: 0.200000
2023-12-20 21:14:11.515054 DEBUG::Normalization: NONE
2023-12-20 21:14:11.515306 DEBUG::Transform: NONE
2023-12-20 21:14:11.515552 DEBUG::Analysis method: LM
2023-12-20 21:14:11.515798 DEBUG::Max significance: 0.250000
2023-12-20 21:14:11.516044 DEBUG::Random effects:
2023-12-20 21:14:11.516292 DEBUG::Fixed effects: genotype
2023-12-20 21:14:11.516532 DEBUG::Correction method: BH
2023-12-20 21:14:11.516776 DEBUG::Standardize: TRUE
2023-12-20 21:14:11.517061 DEBUG::Cores: 1
2023-12-20 21:14:11.517299 INFO::Verifying options selected are valid
2023-12-20 21:14:11.518403 INFO::Determining format of input files
2023-12-20 21:14:11.519316 INFO::Input format is data samples as rows and metadata samples as rows
2023-12-20 21:14:11.52131 DEBUG::A total of 24 samples were found in both the data and metadata
2023-12-20 21:14:11.52186 DEBUG::Reordering data/metadata to use same sample ordering
2023-12-20 21:14:11.523628 INFO::Formula for fixed effects: expr ~  genotype
2023-12-20 21:14:11.524673 INFO::Filter data based on min abundance and min prevalence
2023-12-20 21:14:11.525425 INFO::Total samples in data: 24
2023-12-20 21:14:11.526231 INFO::Min samples required with min abundance for a feature not to be filtered: 4.800000
2023-12-20 21:14:11.528684 INFO::Total filtered features: 14
2023-12-20 21:14:11.529369 INFO::Filtered feature names from abundance and prevalence filtering: s__bacterium_1XD21_70, s__Staphylococcus_xylosus, s__GGB42579_SGB59774, s__GGB28430_SGB41013, s__GGB28632_SGB41253, s__GGB28946_SGB41652, s__GGB28828_SGB41484, s__Lachnospiraceae_unclassified_SGB41511, s__GGB30290_SGB43252, s__GGB30296_SGB43260, s__GGB30444_SGB43493, s__GGB30466_SGB43544, s__GGB30667_SGB43809, s__Escherichia_coli
2023-12-20 21:14:11.531945 INFO::Total filtered features with variance filtering: 0
2023-12-20 21:14:11.532496 INFO::Filtered feature names from variance filtering:
2023-12-20 21:14:11.532825 INFO::Running selected normalization method: NONE
2023-12-20 21:14:11.53314 INFO::Applying z-score to standardize continuous metadata
2023-12-20 21:14:11.53764 INFO::Running selected transform method: NONE
2023-12-20 21:14:11.538372 INFO::Running selected analysis method: LM
2023-12-20 21:14:11.539304 INFO::Fitting model to feature number 1, s__GGB30286_SGB43248
2023-12-20 21:14:11.541239 INFO::Fitting model to feature number 2, s__GGB30301_SGB43265
2023-12-20 21:14:11.542919 INFO::Fitting model to feature number 3, s__GGB30302_SGB43266
2023-12-20 21:14:11.544534 INFO::Fitting model to feature number 4, s__GGB30302_SGB43267
2023-12-20 21:14:11.54615 INFO::Fitting model to feature number 5, s__GGB30303_SGB43268
2023-12-20 21:14:11.547708 INFO::Fitting model to feature number 6, s__GGB30413_SGB43452
2023-12-20 21:14:11.549392 INFO::Fitting model to feature number 7, s__Atopobiaceae_bacterium_FL090493
2023-12-20 21:14:11.551455 INFO::Fitting model to feature number 8, s__Adlercreutzia_caecicola
2023-12-20 21:14:11.553719 INFO::Fitting model to feature number 9, s__Adlercreutzia_caecimuris
2023-12-20 21:14:11.556403 INFO::Fitting model to feature number 10, s__Adlercreutzia_mucosicola
2023-12-20 21:14:11.558107 INFO::Fitting model to feature number 11, s__Adlercreutzia_muris
2023-12-20 21:14:11.559511 INFO::Fitting model to feature number 12, s__Eggerthellaceae_bacterium
2023-12-20 21:14:11.561201 INFO::Fitting model to feature number 13, s__Enterorhabdus_sp_P55
2023-12-20 21:14:11.563004 INFO::Fitting model to feature number 14, s__GGB30048_SGB42949
2023-12-20 21:14:11.564487 INFO::Fitting model to feature number 15, s__Bacteria_unclassified_SGB41586
2023-12-20 21:14:11.565926 INFO::Fitting model to feature number 16, s__bacterium_0_1xD8_82
2023-12-20 21:14:11.567446 INFO::Fitting model to feature number 17, s__bacterium_1XD42_1
2023-12-20 21:14:11.568754 INFO::Fitting model to feature number 18, s__bacterium_1XD42_54
2023-12-20 21:14:11.570421 INFO::Fitting model to feature number 19, s__bacterium_1XD42_76
2023-12-20 21:14:11.571892 INFO::Fitting model to feature number 20, s__bacterium_1xD8_48
2023-12-20 21:14:11.573065 INFO::Fitting model to feature number 21, s__bacterium_1xD8_6
2023-12-20 21:14:11.574849 INFO::Fitting model to feature number 22, s__bacterium_D16_29
2023-12-20 21:14:11.57669 INFO::Fitting model to feature number 23, s__bacterium_D16_54
2023-12-20 21:14:11.577995 INFO::Fitting model to feature number 24, s__bacterium_D16_63
2023-12-20 21:14:11.579257 INFO::Fitting model to feature number 25, s__bacterium_D16_76
2023-12-20 21:14:11.580381 INFO::Fitting model to feature number 26, s__GGB31171_SGB44462
2023-12-20 21:14:11.581646 INFO::Fitting model to feature number 27, s__GGB28955_SGB41663
2023-12-20 21:14:11.582969 INFO::Fitting model to feature number 28, s__GGB28887_SGB41568
2023-12-20 21:14:11.584244 INFO::Fitting model to feature number 29, s__GGB28888_SGB41569
2023-12-20 21:14:11.585548 INFO::Fitting model to feature number 30, s__GGB28901_SGB41592
2023-12-20 21:14:11.586935 INFO::Fitting model to feature number 31, s__GGB28904_SGB41597
2023-12-20 21:14:11.58838 INFO::Fitting model to feature number 32, s__GGB28948_SGB41654
2023-12-20 21:14:11.590104 INFO::Fitting model to feature number 33, s__Bacteroidaceae_bacterium
2023-12-20 21:14:11.591966 INFO::Fitting model to feature number 34, s__Bacteroides_acidifaciens
2023-12-20 21:14:11.593258 INFO::Fitting model to feature number 35, s__Bacteroides_caecimuris
2023-12-20 21:14:11.594351 INFO::Fitting model to feature number 36, s__Bacteroides_uniformis
2023-12-20 21:14:11.595594 INFO::Fitting model to feature number 37, s__GGB28265_SGB40817
2023-12-20 21:14:11.597059 INFO::Fitting model to feature number 38, s__GGB24132_SGB35935
2023-12-20 21:14:11.598247 INFO::Fitting model to feature number 39, s__GGB24146_SGB35950
2023-12-20 21:14:11.59944 INFO::Fitting model to feature number 40, s__GGB24149_SGB35953
2023-12-20 21:14:11.600612 INFO::Fitting model to feature number 41, s__GGB27872_SGB40306
2023-12-20 21:14:11.601868 INFO::Fitting model to feature number 42, s__GGB27873_SGB40307
2023-12-20 21:14:11.603552 INFO::Fitting model to feature number 43, s__GGB27885_SGB40319
2023-12-20 21:14:11.605172 INFO::Fitting model to feature number 44, s__GGB27890_SGB40324
2023-12-20 21:14:11.606337 INFO::Fitting model to feature number 45, s__GGB27892_SGB40326
2023-12-20 21:14:11.607611 INFO::Fitting model to feature number 46, s__GGB27893_SGB40327
2023-12-20 21:14:11.608824 INFO::Fitting model to feature number 47, s__Duncaniella_dubosii
2023-12-20 21:14:11.620497 INFO::Fitting model to feature number 48, s__Duncaniella_freteri
2023-12-20 21:14:11.622923 INFO::Fitting model to feature number 49, s__Duncaniella_muris
2023-12-20 21:14:11.624777 INFO::Fitting model to feature number 50, s__GGB14013_SGB21440
2023-12-20 21:14:11.626239 INFO::Fitting model to feature number 51, s__GGB14014_SGB21441
2023-12-20 21:14:11.62775 INFO::Fitting model to feature number 52, s__GGB14022_SGB21449
2023-12-20 21:14:11.629246 INFO::Fitting model to feature number 53, s__Muribaculaceae_bacterium
2023-12-20 21:14:11.630914 INFO::Fitting model to feature number 54, s__Muribaculaceae_bacterium_Isolate_013_NCI
2023-12-20 21:14:11.63264 INFO::Fitting model to feature number 55, s__Muribaculaceae_bacterium_Isolate_110_HZI
2023-12-20 21:14:11.63398 INFO::Fitting model to feature number 56, s__Muribaculum_gordoncarteri
2023-12-20 21:14:11.635592 INFO::Fitting model to feature number 57, s__Muribaculum_intestinale
2023-12-20 21:14:11.637002 INFO::Fitting model to feature number 58, s__Paramuribaculum_intestinale
2023-12-20 21:14:11.638584 INFO::Fitting model to feature number 59, s__GGB28248_SGB40791
2023-12-20 21:14:11.640261 INFO::Fitting model to feature number 60, s__Odoribacter_sp_Z80
2023-12-20 21:14:11.641554 INFO::Fitting model to feature number 61, s__Prevotella_sp_PCJ2
2023-12-20 21:14:11.642769 INFO::Fitting model to feature number 62, s__Alistipes_sp
2023-12-20 21:14:11.643953 INFO::Fitting model to feature number 63, s__GGB24102_SGB35895
2023-12-20 21:14:11.645597 INFO::Fitting model to feature number 64, s__GGB24102_SGB40205
2023-12-20 21:14:11.646976 INFO::Fitting model to feature number 65, s__GGB27776_SGB40190
2023-12-20 21:14:11.648172 INFO::Fitting model to feature number 66, s__GGB27778_SGB40192
2023-12-20 21:14:11.649446 INFO::Fitting model to feature number 67, s__GGB27791_SGB40207
2023-12-20 21:14:11.65094 INFO::Fitting model to feature number 68, s__GGB27792_SGB40208
2023-12-20 21:14:11.652566 INFO::Fitting model to feature number 69, s__Rikenellaceae_bacterium
2023-12-20 21:14:11.653916 INFO::Fitting model to feature number 70, s__Parabacteroides_distasonis
2023-12-20 21:14:11.655324 INFO::Fitting model to feature number 71, s__Parabacteroides_goldsteinii
2023-12-20 21:14:11.656625 INFO::Fitting model to feature number 72, s__GGB31109_SGB44380
2023-12-20 21:14:11.657984 INFO::Fitting model to feature number 73, s__GGB27898_SGB40333
2023-12-20 21:14:11.659918 INFO::Fitting model to feature number 74, s__GGB14001_SGB21428
2023-12-20 21:14:11.661265 INFO::Fitting model to feature number 75, s__GGB27851_SGB40285
2023-12-20 21:14:11.662495 INFO::Fitting model to feature number 76, s__GGB23844_SGB35575
2023-12-20 21:14:11.663658 INFO::Fitting model to feature number 77, s__GGB27861_SGB40295
2023-12-20 21:14:11.664832 INFO::Fitting model to feature number 78, s__GGB27866_SGB40300
2023-12-20 21:14:11.666522 INFO::Fitting model to feature number 79, s__GGB27929_SGB40368
2023-12-20 21:14:11.668001 INFO::Fitting model to feature number 80, s__Mucispirillum_schaedleri
2023-12-20 21:14:11.669437 INFO::Fitting model to feature number 81, s__Lactobacillus_intestinalis
2023-12-20 21:14:11.671497 INFO::Fitting model to feature number 82, s__Lactobacillus_johnsonii
2023-12-20 21:14:11.672987 INFO::Fitting model to feature number 83, s__Lactobacillus_taiwanensis
2023-12-20 21:14:11.674221 INFO::Fitting model to feature number 84, s__Ligilactobacillus_murinus
2023-12-20 21:14:11.675459 INFO::Fitting model to feature number 85, s__Limosilactobacillus_reuteri
2023-12-20 21:14:11.676763 INFO::Fitting model to feature number 86, s__Streptococcus_danieliae
2023-12-20 21:14:11.67827 INFO::Fitting model to feature number 87, s__GGB31438_SGB44768
2023-12-20 21:14:11.680736 INFO::Fitting model to feature number 88, s__GGB31439_SGB44769
2023-12-20 21:14:11.68209 INFO::Fitting model to feature number 89, s__GGB31701_SGB45057
2023-12-20 21:14:11.683204 INFO::Fitting model to feature number 90, s__GGB31851_SGB45231
2023-12-20 21:14:11.684459 INFO::Fitting model to feature number 91, s__GGB31853_SGB45233
2023-12-20 21:14:11.685847 INFO::Fitting model to feature number 92, s__GGB42343_SGB59511
2023-12-20 21:14:11.687307 INFO::Fitting model to feature number 93, s__GGB42344_SGB59512
2023-12-20 21:14:11.689201 INFO::Fitting model to feature number 94, s__GGB28955_SGB41664
2023-12-20 21:14:11.690691 INFO::Fitting model to feature number 95, s__GGB28956_SGB41665
2023-12-20 21:14:11.691932 INFO::Fitting model to feature number 96, s__GGB28959_SGB41668
2023-12-20 21:14:11.69361 INFO::Fitting model to feature number 97, s__GGB28893_SGB41574
2023-12-20 21:14:11.695403 INFO::Fitting model to feature number 98, s__GGB28903_SGB41594
2023-12-20 21:14:11.696519 INFO::Fitting model to feature number 99, s__GGB28330_SGB40904
2023-12-20 21:14:11.697671 INFO::Fitting model to feature number 100, s__GGB28384_SGB40964
2023-12-20 21:14:11.698729 INFO::Fitting model to feature number 101, s__GGB28386_SGB40966
2023-12-20 21:14:11.699942 INFO::Fitting model to feature number 102, s__GGB28393_SGB40973
2023-12-20 21:14:11.701639 INFO::Fitting model to feature number 103, s__GGB28394_SGB40974
2023-12-20 21:14:11.703185 INFO::Fitting model to feature number 104, s__GGB28428_SGB41011
2023-12-20 21:14:11.704304 INFO::Fitting model to feature number 105, s__GGB28431_SGB41014
2023-12-20 21:14:11.705602 INFO::Fitting model to feature number 106, s__GGB28433_SGB41016
2023-12-20 21:14:11.706847 INFO::Fitting model to feature number 107, s__GGB28437_SGB41020
2023-12-20 21:14:11.707969 INFO::Fitting model to feature number 108, s__GGB28779_SGB41432
2023-12-20 21:14:11.709123 INFO::Fitting model to feature number 109, s__GGB28881_SGB41561
2023-12-20 21:14:11.710219 INFO::Fitting model to feature number 110, s__GGB28929_SGB41629
2023-12-20 21:14:11.711387 INFO::Fitting model to feature number 111, s__GGB28934_SGB41635
2023-12-20 21:14:11.713009 INFO::Fitting model to feature number 112, s__GGB28945_SGB41650
2023-12-20 21:14:11.714161 INFO::Fitting model to feature number 113, s__GGB28949_SGB41655
2023-12-20 21:14:11.715231 INFO::Fitting model to feature number 114, s__GGB28980_SGB41692
2023-12-20 21:14:11.716402 INFO::Fitting model to feature number 115, s__GGB28996_SGB41712
2023-12-20 21:14:11.717484 INFO::Fitting model to feature number 116, s__GGB29002_SGB41718
2023-12-20 21:14:11.718561 INFO::Fitting model to feature number 117, s__GGB29003_SGB41719
2023-12-20 21:14:11.719766 INFO::Fitting model to feature number 118, s__GGB29004_SGB41721
2023-12-20 21:14:11.720887 INFO::Fitting model to feature number 119, s__GGB29531_SGB42317
2023-12-20 21:14:11.722049 INFO::Fitting model to feature number 120, s__GGB29546_SGB42338
2023-12-20 21:14:11.723782 INFO::Fitting model to feature number 121, s__GGB30142_SGB43067
2023-12-20 21:14:11.725178 INFO::Fitting model to feature number 122, s__GGB30408_SGB43438
2023-12-20 21:14:11.726331 INFO::Fitting model to feature number 123, s__GGB28402_SGB40984
2023-12-20 21:14:11.727668 INFO::Fitting model to feature number 124, s__GGB28404_SGB40986
2023-12-20 21:14:11.729638 INFO::Fitting model to feature number 125, s__GGB28416_SGB40998
2023-12-20 21:14:11.730918 INFO::Fitting model to feature number 126, s__GGB28422_SGB41005
2023-12-20 21:14:11.732096 INFO::Fitting model to feature number 127, s__Candidatus_Arthromitus_sp_SFB_mouse
2023-12-20 21:14:11.73322 INFO::Fitting model to feature number 128, s__Clostridiaceae_bacterium
2023-12-20 21:14:11.734337 INFO::Fitting model to feature number 129, s__Clostridiaceae_unclassified_SGB41645
2023-12-20 21:14:11.735505 INFO::Fitting model to feature number 130, s__GGB28988_SGB41701
2023-12-20 21:14:11.736653 INFO::Fitting model to feature number 131, s__GGB28989_SGB41702
2023-12-20 21:14:11.737766 INFO::Fitting model to feature number 132, s__GGB30145_SGB43072
2023-12-20 21:14:11.739071 INFO::Fitting model to feature number 133, s__GGB30147_SGB43074
2023-12-20 21:14:11.740627 INFO::Fitting model to feature number 134, s__Emergencia_sp_1XD21_10
2023-12-20 21:14:11.742106 INFO::Fitting model to feature number 135, s__Clostridiales_bacterium
2023-12-20 21:14:11.743921 INFO::Fitting model to feature number 136, s__Acetatifactor_muris
2023-12-20 21:14:11.745248 INFO::Fitting model to feature number 137, s__Dorea_sp_5_2
2023-12-20 21:14:11.74639 INFO::Fitting model to feature number 138, s__GGB25041_SGB36960
2023-12-20 21:14:11.747561 INFO::Fitting model to feature number 139, s__GGB28621_SGB41239
2023-12-20 21:14:11.748796 INFO::Fitting model to feature number 140, s__GGB28763_SGB41411
2023-12-20 21:14:11.750398 INFO::Fitting model to feature number 141, s__GGB28766_SGB41417
2023-12-20 21:14:11.751626 INFO::Fitting model to feature number 142, s__GGB28769_SGB41421
2023-12-20 21:14:11.75272 INFO::Fitting model to feature number 143, s__GGB28772_SGB41425
2023-12-20 21:14:11.753792 INFO::Fitting model to feature number 144, s__GGB28790_SGB41443
2023-12-20 21:14:11.755021 INFO::Fitting model to feature number 145, s__GGB28793_SGB41446
2023-12-20 21:14:11.756387 INFO::Fitting model to feature number 146, s__GGB28798_SGB41451
2023-12-20 21:14:11.757605 INFO::Fitting model to feature number 147, s__GGB28803_SGB41457
2023-12-20 21:14:11.758837 INFO::Fitting model to feature number 148, s__GGB28807_SGB41461
2023-12-20 21:14:11.760011 INFO::Fitting model to feature number 149, s__GGB28836_SGB41496
2023-12-20 21:14:11.76125 INFO::Fitting model to feature number 150, s__GGB28841_SGB41505
2023-12-20 21:14:11.762943 INFO::Fitting model to feature number 151, s__GGB28846_SGB41513
2023-12-20 21:14:11.764111 INFO::Fitting model to feature number 152, s__GGB28849_SGB41516
2023-12-20 21:14:11.765238 INFO::Fitting model to feature number 153, s__GGB28851_SGB41518
2023-12-20 21:14:11.766475 INFO::Fitting model to feature number 154, s__GGB28861_SGB41531
2023-12-20 21:14:11.767514 INFO::Fitting model to feature number 155, s__GGB28868_SGB41542
2023-12-20 21:14:11.768616 INFO::Fitting model to feature number 156, s__GGB28869_SGB41543
2023-12-20 21:14:11.770044 INFO::Fitting model to feature number 157, s__GGB28870_SGB41546
2023-12-20 21:14:11.771397 INFO::Fitting model to feature number 158, s__GGB28870_SGB41549
2023-12-20 21:14:11.772466 INFO::Fitting model to feature number 159, s__GGB28873_SGB41553
2023-12-20 21:14:11.773614 INFO::Fitting model to feature number 160, s__GGB28875_SGB41555
2023-12-20 21:14:11.774712 INFO::Fitting model to feature number 161, s__GGB28879_SGB41559
2023-12-20 21:14:11.7758 INFO::Fitting model to feature number 162, s__GGB28916_SGB41612
2023-12-20 21:14:11.777096 INFO::Fitting model to feature number 163, s__GGB28926_SGB41623
2023-12-20 21:14:11.778293 INFO::Fitting model to feature number 164, s__GGB28927_SGB41625
2023-12-20 21:14:11.779487 INFO::Fitting model to feature number 165, s__GGB28963_SGB41672
2023-12-20 21:14:11.781059 INFO::Fitting model to feature number 166, s__GGB28968_SGB41679
2023-12-20 21:14:11.782272 INFO::Fitting model to feature number 167, s__GGB29005_SGB41723
2023-12-20 21:14:11.783686 INFO::Fitting model to feature number 168, s__GGB29006_SGB41724
2023-12-20 21:14:11.785549 INFO::Fitting model to feature number 169, s__GGB29006_SGB41725
2023-12-20 21:14:11.786853 INFO::Fitting model to feature number 170, s__Lachnospiraceae_bacterium
2023-12-20 21:14:11.787948 INFO::Fitting model to feature number 171, s__Lachnospiraceae_bacterium_28_4
2023-12-20 21:14:11.78913 INFO::Fitting model to feature number 172, s__Lachnospiraceae_bacterium_A2
2023-12-20 21:14:11.790237 INFO::Fitting model to feature number 173, s__Lachnospiraceae_bacterium_A4
2023-12-20 21:14:11.791323 INFO::Fitting model to feature number 174, s__Lachnospiraceae_bacterium_MD308
2023-12-20 21:14:11.792484 INFO::Fitting model to feature number 175, s__Lachnospiraceae_bacterium_MD335
2023-12-20 21:14:11.793597 INFO::Fitting model to feature number 176, s__Lachnospiraceae_bacterium_WCA_9_b2
2023-12-20 21:14:11.794708 INFO::Fitting model to feature number 177, s__Lachnospiraceae_unclassified_SGB41498
2023-12-20 21:14:11.795944 INFO::Fitting model to feature number 178, s__Roseburia_sp_1XD42_69
2023-12-20 21:14:11.7975 INFO::Fitting model to feature number 179, s__Schaedlerella_arabinosiphila
2023-12-20 21:14:11.799107 INFO::Fitting model to feature number 180, s__Oscillibacter_sp_1_3
2023-12-20 21:14:11.800369 INFO::Fitting model to feature number 181, s__Romboutsia_ilealis
2023-12-20 21:14:11.80151 INFO::Fitting model to feature number 182, s__Acutalibacter_muris
2023-12-20 21:14:11.802704 INFO::Fitting model to feature number 183, s__Anaerotruncus_colihominis
2023-12-20 21:14:11.804206 INFO::Fitting model to feature number 184, s__GGB29550_SGB42344
2023-12-20 21:14:11.805741 INFO::Fitting model to feature number 185, s__GGB30091_SGB43003
2023-12-20 21:14:11.807136 INFO::Fitting model to feature number 186, s__GGB30093_SGB43006
2023-12-20 21:14:11.808453 INFO::Fitting model to feature number 187, s__GGB30295_SGB43259
2023-12-20 21:14:11.809605 INFO::Fitting model to feature number 188, s__GGB30297_SGB43261
2023-12-20 21:14:11.811199 INFO::Fitting model to feature number 189, s__GGB30445_SGB43494
2023-12-20 21:14:11.812539 INFO::Fitting model to feature number 190, s__GGB30448_SGB43502
2023-12-20 21:14:11.813859 INFO::Fitting model to feature number 191, s__GGB30448_SGB43504
2023-12-20 21:14:11.815036 INFO::Fitting model to feature number 192, s__GGB30451_SGB43508
2023-12-20 21:14:11.816632 INFO::Fitting model to feature number 193, s__GGB30454_SGB43514
2023-12-20 21:14:11.818404 INFO::Fitting model to feature number 194, s__GGB30454_SGB43516
2023-12-20 21:14:11.822544 INFO::Fitting model to feature number 195, s__GGB30457_SGB43521
2023-12-20 21:14:11.824006 INFO::Fitting model to feature number 196, s__GGB30457_SGB43523
2023-12-20 21:14:11.825625 INFO::Fitting model to feature number 197, s__GGB30461_SGB43530
2023-12-20 21:14:11.827735 INFO::Fitting model to feature number 198, s__GGB30461_SGB43533
2023-12-20 21:14:11.829344 INFO::Fitting model to feature number 199, s__GGB30461_SGB63209
2023-12-20 21:14:11.830496 INFO::Fitting model to feature number 200, s__GGB30466_SGB43541
2023-12-20 21:14:11.831657 INFO::Fitting model to feature number 201, s__GGB30466_SGB43546
2023-12-20 21:14:11.833121 INFO::Fitting model to feature number 202, s__GGB30473_SGB43557
2023-12-20 21:14:11.834697 INFO::Fitting model to feature number 203, s__GGB30475_SGB63182
2023-12-20 21:14:11.835838 INFO::Fitting model to feature number 204, s__GGB3171_SGB4185
2023-12-20 21:14:11.837072 INFO::Fitting model to feature number 205, s__Neglecta_sp_X4
2023-12-20 21:14:11.838339 INFO::Fitting model to feature number 206, s__Pseudoflavonifractor_sp_60
2023-12-20 21:14:11.839693 INFO::Fitting model to feature number 207, s__Faecalibaculum_rodentium
2023-12-20 21:14:11.84143 INFO::Fitting model to feature number 208, s__GGB31184_SGB44478
2023-12-20 21:14:11.843081 INFO::Fitting model to feature number 209, s__Turicibacter_sp_TS3
2023-12-20 21:14:11.844325 INFO::Fitting model to feature number 210, s__Firmicutes_bacterium_ASF500
2023-12-20 21:14:11.845716 INFO::Fitting model to feature number 211, s__Parasutterella_excrementihominis
2023-12-20 21:14:11.847898 INFO::Fitting model to feature number 212, s__Turicimonas_muris
2023-12-20 21:14:11.849388 INFO::Fitting model to feature number 213, s__GGB28308_SGB40878
2023-12-20 21:14:11.850593 INFO::Fitting model to feature number 214, s__GGB28310_SGB40880
2023-12-20 21:14:11.851766 INFO::Fitting model to feature number 215, s__GGB28317_SGB40889
2023-12-20 21:14:11.852905 INFO::Fitting model to feature number 216, s__Helicobacter_hepaticus
2023-12-20 21:14:11.865125 INFO::Counting total values for each feature
2023-12-20 21:14:11.869416 INFO::Writing filtered data to file outputs/differential_abundance_species_metaphlan4/lmm_maaslin2/species/w3_WTvsKO/features/filtered_data.tsv
2023-12-20 21:14:11.874204 INFO::Writing filtered, normalized data to file outputs/differential_abundance_species_metaphlan4/lmm_maaslin2/species/w3_WTvsKO/features/filtered_data_norm.tsv
2023-12-20 21:14:11.878458 INFO::Writing filtered, normalized, transformed data to file outputs/differential_abundance_species_metaphlan4/lmm_maaslin2/species/w3_WTvsKO/features/filtered_data_norm_transformed.tsv
2023-12-20 21:14:11.883124 WARNING::Deleting existing residuals file: outputs/differential_abundance_species_metaphlan4/lmm_maaslin2/species/w3_WTvsKO/fits/residuals.rds
2023-12-20 21:14:11.884183 INFO::Writing residuals to file outputs/differential_abundance_species_metaphlan4/lmm_maaslin2/species/w3_WTvsKO/fits/residuals.rds
2023-12-20 21:14:11.885934 WARNING::Deleting existing fitted file: outputs/differential_abundance_species_metaphlan4/lmm_maaslin2/species/w3_WTvsKO/fits/fitted.rds
2023-12-20 21:14:11.886536 INFO::Writing fitted values to file outputs/differential_abundance_species_metaphlan4/lmm_maaslin2/species/w3_WTvsKO/fits/fitted.rds
2023-12-20 21:14:11.887567 INFO::Writing all results to file (ordered by increasing q-values): outputs/differential_abundance_species_metaphlan4/lmm_maaslin2/species/w3_WTvsKO/all_results.tsv
2023-12-20 21:14:11.889598 INFO::Writing the significant results (those which are less than or equal to the threshold of 0.250000 ) to file (ordered by increasing q-values): outputs/differential_abundance_species_metaphlan4/lmm_maaslin2/species/w3_WTvsKO/significant_results.tsv
2023-12-20 21:14:11.891229 INFO::Writing heatmap of significant results to file: outputs/differential_abundance_species_metaphlan4/lmm_maaslin2/species/w3_WTvsKO/heatmap.pdf
2023-12-20 21:14:11.892893 INFO::Writing association plots (one for each significant association) to output folder: outputs/differential_abundance_species_metaphlan4/lmm_maaslin2/species/w3_WTvsKO
2023-12-20 21:14:11.894919 INFO::Plotting associations from most to least significant, grouped by metadata
2023-12-20 21:14:11.895674 INFO::Plotting data for metadata number 1, genotype
2023-12-20 21:14:11.896822 INFO::Creating boxplot for categorical data, genotype vs s__Parabacteroides_distasonis
2023-12-20 21:14:11.967264 INFO::Creating boxplot for categorical data, genotype vs s__GGB28849_SGB41516
2023-12-20 21:14:12.038891 INFO::Creating boxplot for categorical data, genotype vs s__bacterium_1XD42_54
2023-12-20 21:14:12.105722 INFO::Creating boxplot for categorical data, genotype vs s__bacterium_1XD42_76
2023-12-20 21:14:12.170228 INFO::Creating boxplot for categorical data, genotype vs s__GGB24146_SGB35950
2023-12-20 21:14:12.229237 INFO::Creating boxplot for categorical data, genotype vs s__GGB24149_SGB35953
2023-12-20 21:14:12.287546 INFO::Creating boxplot for categorical data, genotype vs s__GGB27890_SGB40324
2023-12-20 21:14:12.396542 INFO::Creating boxplot for categorical data, genotype vs s__GGB27893_SGB40327
2023-12-20 21:14:12.462499 INFO::Creating boxplot for categorical data, genotype vs s__GGB14013_SGB21440
2023-12-20 21:14:12.530204 INFO::Creating boxplot for categorical data, genotype vs s__GGB24102_SGB40205
2023-12-20 21:14:12.592245 INFO::Creating boxplot for categorical data, genotype vs s__GGB27776_SGB40190
2023-12-20 21:14:12.651788 INFO::Creating boxplot for categorical data, genotype vs s__GGB27791_SGB40207
2023-12-20 21:14:12.724616 INFO::Creating boxplot for categorical data, genotype vs s__GGB24132_SGB35935
2023-12-20 21:14:12.784758 INFO::Creating boxplot for categorical data, genotype vs s__GGB27898_SGB40333
2023-12-20 21:14:12.845405 INFO::Creating boxplot for categorical data, genotype vs s__Clostridiaceae_bacterium
2023-12-20 21:14:12.906431 INFO::Creating boxplot for categorical data, genotype vs s__GGB3171_SGB4185
2023-12-20 21:14:12.965511 INFO::Creating boxplot for categorical data, genotype vs s__Turicibacter_sp_TS3
2023-12-20 21:14:13.037917 INFO::Creating boxplot for categorical data, genotype vs s__GGB28790_SGB41443
2023-12-20 21:14:13.101464 INFO::Creating boxplot for categorical data, genotype vs s__Adlercreutzia_caecicola
2023-12-20 21:14:13.166052 INFO::Creating boxplot for categorical data, genotype vs s__Duncaniella_muris
2023-12-20 21:14:13.225814 INFO::Creating boxplot for categorical data, genotype vs s__GGB14022_SGB21449
2023-12-20 21:14:13.285557 INFO::Creating boxplot for categorical data, genotype vs s__Ligilactobacillus_murinus
2023-12-20 21:14:13.357361 INFO::Creating boxplot for categorical data, genotype vs s__GGB28807_SGB41461
2023-12-20 21:14:13.418228 INFO::Creating boxplot for categorical data, genotype vs s__Odoribacter_sp_Z80
2023-12-20 21:14:13.478556 INFO::Creating boxplot for categorical data, genotype vs s__GGB30091_SGB43003
2023-12-20 21:14:13.538233 INFO::Creating boxplot for categorical data, genotype vs s__Muribaculaceae_bacterium_Isolate_013_NCI
2023-12-20 21:14:13.598003 INFO::Creating boxplot for categorical data, genotype vs s__GGB28904_SGB41597
2023-12-20 21:14:13.668316 INFO::Creating boxplot for categorical data, genotype vs s__GGB27872_SGB40306
2023-12-20 21:14:13.729387 INFO::Creating boxplot for categorical data, genotype vs s__Muribaculaceae_bacterium_Isolate_110_HZI
2023-12-20 21:14:13.79008 INFO::Creating boxplot for categorical data, genotype vs s__Muribaculum_intestinale
2023-12-20 21:14:13.850998 INFO::Creating boxplot for categorical data, genotype vs s__GGB29003_SGB41719
2023-12-20 21:14:13.910384 INFO::Creating boxplot for categorical data, genotype vs s__GGB28846_SGB41513
2023-12-20 21:14:13.980308 INFO::Creating boxplot for categorical data, genotype vs s__Lachnospiraceae_bacterium
2023-12-20 21:14:14.04697 INFO::Creating boxplot for categorical data, genotype vs s__GGB30408_SGB43438
2023-12-20 21:14:14.107934 INFO::Creating boxplot for categorical data, genotype vs s__Rikenellaceae_bacterium
2023-12-20 21:14:14.167155 INFO::Creating boxplot for categorical data, genotype vs s__GGB28881_SGB41561
2023-12-20 21:14:14.230121 INFO::Creating boxplot for categorical data, genotype vs s__GGB28968_SGB41679
2023-12-20 21:14:14.299775 INFO::Creating boxplot for categorical data, genotype vs s__GGB28308_SGB40878
2023-12-20 21:14:14.362361 INFO::Creating boxplot for categorical data, genotype vs s__GGB28955_SGB41663
2023-12-20 21:14:14.431914 INFO::Creating boxplot for categorical data, genotype vs s__Bacteroides_acidifaciens
2023-12-20 21:14:14.491958 INFO::Creating boxplot for categorical data, genotype vs s__GGB27792_SGB40208
2023-12-20 21:14:14.552978 INFO::Creating boxplot for categorical data, genotype vs s__GGB14001_SGB21428
2023-12-20 21:14:14.624932 INFO::Creating boxplot for categorical data, genotype vs s__GGB28927_SGB41625
2023-12-20 21:14:14.687536 INFO::Creating boxplot for categorical data, genotype vs s__GGB30302_SGB43266
2023-12-20 21:14:14.747198 INFO::Creating boxplot for categorical data, genotype vs s__GGB31851_SGB45231
2023-12-20 21:14:14.807174 INFO::Creating boxplot for categorical data, genotype vs s__Emergencia_sp_1XD21_10
2023-12-20 21:14:14.866641 INFO::Creating boxplot for categorical data, genotype vs s__Dorea_sp_5_2
2023-12-20 21:14:14.938356 INFO::Creating boxplot for categorical data, genotype vs s__GGB28869_SGB41543
2023-12-20 21:14:15.001843 INFO::Creating boxplot for categorical data, genotype vs s__Lachnospiraceae_bacterium_A4
2023-12-20 21:14:15.062098 INFO::Creating boxplot for categorical data, genotype vs s__Lachnospiraceae_bacterium_MD335
2023-12-20 21:14:15.122815 INFO::Creating boxplot for categorical data, genotype vs s__Romboutsia_ilealis
2023-12-20 21:14:15.188005 INFO::Creating boxplot for categorical data, genotype vs s__GGB29002_SGB41718
2023-12-20 21:14:15.260667 INFO::Creating boxplot for categorical data, genotype vs s__GGB27873_SGB40307
2023-12-20 21:14:15.320448 INFO::Creating boxplot for categorical data, genotype vs s__GGB27892_SGB40326
2023-12-20 21:14:15.384276 INFO::Creating boxplot for categorical data, genotype vs s__GGB28934_SGB41635
2023-12-20 21:14:15.444486 INFO::Creating boxplot for categorical data, genotype vs s__GGB28793_SGB41446
2023-12-20 21:14:15.503655 INFO::Creating boxplot for categorical data, genotype vs s__GGB30473_SGB43557
2023-12-20 21:14:15.580671 INFO::Creating boxplot for categorical data, genotype vs s__GGB28433_SGB41016
2023-12-20 21:14:15.640864 INFO::Creating boxplot for categorical data, genotype vs s__GGB29006_SGB41725
2023-12-20 21:14:15.701423 INFO::Creating boxplot for categorical data, genotype vs s__GGB31184_SGB44478
2023-12-20 21:14:15.761033 INFO::Creating boxplot for categorical data, genotype vs s__Bacteroides_uniformis
2023-12-20 21:14:15.819979 INFO::Creating boxplot for categorical data, genotype vs s__GGB14014_SGB21441
2023-12-20 21:14:15.893701 INFO::Creating boxplot for categorical data, genotype vs s__Alistipes_sp
2023-12-20 21:14:15.953495 INFO::Creating boxplot for categorical data, genotype vs s__GGB28956_SGB41665
2023-12-20 21:14:16.013733 INFO::Creating boxplot for categorical data, genotype vs s__GGB28949_SGB41655
2023-12-20 21:14:16.075602 INFO::Creating boxplot for categorical data, genotype vs s__GGB29531_SGB42317
2023-12-20 21:14:16.135163 INFO::Creating boxplot for categorical data, genotype vs s__GGB28870_SGB41546
2023-12-20 21:14:16.20902 INFO::Creating boxplot for categorical data, genotype vs s__Lachnospiraceae_bacterium_A2
2023-12-20 21:14:16.269071 INFO::Creating boxplot for categorical data, genotype vs s__GGB30445_SGB43494
2023-12-20 21:14:16.32959 INFO::Creating boxplot for categorical data, genotype vs s__Acetatifactor_muris
2023-12-20 21:14:16.389811 INFO::Creating boxplot for categorical data, genotype vs s__GGB28317_SGB40889
2023-12-20 21:14:16.448853 INFO::Creating boxplot for categorical data, genotype vs s__GGB28963_SGB41672
2023-12-20 21:14:16.523087 INFO::Creating boxplot for categorical data, genotype vs s__GGB28310_SGB40880
2023-12-20 21:14:16.58448 INFO::Creating boxplot for categorical data, genotype vs s__GGB28330_SGB40904
