2023-12-20 20:42:35.824962 INFO::Writing function arguments to log file
2023-12-20 20:42:35.825779 DEBUG::Function arguments
2023-12-20 20:42:35.825981 DEBUG::Output folder: outputs/differential_abundance_16S_ASVs/lmm_maaslin2/ASVs/BL_WTvsKO
2023-12-20 20:42:35.826134 DEBUG::Min Abundance: 0.000000
2023-12-20 20:42:35.826275 DEBUG::Min Prevalence: 0.120000
2023-12-20 20:42:35.826409 DEBUG::Normalization: CLR
2023-12-20 20:42:35.826542 DEBUG::Transform: NONE
2023-12-20 20:42:35.826671 DEBUG::Analysis method: LM
2023-12-20 20:42:35.826801 DEBUG::Max significance: 0.050000
2023-12-20 20:42:35.826932 DEBUG::Random effects:
2023-12-20 20:42:35.827064 DEBUG::Fixed effects: genotype
2023-12-20 20:42:35.827193 DEBUG::Correction method: BH
2023-12-20 20:42:35.827339 DEBUG::Standardize: TRUE
2023-12-20 20:42:35.827482 DEBUG::Cores: 1
2023-12-20 20:42:35.827622 INFO::Verifying options selected are valid
2023-12-20 20:42:35.828435 INFO::Determining format of input files
2023-12-20 20:42:35.829667 INFO::Input format is data samples as rows and metadata samples as rows
2023-12-20 20:42:35.832141 DEBUG::A total of 29 samples were found in both the data and metadata
2023-12-20 20:42:35.833302 DEBUG::Reordering data/metadata to use same sample ordering
2023-12-20 20:42:35.837197 INFO::Formula for fixed effects: expr ~  genotype
2023-12-20 20:42:35.838792 INFO::Filter data based on min abundance and min prevalence
2023-12-20 20:42:35.840886 INFO::Total samples in data: 29
2023-12-20 20:42:35.843125 INFO::Min samples required with min abundance for a feature not to be filtered: 3.480000
2023-12-20 20:42:35.866213 INFO::Total filtered features: 229
2023-12-20 20:42:35.868017 INFO::Filtered feature names from abundance and prevalence filtering: ASV111, ASV173, ASV212, ASV213, ASV214, ASV235, ASV236, ASV245, ASV246, ASV248, ASV252, ASV253, ASV255, ASV266, ASV271, ASV277, ASV282, ASV289, ASV291, ASV296, ASV297, ASV299, ASV305, ASV309, ASV311, ASV314, ASV315, ASV323, ASV326, ASV327, ASV329, ASV331, ASV332, ASV334, ASV336, ASV340, ASV343, ASV344, ASV349, ASV350, ASV352, ASV359, ASV363, ASV366, ASV370, ASV373, ASV374, ASV376, ASV378, ASV380, ASV382, ASV388, ASV389, ASV392, ASV393, ASV395, ASV398, ASV401, ASV403, ASV405, ASV406, ASV410, ASV411, ASV417, ASV418, ASV419, ASV420, ASV421, ASV422, ASV423, ASV424, ASV425, ASV426, ASV427, ASV429, ASV431, ASV432, ASV434, ASV435, ASV436, ASV437, ASV439, ASV444, ASV446, ASV448, ASV450, ASV451, ASV452, ASV453, ASV454, ASV456, ASV458, ASV459, ASV462, ASV464, ASV467, ASV469, ASV470, ASV471, ASV472, ASV473, ASV476, ASV477, ASV478, ASV479, ASV481, ASV482, ASV485, ASV486, ASV488, ASV489, ASV490, ASV492, ASV493, ASV495, ASV497, ASV499, ASV500, ASV502, ASV504, ASV505, ASV506, ASV507, ASV508, ASV509, ASV510, ASV511, ASV512, ASV513, ASV514, ASV516, ASV518, ASV519, ASV522, ASV523, ASV524, ASV525, ASV526, ASV527, ASV528, ASV529, ASV530, ASV531, ASV534, ASV535, ASV536, ASV537, ASV539, ASV540, ASV541, ASV543, ASV544, ASV545, ASV546, ASV547, ASV550, ASV551, ASV552, ASV554, ASV555, ASV556, ASV557, ASV559, ASV562, ASV563, ASV564, ASV565, ASV566, ASV567, ASV568, ASV570, ASV571, ASV572, ASV574, ASV575, ASV576, ASV578, ASV579, ASV580, ASV583, ASV585, ASV586, ASV587, ASV589, ASV590, ASV591, ASV592, ASV593, ASV594, ASV595, ASV596, ASV597, ASV598, ASV600, ASV601, ASV602, ASV603, ASV606, ASV611, ASV612, ASV615, ASV617, ASV618, ASV619, ASV620, ASV621, ASV622, ASV625, ASV627, ASV628, ASV629, ASV633, ASV640, ASV643, ASV644, ASV647, ASV654, ASV660, ASV662, ASV663, ASV664, ASV666, ASV670, ASV674, ASV679, ASV694, ASV711, ASV718, ASV724
2023-12-20 20:42:35.878408 INFO::Total filtered features with variance filtering: 0
2023-12-20 20:42:35.879929 INFO::Filtered feature names from variance filtering:
2023-12-20 20:42:35.881282 INFO::Running selected normalization method: CLR
2023-12-20 20:42:35.885779 INFO::Applying z-score to standardize continuous metadata
2023-12-20 20:42:35.894897 INFO::Running selected transform method: NONE
2023-12-20 20:42:35.895867 INFO::Running selected analysis method: LM
2023-12-20 20:42:35.896855 INFO::Fitting model to feature number 1, ASV1
2023-12-20 20:42:35.901701 INFO::Fitting model to feature number 2, ASV2
2023-12-20 20:42:35.90348 INFO::Fitting model to feature number 3, ASV3
2023-12-20 20:42:35.90477 INFO::Fitting model to feature number 4, ASV4
2023-12-20 20:42:35.906222 INFO::Fitting model to feature number 5, ASV5
2023-12-20 20:42:35.908005 INFO::Fitting model to feature number 6, ASV6
2023-12-20 20:42:35.909362 INFO::Fitting model to feature number 7, ASV7
2023-12-20 20:42:35.910963 INFO::Fitting model to feature number 8, ASV8
2023-12-20 20:42:35.915393 INFO::Fitting model to feature number 9, ASV9
2023-12-20 20:42:35.9176 INFO::Fitting model to feature number 10, ASV10
2023-12-20 20:42:35.92347 INFO::Fitting model to feature number 11, ASV11
2023-12-20 20:42:35.929655 INFO::Fitting model to feature number 12, ASV12
2023-12-20 20:42:35.931737 INFO::Fitting model to feature number 13, ASV13
2023-12-20 20:42:35.933458 INFO::Fitting model to feature number 14, ASV14
2023-12-20 20:42:35.935191 INFO::Fitting model to feature number 15, ASV15
2023-12-20 20:42:35.936831 INFO::Fitting model to feature number 16, ASV16
2023-12-20 20:42:35.938267 INFO::Fitting model to feature number 17, ASV17
2023-12-20 20:42:35.939724 INFO::Fitting model to feature number 18, ASV18
2023-12-20 20:42:35.943777 INFO::Fitting model to feature number 19, ASV19
2023-12-20 20:42:35.950572 INFO::Fitting model to feature number 20, ASV20
2023-12-20 20:42:35.952826 INFO::Fitting model to feature number 21, ASV21
2023-12-20 20:42:35.955438 INFO::Fitting model to feature number 22, ASV22
2023-12-20 20:42:35.957428 INFO::Fitting model to feature number 23, ASV23
2023-12-20 20:42:35.959189 INFO::Fitting model to feature number 24, ASV24
2023-12-20 20:42:35.960764 INFO::Fitting model to feature number 25, ASV25
2023-12-20 20:42:35.962547 INFO::Fitting model to feature number 26, ASV26
2023-12-20 20:42:35.964172 INFO::Fitting model to feature number 27, ASV27
2023-12-20 20:42:35.965641 INFO::Fitting model to feature number 28, ASV28
2023-12-20 20:42:35.966966 INFO::Fitting model to feature number 29, ASV29
2023-12-20 20:42:35.968158 INFO::Fitting model to feature number 30, ASV30
2023-12-20 20:42:35.969793 INFO::Fitting model to feature number 31, ASV31
2023-12-20 20:42:35.971357 INFO::Fitting model to feature number 32, ASV32
2023-12-20 20:42:35.973377 INFO::Fitting model to feature number 33, ASV33
2023-12-20 20:42:35.975036 INFO::Fitting model to feature number 34, ASV34
2023-12-20 20:42:35.977029 INFO::Fitting model to feature number 35, ASV35
2023-12-20 20:42:35.979769 INFO::Fitting model to feature number 36, ASV36
2023-12-20 20:42:35.982076 INFO::Fitting model to feature number 37, ASV37
2023-12-20 20:42:35.984231 INFO::Fitting model to feature number 38, ASV38
2023-12-20 20:42:35.986067 INFO::Fitting model to feature number 39, ASV39
2023-12-20 20:42:35.98759 INFO::Fitting model to feature number 40, ASV40
2023-12-20 20:42:35.98888 INFO::Fitting model to feature number 41, ASV41
2023-12-20 20:42:35.990204 INFO::Fitting model to feature number 42, ASV42
2023-12-20 20:42:35.993012 INFO::Fitting model to feature number 43, ASV43
2023-12-20 20:42:35.994645 INFO::Fitting model to feature number 44, ASV44
2023-12-20 20:42:35.99601 INFO::Fitting model to feature number 45, ASV45
2023-12-20 20:42:35.998385 INFO::Fitting model to feature number 46, ASV46
2023-12-20 20:42:35.999869 INFO::Fitting model to feature number 47, ASV47
2023-12-20 20:42:36.001098 INFO::Fitting model to feature number 48, ASV48
2023-12-20 20:42:36.002343 INFO::Fitting model to feature number 49, ASV49
2023-12-20 20:42:36.004664 INFO::Fitting model to feature number 50, ASV50
2023-12-20 20:42:36.006842 INFO::Fitting model to feature number 51, ASV51
2023-12-20 20:42:36.009368 INFO::Fitting model to feature number 52, ASV52
2023-12-20 20:42:36.012087 INFO::Fitting model to feature number 53, ASV53
2023-12-20 20:42:36.014411 INFO::Fitting model to feature number 54, ASV54
2023-12-20 20:42:36.016705 INFO::Fitting model to feature number 55, ASV55
2023-12-20 20:42:36.018591 INFO::Fitting model to feature number 56, ASV56
2023-12-20 20:42:36.020401 INFO::Fitting model to feature number 57, ASV57
2023-12-20 20:42:36.021642 INFO::Fitting model to feature number 58, ASV58
2023-12-20 20:42:36.022805 INFO::Fitting model to feature number 59, ASV59
2023-12-20 20:42:36.024103 INFO::Fitting model to feature number 60, ASV60
2023-12-20 20:42:36.026673 INFO::Fitting model to feature number 61, ASV61
2023-12-20 20:42:36.028127 INFO::Fitting model to feature number 62, ASV62
2023-12-20 20:42:36.029227 INFO::Fitting model to feature number 63, ASV63
2023-12-20 20:42:36.030534 INFO::Fitting model to feature number 64, ASV64
2023-12-20 20:42:36.032765 INFO::Fitting model to feature number 65, ASV65
2023-12-20 20:42:36.035315 INFO::Fitting model to feature number 66, ASV66
2023-12-20 20:42:36.036987 INFO::Fitting model to feature number 67, ASV67
2023-12-20 20:42:36.038341 INFO::Fitting model to feature number 68, ASV68
2023-12-20 20:42:36.040872 INFO::Fitting model to feature number 69, ASV69
2023-12-20 20:42:36.043072 INFO::Fitting model to feature number 70, ASV70
2023-12-20 20:42:36.04549 INFO::Fitting model to feature number 71, ASV71
2023-12-20 20:42:36.047103 INFO::Fitting model to feature number 72, ASV72
2023-12-20 20:42:36.048909 INFO::Fitting model to feature number 73, ASV73
2023-12-20 20:42:36.050564 INFO::Fitting model to feature number 74, ASV74
2023-12-20 20:42:36.051882 INFO::Fitting model to feature number 75, ASV75
2023-12-20 20:42:36.053645 INFO::Fitting model to feature number 76, ASV76
2023-12-20 20:42:36.054959 INFO::Fitting model to feature number 77, ASV77
2023-12-20 20:42:36.056093 INFO::Fitting model to feature number 78, ASV78
2023-12-20 20:42:36.057225 INFO::Fitting model to feature number 79, ASV79
2023-12-20 20:42:36.058403 INFO::Fitting model to feature number 80, ASV80
2023-12-20 20:42:36.060741 INFO::Fitting model to feature number 81, ASV81
2023-12-20 20:42:36.063682 INFO::Fitting model to feature number 82, ASV82
2023-12-20 20:42:36.065557 INFO::Fitting model to feature number 83, ASV83
2023-12-20 20:42:36.068102 INFO::Fitting model to feature number 84, ASV84
2023-12-20 20:42:36.070787 INFO::Fitting model to feature number 85, ASV85
2023-12-20 20:42:36.073159 INFO::Fitting model to feature number 86, ASV86
2023-12-20 20:42:36.075929 INFO::Fitting model to feature number 87, ASV87
2023-12-20 20:42:36.078066 INFO::Fitting model to feature number 88, ASV88
2023-12-20 20:42:36.080042 INFO::Fitting model to feature number 89, ASV89
2023-12-20 20:42:36.0822 INFO::Fitting model to feature number 90, ASV90
2023-12-20 20:42:36.084172 INFO::Fitting model to feature number 91, ASV91
2023-12-20 20:42:36.086399 INFO::Fitting model to feature number 92, ASV92
2023-12-20 20:42:36.088645 INFO::Fitting model to feature number 93, ASV93
2023-12-20 20:42:36.09018 INFO::Fitting model to feature number 94, ASV94
2023-12-20 20:42:36.092072 INFO::Fitting model to feature number 95, ASV95
2023-12-20 20:42:36.094274 INFO::Fitting model to feature number 96, ASV96
2023-12-20 20:42:36.096319 INFO::Fitting model to feature number 97, ASV97
2023-12-20 20:42:36.098493 INFO::Fitting model to feature number 98, ASV98
2023-12-20 20:42:36.101069 INFO::Fitting model to feature number 99, ASV99
2023-12-20 20:42:36.10362 INFO::Fitting model to feature number 100, ASV100
2023-12-20 20:42:36.10638 INFO::Fitting model to feature number 101, ASV101
2023-12-20 20:42:36.108604 INFO::Fitting model to feature number 102, ASV102
2023-12-20 20:42:36.110757 INFO::Fitting model to feature number 103, ASV103
2023-12-20 20:42:36.113052 INFO::Fitting model to feature number 104, ASV104
2023-12-20 20:42:36.11537 INFO::Fitting model to feature number 105, ASV105
2023-12-20 20:42:36.116898 INFO::Fitting model to feature number 106, ASV106
2023-12-20 20:42:36.118638 INFO::Fitting model to feature number 107, ASV107
2023-12-20 20:42:36.121328 INFO::Fitting model to feature number 108, ASV108
2023-12-20 20:42:36.124337 INFO::Fitting model to feature number 109, ASV109
2023-12-20 20:42:36.126813 INFO::Fitting model to feature number 110, ASV110
2023-12-20 20:42:36.128429 INFO::Fitting model to feature number 111, ASV112
2023-12-20 20:42:36.130101 INFO::Fitting model to feature number 112, ASV113
2023-12-20 20:42:36.132163 INFO::Fitting model to feature number 113, ASV114
2023-12-20 20:42:36.133838 INFO::Fitting model to feature number 114, ASV115
2023-12-20 20:42:36.135264 INFO::Fitting model to feature number 115, ASV116
2023-12-20 20:42:36.137155 INFO::Fitting model to feature number 116, ASV117
2023-12-20 20:42:36.139292 INFO::Fitting model to feature number 117, ASV118
2023-12-20 20:42:36.140577 INFO::Fitting model to feature number 118, ASV119
2023-12-20 20:42:36.14177 INFO::Fitting model to feature number 119, ASV120
2023-12-20 20:42:36.143641 INFO::Fitting model to feature number 120, ASV121
2023-12-20 20:42:36.145587 INFO::Fitting model to feature number 121, ASV122
2023-12-20 20:42:36.146837 INFO::Fitting model to feature number 122, ASV123
2023-12-20 20:42:36.14797 INFO::Fitting model to feature number 123, ASV124
2023-12-20 20:42:36.149225 INFO::Fitting model to feature number 124, ASV125
2023-12-20 20:42:36.151166 INFO::Fitting model to feature number 125, ASV126
2023-12-20 20:42:36.153572 INFO::Fitting model to feature number 126, ASV127
2023-12-20 20:42:36.156297 INFO::Fitting model to feature number 127, ASV128
2023-12-20 20:42:36.158091 INFO::Fitting model to feature number 128, ASV129
2023-12-20 20:42:36.160178 INFO::Fitting model to feature number 129, ASV130
2023-12-20 20:42:36.162019 INFO::Fitting model to feature number 130, ASV131
2023-12-20 20:42:36.16348 INFO::Fitting model to feature number 131, ASV132
2023-12-20 20:42:36.165226 INFO::Fitting model to feature number 132, ASV133
2023-12-20 20:42:36.166593 INFO::Fitting model to feature number 133, ASV134
2023-12-20 20:42:36.167766 INFO::Fitting model to feature number 134, ASV135
2023-12-20 20:42:36.169038 INFO::Fitting model to feature number 135, ASV136
2023-12-20 20:42:36.170927 INFO::Fitting model to feature number 136, ASV137
2023-12-20 20:42:36.173123 INFO::Fitting model to feature number 137, ASV138
2023-12-20 20:42:36.1744 INFO::Fitting model to feature number 138, ASV139
2023-12-20 20:42:36.17554 INFO::Fitting model to feature number 139, ASV140
2023-12-20 20:42:36.176988 INFO::Fitting model to feature number 140, ASV141
2023-12-20 20:42:36.178788 INFO::Fitting model to feature number 141, ASV142
2023-12-20 20:42:36.180424 INFO::Fitting model to feature number 142, ASV143
2023-12-20 20:42:36.181581 INFO::Fitting model to feature number 143, ASV144
2023-12-20 20:42:36.1827 INFO::Fitting model to feature number 144, ASV145
2023-12-20 20:42:36.184038 INFO::Fitting model to feature number 145, ASV146
2023-12-20 20:42:36.18556 INFO::Fitting model to feature number 146, ASV147
2023-12-20 20:42:36.187171 INFO::Fitting model to feature number 147, ASV148
2023-12-20 20:42:36.190263 INFO::Fitting model to feature number 148, ASV149
2023-12-20 20:42:36.193639 INFO::Fitting model to feature number 149, ASV150
2023-12-20 20:42:36.195833 INFO::Fitting model to feature number 150, ASV151
2023-12-20 20:42:36.197934 INFO::Fitting model to feature number 151, ASV152
2023-12-20 20:42:36.200189 INFO::Fitting model to feature number 152, ASV153
2023-12-20 20:42:36.201982 INFO::Fitting model to feature number 153, ASV154
2023-12-20 20:42:36.20318 INFO::Fitting model to feature number 154, ASV155
2023-12-20 20:42:36.204425 INFO::Fitting model to feature number 155, ASV156
2023-12-20 20:42:36.206085 INFO::Fitting model to feature number 156, ASV157
2023-12-20 20:42:36.20805 INFO::Fitting model to feature number 157, ASV158
2023-12-20 20:42:36.210084 INFO::Fitting model to feature number 158, ASV159
2023-12-20 20:42:36.21273 INFO::Fitting model to feature number 159, ASV160
2023-12-20 20:42:36.215962 INFO::Fitting model to feature number 160, ASV161
2023-12-20 20:42:36.22011 INFO::Fitting model to feature number 161, ASV162
2023-12-20 20:42:36.22279 INFO::Fitting model to feature number 162, ASV163
2023-12-20 20:42:36.225028 INFO::Fitting model to feature number 163, ASV164
2023-12-20 20:42:36.227111 INFO::Fitting model to feature number 164, ASV165
2023-12-20 20:42:36.229374 INFO::Fitting model to feature number 165, ASV166
2023-12-20 20:42:36.230676 INFO::Fitting model to feature number 166, ASV167
2023-12-20 20:42:36.232386 INFO::Fitting model to feature number 167, ASV168
2023-12-20 20:42:36.234858 INFO::Fitting model to feature number 168, ASV169
2023-12-20 20:42:36.237013 INFO::Fitting model to feature number 169, ASV170
2023-12-20 20:42:36.238175 INFO::Fitting model to feature number 170, ASV171
2023-12-20 20:42:36.239367 INFO::Fitting model to feature number 171, ASV172
2023-12-20 20:42:36.241444 INFO::Fitting model to feature number 172, ASV174
2023-12-20 20:42:36.244419 INFO::Fitting model to feature number 173, ASV175
2023-12-20 20:42:36.246254 INFO::Fitting model to feature number 174, ASV176
2023-12-20 20:42:36.248789 INFO::Fitting model to feature number 175, ASV177
2023-12-20 20:42:36.250747 INFO::Fitting model to feature number 176, ASV178
2023-12-20 20:42:36.252399 INFO::Fitting model to feature number 177, ASV179
2023-12-20 20:42:36.254652 INFO::Fitting model to feature number 178, ASV180
2023-12-20 20:42:36.256315 INFO::Fitting model to feature number 179, ASV181
2023-12-20 20:42:36.257954 INFO::Fitting model to feature number 180, ASV182
2023-12-20 20:42:36.259344 INFO::Fitting model to feature number 181, ASV183
2023-12-20 20:42:36.260571 INFO::Fitting model to feature number 182, ASV184
2023-12-20 20:42:36.262279 INFO::Fitting model to feature number 183, ASV185
2023-12-20 20:42:36.264042 INFO::Fitting model to feature number 184, ASV186
2023-12-20 20:42:36.265304 INFO::Fitting model to feature number 185, ASV187
2023-12-20 20:42:36.266623 INFO::Fitting model to feature number 186, ASV188
2023-12-20 20:42:36.268006 INFO::Fitting model to feature number 187, ASV189
2023-12-20 20:42:36.269951 INFO::Fitting model to feature number 188, ASV190
2023-12-20 20:42:36.271508 INFO::Fitting model to feature number 189, ASV191
2023-12-20 20:42:36.272758 INFO::Fitting model to feature number 190, ASV192
2023-12-20 20:42:36.275184 INFO::Fitting model to feature number 191, ASV193
2023-12-20 20:42:36.277326 INFO::Fitting model to feature number 192, ASV194
2023-12-20 20:42:36.279966 INFO::Fitting model to feature number 193, ASV195
2023-12-20 20:42:36.281838 INFO::Fitting model to feature number 194, ASV196
2023-12-20 20:42:36.283748 INFO::Fitting model to feature number 195, ASV197
2023-12-20 20:42:36.285661 INFO::Fitting model to feature number 196, ASV198
2023-12-20 20:42:36.287053 INFO::Fitting model to feature number 197, ASV199
2023-12-20 20:42:36.288469 INFO::Fitting model to feature number 198, ASV200
2023-12-20 20:42:36.290978 INFO::Fitting model to feature number 199, ASV201
2023-12-20 20:42:36.293059 INFO::Fitting model to feature number 200, ASV202
2023-12-20 20:42:36.294673 INFO::Fitting model to feature number 201, ASV203
2023-12-20 20:42:36.298109 INFO::Fitting model to feature number 202, ASV204
2023-12-20 20:42:36.300064 INFO::Fitting model to feature number 203, ASV205
2023-12-20 20:42:36.302707 INFO::Fitting model to feature number 204, ASV206
2023-12-20 20:42:36.306019 INFO::Fitting model to feature number 205, ASV207
2023-12-20 20:42:36.308408 INFO::Fitting model to feature number 206, ASV208
2023-12-20 20:42:36.31408 INFO::Fitting model to feature number 207, ASV209
2023-12-20 20:42:36.315607 INFO::Fitting model to feature number 208, ASV210
2023-12-20 20:42:36.319084 INFO::Fitting model to feature number 209, ASV211
2023-12-20 20:42:36.322003 INFO::Fitting model to feature number 210, ASV215
2023-12-20 20:42:36.326455 INFO::Fitting model to feature number 211, ASV216
2023-12-20 20:42:36.328819 INFO::Fitting model to feature number 212, ASV217
2023-12-20 20:42:36.334801 INFO::Fitting model to feature number 213, ASV218
2023-12-20 20:42:36.338158 INFO::Fitting model to feature number 214, ASV219
2023-12-20 20:42:36.34096 INFO::Fitting model to feature number 215, ASV220
2023-12-20 20:42:36.342624 INFO::Fitting model to feature number 216, ASV221
2023-12-20 20:42:36.344517 INFO::Fitting model to feature number 217, ASV222
2023-12-20 20:42:36.372301 INFO::Fitting model to feature number 218, ASV223
2023-12-20 20:42:36.374147 INFO::Fitting model to feature number 219, ASV224
2023-12-20 20:42:36.375777 INFO::Fitting model to feature number 220, ASV225
2023-12-20 20:42:36.378156 INFO::Fitting model to feature number 221, ASV226
2023-12-20 20:42:36.385665 INFO::Fitting model to feature number 222, ASV227
2023-12-20 20:42:36.388502 INFO::Fitting model to feature number 223, ASV228
2023-12-20 20:42:36.390342 INFO::Fitting model to feature number 224, ASV229
2023-12-20 20:42:36.392201 INFO::Fitting model to feature number 225, ASV230
2023-12-20 20:42:36.395414 INFO::Fitting model to feature number 226, ASV231
2023-12-20 20:42:36.397495 INFO::Fitting model to feature number 227, ASV232
2023-12-20 20:42:36.401188 INFO::Fitting model to feature number 228, ASV233
2023-12-20 20:42:36.402783 INFO::Fitting model to feature number 229, ASV234
2023-12-20 20:42:36.40397 INFO::Fitting model to feature number 230, ASV237
2023-12-20 20:42:36.405155 INFO::Fitting model to feature number 231, ASV238
2023-12-20 20:42:36.406958 INFO::Fitting model to feature number 232, ASV239
2023-12-20 20:42:36.409623 INFO::Fitting model to feature number 233, ASV240
2023-12-20 20:42:36.411451 INFO::Fitting model to feature number 234, ASV241
2023-12-20 20:42:36.41297 INFO::Fitting model to feature number 235, ASV242
2023-12-20 20:42:36.414752 INFO::Fitting model to feature number 236, ASV243
2023-12-20 20:42:36.416984 INFO::Fitting model to feature number 237, ASV244
2023-12-20 20:42:36.41852 INFO::Fitting model to feature number 238, ASV247
2023-12-20 20:42:36.419936 INFO::Fitting model to feature number 239, ASV249
2023-12-20 20:42:36.422099 INFO::Fitting model to feature number 240, ASV250
2023-12-20 20:42:36.424492 INFO::Fitting model to feature number 241, ASV251
2023-12-20 20:42:36.426456 INFO::Fitting model to feature number 242, ASV254
2023-12-20 20:42:36.427899 INFO::Fitting model to feature number 243, ASV256
2023-12-20 20:42:36.43022 INFO::Fitting model to feature number 244, ASV257
2023-12-20 20:42:36.432101 INFO::Fitting model to feature number 245, ASV258
2023-12-20 20:42:36.433893 INFO::Fitting model to feature number 246, ASV259
2023-12-20 20:42:36.435751 INFO::Fitting model to feature number 247, ASV260
2023-12-20 20:42:36.43734 INFO::Fitting model to feature number 248, ASV261
2023-12-20 20:42:36.439099 INFO::Fitting model to feature number 249, ASV262
2023-12-20 20:42:36.440978 INFO::Fitting model to feature number 250, ASV263
2023-12-20 20:42:36.44285 INFO::Fitting model to feature number 251, ASV264
2023-12-20 20:42:36.444402 INFO::Fitting model to feature number 252, ASV265
2023-12-20 20:42:36.446183 INFO::Fitting model to feature number 253, ASV267
2023-12-20 20:42:36.447431 INFO::Fitting model to feature number 254, ASV268
2023-12-20 20:42:36.44869 INFO::Fitting model to feature number 255, ASV269
2023-12-20 20:42:36.449855 INFO::Fitting model to feature number 256, ASV270
2023-12-20 20:42:36.451077 INFO::Fitting model to feature number 257, ASV272
2023-12-20 20:42:36.452538 INFO::Fitting model to feature number 258, ASV273
2023-12-20 20:42:36.454308 INFO::Fitting model to feature number 259, ASV274
2023-12-20 20:42:36.455727 INFO::Fitting model to feature number 260, ASV275
2023-12-20 20:42:36.458021 INFO::Fitting model to feature number 261, ASV276
2023-12-20 20:42:36.460363 INFO::Fitting model to feature number 262, ASV278
2023-12-20 20:42:36.462529 INFO::Fitting model to feature number 263, ASV279
2023-12-20 20:42:36.464159 INFO::Fitting model to feature number 264, ASV280
2023-12-20 20:42:36.465575 INFO::Fitting model to feature number 265, ASV281
2023-12-20 20:42:36.466751 INFO::Fitting model to feature number 266, ASV283
2023-12-20 20:42:36.467928 INFO::Fitting model to feature number 267, ASV284
2023-12-20 20:42:36.470197 INFO::Fitting model to feature number 268, ASV285
2023-12-20 20:42:36.471666 INFO::Fitting model to feature number 269, ASV286
2023-12-20 20:42:36.472821 INFO::Fitting model to feature number 270, ASV287
2023-12-20 20:42:36.474014 INFO::Fitting model to feature number 271, ASV288
2023-12-20 20:42:36.475217 INFO::Fitting model to feature number 272, ASV290
2023-12-20 20:42:36.476599 INFO::Fitting model to feature number 273, ASV292
2023-12-20 20:42:36.478093 INFO::Fitting model to feature number 274, ASV293
2023-12-20 20:42:36.479529 INFO::Fitting model to feature number 275, ASV294
2023-12-20 20:42:36.480706 INFO::Fitting model to feature number 276, ASV295
2023-12-20 20:42:36.481926 INFO::Fitting model to feature number 277, ASV298
2023-12-20 20:42:36.483405 INFO::Fitting model to feature number 278, ASV300
2023-12-20 20:42:36.485453 INFO::Fitting model to feature number 279, ASV301
2023-12-20 20:42:36.487787 INFO::Fitting model to feature number 280, ASV302
2023-12-20 20:42:36.489953 INFO::Fitting model to feature number 281, ASV303
2023-12-20 20:42:36.497212 INFO::Fitting model to feature number 282, ASV304
2023-12-20 20:42:36.49887 INFO::Fitting model to feature number 283, ASV306
2023-12-20 20:42:36.500168 INFO::Fitting model to feature number 284, ASV307
2023-12-20 20:42:36.501429 INFO::Fitting model to feature number 285, ASV308
2023-12-20 20:42:36.502699 INFO::Fitting model to feature number 286, ASV310
2023-12-20 20:42:36.504361 INFO::Fitting model to feature number 287, ASV312
2023-12-20 20:42:36.506308 INFO::Fitting model to feature number 288, ASV313
2023-12-20 20:42:36.507954 INFO::Fitting model to feature number 289, ASV316
2023-12-20 20:42:36.509069 INFO::Fitting model to feature number 290, ASV317
2023-12-20 20:42:36.510194 INFO::Fitting model to feature number 291, ASV318
2023-12-20 20:42:36.511792 INFO::Fitting model to feature number 292, ASV319
2023-12-20 20:42:36.514011 INFO::Fitting model to feature number 293, ASV320
2023-12-20 20:42:36.515705 INFO::Fitting model to feature number 294, ASV321
2023-12-20 20:42:36.516893 INFO::Fitting model to feature number 295, ASV322
2023-12-20 20:42:36.518371 INFO::Fitting model to feature number 296, ASV324
2023-12-20 20:42:36.520143 INFO::Fitting model to feature number 297, ASV325
2023-12-20 20:42:36.521703 INFO::Fitting model to feature number 298, ASV328
2023-12-20 20:42:36.523133 INFO::Fitting model to feature number 299, ASV330
2023-12-20 20:42:36.524664 INFO::Fitting model to feature number 300, ASV333
2023-12-20 20:42:36.525919 INFO::Fitting model to feature number 301, ASV335
2023-12-20 20:42:36.527066 INFO::Fitting model to feature number 302, ASV337
2023-12-20 20:42:36.52836 INFO::Fitting model to feature number 303, ASV338
2023-12-20 20:42:36.53017 INFO::Fitting model to feature number 304, ASV339
2023-12-20 20:42:36.531487 INFO::Fitting model to feature number 305, ASV341
2023-12-20 20:42:36.544272 INFO::Fitting model to feature number 306, ASV342
2023-12-20 20:42:36.546168 INFO::Fitting model to feature number 307, ASV345
2023-12-20 20:42:36.549155 INFO::Fitting model to feature number 308, ASV346
2023-12-20 20:42:36.551497 INFO::Fitting model to feature number 309, ASV347
2023-12-20 20:42:36.553447 INFO::Fitting model to feature number 310, ASV348
2023-12-20 20:42:36.555599 INFO::Fitting model to feature number 311, ASV351
2023-12-20 20:42:36.557268 INFO::Fitting model to feature number 312, ASV353
2023-12-20 20:42:36.559511 INFO::Fitting model to feature number 313, ASV354
2023-12-20 20:42:36.561454 INFO::Fitting model to feature number 314, ASV355
2023-12-20 20:42:36.562939 INFO::Fitting model to feature number 315, ASV356
2023-12-20 20:42:36.564467 INFO::Fitting model to feature number 316, ASV357
2023-12-20 20:42:36.566213 INFO::Fitting model to feature number 317, ASV358
2023-12-20 20:42:36.568547 INFO::Fitting model to feature number 318, ASV360
2023-12-20 20:42:36.570267 INFO::Fitting model to feature number 319, ASV361
2023-12-20 20:42:36.572281 INFO::Fitting model to feature number 320, ASV362
2023-12-20 20:42:36.574022 INFO::Fitting model to feature number 321, ASV364
2023-12-20 20:42:36.575282 INFO::Fitting model to feature number 322, ASV365
2023-12-20 20:42:36.576719 INFO::Fitting model to feature number 323, ASV367
2023-12-20 20:42:36.57879 INFO::Fitting model to feature number 324, ASV368
2023-12-20 20:42:36.581239 INFO::Fitting model to feature number 325, ASV369
2023-12-20 20:42:36.582974 INFO::Fitting model to feature number 326, ASV371
2023-12-20 20:42:36.584378 INFO::Fitting model to feature number 327, ASV372
2023-12-20 20:42:36.585543 INFO::Fitting model to feature number 328, ASV375
2023-12-20 20:42:36.586815 INFO::Fitting model to feature number 329, ASV377
2023-12-20 20:42:36.588073 INFO::Fitting model to feature number 330, ASV379
2023-12-20 20:42:36.58924 INFO::Fitting model to feature number 331, ASV381
2023-12-20 20:42:36.59058 INFO::Fitting model to feature number 332, ASV383
2023-12-20 20:42:36.592658 INFO::Fitting model to feature number 333, ASV384
2023-12-20 20:42:36.596469 INFO::Fitting model to feature number 334, ASV385
2023-12-20 20:42:36.598183 INFO::Fitting model to feature number 335, ASV386
2023-12-20 20:42:36.600585 INFO::Fitting model to feature number 336, ASV387
2023-12-20 20:42:36.604524 INFO::Fitting model to feature number 337, ASV390
2023-12-20 20:42:36.606479 INFO::Fitting model to feature number 338, ASV391
2023-12-20 20:42:36.609416 INFO::Fitting model to feature number 339, ASV396
2023-12-20 20:42:36.612686 INFO::Fitting model to feature number 340, ASV397
2023-12-20 20:42:36.614593 INFO::Fitting model to feature number 341, ASV399
2023-12-20 20:42:36.616134 INFO::Fitting model to feature number 342, ASV400
2023-12-20 20:42:36.617509 INFO::Fitting model to feature number 343, ASV404
2023-12-20 20:42:36.618694 INFO::Fitting model to feature number 344, ASV407
2023-12-20 20:42:36.619869 INFO::Fitting model to feature number 345, ASV408
2023-12-20 20:42:36.620968 INFO::Fitting model to feature number 346, ASV409
2023-12-20 20:42:36.622066 INFO::Fitting model to feature number 347, ASV412
2023-12-20 20:42:36.623158 INFO::Fitting model to feature number 348, ASV414
2023-12-20 20:42:36.624317 INFO::Fitting model to feature number 349, ASV415
2023-12-20 20:42:36.62606 INFO::Fitting model to feature number 350, ASV416
2023-12-20 20:42:36.627543 INFO::Fitting model to feature number 351, ASV428
2023-12-20 20:42:36.629118 INFO::Fitting model to feature number 352, ASV430
2023-12-20 20:42:36.630505 INFO::Fitting model to feature number 353, ASV433
2023-12-20 20:42:36.631625 INFO::Fitting model to feature number 354, ASV438
2023-12-20 20:42:36.63272 INFO::Fitting model to feature number 355, ASV440
2023-12-20 20:42:36.633877 INFO::Fitting model to feature number 356, ASV441
2023-12-20 20:42:36.635073 INFO::Fitting model to feature number 357, ASV442
2023-12-20 20:42:36.636379 INFO::Fitting model to feature number 358, ASV443
2023-12-20 20:42:36.638724 INFO::Fitting model to feature number 359, ASV445
2023-12-20 20:42:36.640454 INFO::Fitting model to feature number 360, ASV447
2023-12-20 20:42:36.64188 INFO::Fitting model to feature number 361, ASV449
2023-12-20 20:42:36.643303 INFO::Fitting model to feature number 362, ASV455
2023-12-20 20:42:36.645033 INFO::Fitting model to feature number 363, ASV457
2023-12-20 20:42:36.646519 INFO::Fitting model to feature number 364, ASV460
2023-12-20 20:42:36.64837 INFO::Fitting model to feature number 365, ASV461
2023-12-20 20:42:36.649865 INFO::Fitting model to feature number 366, ASV463
2023-12-20 20:42:36.651151 INFO::Fitting model to feature number 367, ASV474
2023-12-20 20:42:36.652441 INFO::Fitting model to feature number 368, ASV475
2023-12-20 20:42:36.653779 INFO::Fitting model to feature number 369, ASV480
2023-12-20 20:42:36.654917 INFO::Fitting model to feature number 370, ASV483
2023-12-20 20:42:36.656035 INFO::Fitting model to feature number 371, ASV491
2023-12-20 20:42:36.657236 INFO::Fitting model to feature number 372, ASV494
2023-12-20 20:42:36.658792 INFO::Fitting model to feature number 373, ASV496
2023-12-20 20:42:36.659959 INFO::Fitting model to feature number 374, ASV498
2023-12-20 20:42:36.661096 INFO::Fitting model to feature number 375, ASV501
2023-12-20 20:42:36.662272 INFO::Fitting model to feature number 376, ASV503
2023-12-20 20:42:36.663982 INFO::Fitting model to feature number 377, ASV521
2023-12-20 20:42:36.665948 INFO::Fitting model to feature number 378, ASV538
2023-12-20 20:42:36.667845 INFO::Fitting model to feature number 379, ASV549
2023-12-20 20:42:36.669145 INFO::Fitting model to feature number 380, ASV553
2023-12-20 20:42:36.670733 INFO::Fitting model to feature number 381, ASV604
2023-12-20 20:42:36.672493 INFO::Fitting model to feature number 382, ASV630
2023-12-20 20:42:36.673999 INFO::Fitting model to feature number 383, ASV649
2023-12-20 20:42:36.693273 INFO::Counting total values for each feature
2023-12-20 20:42:36.701706 INFO::Writing filtered data to file outputs/differential_abundance_16S_ASVs/lmm_maaslin2/ASVs/BL_WTvsKO/features/filtered_data.tsv
2023-12-20 20:42:36.705626 INFO::Writing filtered, normalized data to file outputs/differential_abundance_16S_ASVs/lmm_maaslin2/ASVs/BL_WTvsKO/features/filtered_data_norm.tsv
2023-12-20 20:42:36.7137 INFO::Writing filtered, normalized, transformed data to file outputs/differential_abundance_16S_ASVs/lmm_maaslin2/ASVs/BL_WTvsKO/features/filtered_data_norm_transformed.tsv
2023-12-20 20:42:36.721559 WARNING::Deleting existing residuals file: outputs/differential_abundance_16S_ASVs/lmm_maaslin2/ASVs/BL_WTvsKO/fits/residuals.rds
2023-12-20 20:42:36.722382 INFO::Writing residuals to file outputs/differential_abundance_16S_ASVs/lmm_maaslin2/ASVs/BL_WTvsKO/fits/residuals.rds
2023-12-20 20:42:36.725595 WARNING::Deleting existing fitted file: outputs/differential_abundance_16S_ASVs/lmm_maaslin2/ASVs/BL_WTvsKO/fits/fitted.rds
2023-12-20 20:42:36.726198 INFO::Writing fitted values to file outputs/differential_abundance_16S_ASVs/lmm_maaslin2/ASVs/BL_WTvsKO/fits/fitted.rds
2023-12-20 20:42:36.727331 INFO::Writing all results to file (ordered by increasing q-values): outputs/differential_abundance_16S_ASVs/lmm_maaslin2/ASVs/BL_WTvsKO/all_results.tsv
2023-12-20 20:42:36.730258 INFO::Writing the significant results (those which are less than or equal to the threshold of 0.050000 ) to file (ordered by increasing q-values): outputs/differential_abundance_16S_ASVs/lmm_maaslin2/ASVs/BL_WTvsKO/significant_results.tsv
2023-12-20 20:42:36.731883 INFO::Writing heatmap of significant results to file: outputs/differential_abundance_16S_ASVs/lmm_maaslin2/ASVs/BL_WTvsKO/heatmap.pdf
2023-12-20 20:42:36.732805 INFO::Writing association plots (one for each significant association) to output folder: outputs/differential_abundance_16S_ASVs/lmm_maaslin2/ASVs/BL_WTvsKO
