2023-12-20 20:42:43.480703 INFO::Writing function arguments to log file
2023-12-20 20:42:43.481375 DEBUG::Function arguments
2023-12-20 20:42:43.481534 DEBUG::Output folder: outputs/differential_abundance_16S_ASVs/lmm_maaslin2/ASVs/w6_WTvsKO
2023-12-20 20:42:43.481682 DEBUG::Min Abundance: 0.000000
2023-12-20 20:42:43.481826 DEBUG::Min Prevalence: 0.120000
2023-12-20 20:42:43.482004 DEBUG::Normalization: CLR
2023-12-20 20:42:43.482208 DEBUG::Transform: NONE
2023-12-20 20:42:43.482367 DEBUG::Analysis method: LM
2023-12-20 20:42:43.48251 DEBUG::Max significance: 0.050000
2023-12-20 20:42:43.482647 DEBUG::Random effects:
2023-12-20 20:42:43.482785 DEBUG::Fixed effects: genotype
2023-12-20 20:42:43.482919 DEBUG::Correction method: BH
2023-12-20 20:42:43.483047 DEBUG::Standardize: TRUE
2023-12-20 20:42:43.483177 DEBUG::Cores: 1
2023-12-20 20:42:43.483299 INFO::Verifying options selected are valid
2023-12-20 20:42:43.483793 INFO::Determining format of input files
2023-12-20 20:42:43.484348 INFO::Input format is data samples as rows and metadata samples as rows
2023-12-20 20:42:43.485772 DEBUG::A total of 29 samples were found in both the data and metadata
2023-12-20 20:42:43.486059 DEBUG::Reordering data/metadata to use same sample ordering
2023-12-20 20:42:43.488373 INFO::Formula for fixed effects: expr ~  genotype
2023-12-20 20:42:43.489106 INFO::Filter data based on min abundance and min prevalence
2023-12-20 20:42:43.489486 INFO::Total samples in data: 29
2023-12-20 20:42:43.489849 INFO::Min samples required with min abundance for a feature not to be filtered: 3.480000
2023-12-20 20:42:43.493912 INFO::Total filtered features: 212
2023-12-20 20:42:43.494723 INFO::Filtered feature names from abundance and prevalence filtering: ASV98, ASV111, ASV206, ASV212, ASV214, ASV215, ASV226, ASV227, ASV247, ASV252, ASV255, ASV264, ASV291, ASV296, ASV298, ASV309, ASV311, ASV314, ASV323, ASV326, ASV329, ASV332, ASV333, ASV336, ASV337, ASV343, ASV344, ASV349, ASV350, ASV352, ASV370, ASV371, ASV373, ASV375, ASV376, ASV378, ASV382, ASV386, ASV392, ASV401, ASV403, ASV405, ASV406, ASV409, ASV410, ASV411, ASV414, ASV415, ASV417, ASV418, ASV420, ASV422, ASV423, ASV424, ASV425, ASV427, ASV430, ASV432, ASV434, ASV435, ASV436, ASV437, ASV438, ASV439, ASV442, ASV444, ASV446, ASV448, ASV450, ASV451, ASV452, ASV453, ASV454, ASV456, ASV457, ASV458, ASV459, ASV462, ASV464, ASV467, ASV469, ASV470, ASV471, ASV473, ASV478, ASV479, ASV480, ASV481, ASV482, ASV483, ASV485, ASV486, ASV488, ASV490, ASV491, ASV492, ASV493, ASV494, ASV495, ASV496, ASV497, ASV499, ASV500, ASV501, ASV502, ASV504, ASV505, ASV506, ASV507, ASV508, ASV509, ASV511, ASV512, ASV513, ASV514, ASV518, ASV519, ASV521, ASV522, ASV523, ASV524, ASV525, ASV526, ASV527, ASV528, ASV530, ASV531, ASV534, ASV535, ASV536, ASV537, ASV538, ASV539, ASV541, ASV544, ASV545, ASV546, ASV547, ASV550, ASV551, ASV552, ASV555, ASV556, ASV557, ASV559, ASV562, ASV563, ASV564, ASV566, ASV567, ASV568, ASV570, ASV571, ASV572, ASV574, ASV575, ASV578, ASV579, ASV580, ASV583, ASV585, ASV586, ASV587, ASV589, ASV590, ASV591, ASV592, ASV593, ASV594, ASV595, ASV596, ASV597, ASV598, ASV600, ASV601, ASV602, ASV603, ASV604, ASV606, ASV611, ASV612, ASV615, ASV617, ASV618, ASV619, ASV620, ASV621, ASV622, ASV625, ASV627, ASV628, ASV629, ASV630, ASV633, ASV640, ASV643, ASV644, ASV647, ASV649, ASV654, ASV660, ASV662, ASV663, ASV664, ASV666, ASV670, ASV674, ASV679, ASV694, ASV711, ASV718, ASV724
2023-12-20 20:42:43.500332 INFO::Total filtered features with variance filtering: 0
2023-12-20 20:42:43.501057 INFO::Filtered feature names from variance filtering:
2023-12-20 20:42:43.501609 INFO::Running selected normalization method: CLR
2023-12-20 20:42:43.503953 INFO::Applying z-score to standardize continuous metadata
2023-12-20 20:42:43.510074 INFO::Running selected transform method: NONE
2023-12-20 20:42:43.510763 INFO::Running selected analysis method: LM
2023-12-20 20:42:43.511441 INFO::Fitting model to feature number 1, ASV1
2023-12-20 20:42:43.513552 INFO::Fitting model to feature number 2, ASV2
2023-12-20 20:42:43.515213 INFO::Fitting model to feature number 3, ASV3
2023-12-20 20:42:43.517114 INFO::Fitting model to feature number 4, ASV4
2023-12-20 20:42:43.521187 INFO::Fitting model to feature number 5, ASV5
2023-12-20 20:42:43.52279 INFO::Fitting model to feature number 6, ASV6
2023-12-20 20:42:43.524202 INFO::Fitting model to feature number 7, ASV7
2023-12-20 20:42:43.525738 INFO::Fitting model to feature number 8, ASV8
2023-12-20 20:42:43.528078 INFO::Fitting model to feature number 9, ASV9
2023-12-20 20:42:43.529688 INFO::Fitting model to feature number 10, ASV10
2023-12-20 20:42:43.531075 INFO::Fitting model to feature number 11, ASV11
2023-12-20 20:42:43.533243 INFO::Fitting model to feature number 12, ASV12
2023-12-20 20:42:43.535653 INFO::Fitting model to feature number 13, ASV13
2023-12-20 20:42:43.537509 INFO::Fitting model to feature number 14, ASV14
2023-12-20 20:42:43.539375 INFO::Fitting model to feature number 15, ASV15
2023-12-20 20:42:43.542199 INFO::Fitting model to feature number 16, ASV16
2023-12-20 20:42:43.544117 INFO::Fitting model to feature number 17, ASV17
2023-12-20 20:42:43.546462 INFO::Fitting model to feature number 18, ASV18
2023-12-20 20:42:43.548878 INFO::Fitting model to feature number 19, ASV19
2023-12-20 20:42:43.550512 INFO::Fitting model to feature number 20, ASV20
2023-12-20 20:42:43.552503 INFO::Fitting model to feature number 21, ASV21
2023-12-20 20:42:43.554777 INFO::Fitting model to feature number 22, ASV22
2023-12-20 20:42:43.557191 INFO::Fitting model to feature number 23, ASV23
2023-12-20 20:42:43.558734 INFO::Fitting model to feature number 24, ASV24
2023-12-20 20:42:43.560338 INFO::Fitting model to feature number 25, ASV25
2023-12-20 20:42:43.562649 INFO::Fitting model to feature number 26, ASV26
2023-12-20 20:42:43.564072 INFO::Fitting model to feature number 27, ASV27
2023-12-20 20:42:43.565318 INFO::Fitting model to feature number 28, ASV28
2023-12-20 20:42:43.566673 INFO::Fitting model to feature number 29, ASV29
2023-12-20 20:42:43.569072 INFO::Fitting model to feature number 30, ASV30
2023-12-20 20:42:43.571076 INFO::Fitting model to feature number 31, ASV31
2023-12-20 20:42:43.572629 INFO::Fitting model to feature number 32, ASV32
2023-12-20 20:42:43.575779 INFO::Fitting model to feature number 33, ASV33
2023-12-20 20:42:43.577892 INFO::Fitting model to feature number 34, ASV34
2023-12-20 20:42:43.579711 INFO::Fitting model to feature number 35, ASV35
2023-12-20 20:42:43.581402 INFO::Fitting model to feature number 36, ASV36
2023-12-20 20:42:43.583987 INFO::Fitting model to feature number 37, ASV37
2023-12-20 20:42:43.585624 INFO::Fitting model to feature number 38, ASV38
2023-12-20 20:42:43.587144 INFO::Fitting model to feature number 39, ASV39
2023-12-20 20:42:43.589459 INFO::Fitting model to feature number 40, ASV40
2023-12-20 20:42:43.591794 INFO::Fitting model to feature number 41, ASV41
2023-12-20 20:42:43.59409 INFO::Fitting model to feature number 42, ASV42
2023-12-20 20:42:43.596632 INFO::Fitting model to feature number 43, ASV43
2023-12-20 20:42:43.598275 INFO::Fitting model to feature number 44, ASV44
2023-12-20 20:42:43.599653 INFO::Fitting model to feature number 45, ASV45
2023-12-20 20:42:43.60079 INFO::Fitting model to feature number 46, ASV46
2023-12-20 20:42:43.601943 INFO::Fitting model to feature number 47, ASV47
2023-12-20 20:42:43.603042 INFO::Fitting model to feature number 48, ASV48
2023-12-20 20:42:43.604215 INFO::Fitting model to feature number 49, ASV49
2023-12-20 20:42:43.605314 INFO::Fitting model to feature number 50, ASV50
2023-12-20 20:42:43.606445 INFO::Fitting model to feature number 51, ASV51
2023-12-20 20:42:43.607565 INFO::Fitting model to feature number 52, ASV52
2023-12-20 20:42:43.608839 INFO::Fitting model to feature number 53, ASV53
2023-12-20 20:42:43.611074 INFO::Fitting model to feature number 54, ASV54
2023-12-20 20:42:43.613179 INFO::Fitting model to feature number 55, ASV55
2023-12-20 20:42:43.615902 INFO::Fitting model to feature number 56, ASV56
2023-12-20 20:42:43.617904 INFO::Fitting model to feature number 57, ASV57
2023-12-20 20:42:43.619584 INFO::Fitting model to feature number 58, ASV58
2023-12-20 20:42:43.622791 INFO::Fitting model to feature number 59, ASV59
2023-12-20 20:42:43.625245 INFO::Fitting model to feature number 60, ASV60
2023-12-20 20:42:43.627519 INFO::Fitting model to feature number 61, ASV61
2023-12-20 20:42:43.63015 INFO::Fitting model to feature number 62, ASV62
2023-12-20 20:42:43.632677 INFO::Fitting model to feature number 63, ASV63
2023-12-20 20:42:43.634522 INFO::Fitting model to feature number 64, ASV64
2023-12-20 20:42:43.636257 INFO::Fitting model to feature number 65, ASV65
2023-12-20 20:42:43.638103 INFO::Fitting model to feature number 66, ASV66
2023-12-20 20:42:43.639765 INFO::Fitting model to feature number 67, ASV67
2023-12-20 20:42:43.641034 INFO::Fitting model to feature number 68, ASV68
2023-12-20 20:42:43.642431 INFO::Fitting model to feature number 69, ASV69
2023-12-20 20:42:43.643968 INFO::Fitting model to feature number 70, ASV70
2023-12-20 20:42:43.645358 INFO::Fitting model to feature number 71, ASV71
2023-12-20 20:42:43.646685 INFO::Fitting model to feature number 72, ASV72
2023-12-20 20:42:43.648529 INFO::Fitting model to feature number 73, ASV73
2023-12-20 20:42:43.650022 INFO::Fitting model to feature number 74, ASV74
2023-12-20 20:42:43.65191 INFO::Fitting model to feature number 75, ASV75
2023-12-20 20:42:43.653211 INFO::Fitting model to feature number 76, ASV76
2023-12-20 20:42:43.654438 INFO::Fitting model to feature number 77, ASV77
2023-12-20 20:42:43.655609 INFO::Fitting model to feature number 78, ASV78
2023-12-20 20:42:43.656963 INFO::Fitting model to feature number 79, ASV79
2023-12-20 20:42:43.658169 INFO::Fitting model to feature number 80, ASV80
2023-12-20 20:42:43.659433 INFO::Fitting model to feature number 81, ASV81
2023-12-20 20:42:43.660583 INFO::Fitting model to feature number 82, ASV82
2023-12-20 20:42:43.662026 INFO::Fitting model to feature number 83, ASV83
2023-12-20 20:42:43.66381 INFO::Fitting model to feature number 84, ASV84
2023-12-20 20:42:43.667456 INFO::Fitting model to feature number 85, ASV85
2023-12-20 20:42:43.669124 INFO::Fitting model to feature number 86, ASV86
2023-12-20 20:42:43.670609 INFO::Fitting model to feature number 87, ASV87
2023-12-20 20:42:43.672745 INFO::Fitting model to feature number 88, ASV88
2023-12-20 20:42:43.674305 INFO::Fitting model to feature number 89, ASV89
2023-12-20 20:42:43.675599 INFO::Fitting model to feature number 90, ASV90
2023-12-20 20:42:43.676951 INFO::Fitting model to feature number 91, ASV91
2023-12-20 20:42:43.678502 INFO::Fitting model to feature number 92, ASV92
2023-12-20 20:42:43.680068 INFO::Fitting model to feature number 93, ASV93
2023-12-20 20:42:43.682213 INFO::Fitting model to feature number 94, ASV94
2023-12-20 20:42:43.684364 INFO::Fitting model to feature number 95, ASV95
2023-12-20 20:42:43.685616 INFO::Fitting model to feature number 96, ASV96
2023-12-20 20:42:43.686815 INFO::Fitting model to feature number 97, ASV97
2023-12-20 20:42:43.687915 INFO::Fitting model to feature number 98, ASV99
2023-12-20 20:42:43.689154 INFO::Fitting model to feature number 99, ASV100
2023-12-20 20:42:43.690374 INFO::Fitting model to feature number 100, ASV101
2023-12-20 20:42:43.691634 INFO::Fitting model to feature number 101, ASV102
2023-12-20 20:42:43.692974 INFO::Fitting model to feature number 102, ASV103
2023-12-20 20:42:43.694911 INFO::Fitting model to feature number 103, ASV104
2023-12-20 20:42:43.696276 INFO::Fitting model to feature number 104, ASV105
2023-12-20 20:42:43.697682 INFO::Fitting model to feature number 105, ASV106
2023-12-20 20:42:43.699213 INFO::Fitting model to feature number 106, ASV107
2023-12-20 20:42:43.700822 INFO::Fitting model to feature number 107, ASV108
2023-12-20 20:42:43.702154 INFO::Fitting model to feature number 108, ASV109
2023-12-20 20:42:43.703502 INFO::Fitting model to feature number 109, ASV110
2023-12-20 20:42:43.704844 INFO::Fitting model to feature number 110, ASV112
2023-12-20 20:42:43.706062 INFO::Fitting model to feature number 111, ASV113
2023-12-20 20:42:43.707676 INFO::Fitting model to feature number 112, ASV114
2023-12-20 20:42:43.708982 INFO::Fitting model to feature number 113, ASV115
2023-12-20 20:42:43.710085 INFO::Fitting model to feature number 114, ASV116
2023-12-20 20:42:43.711156 INFO::Fitting model to feature number 115, ASV117
2023-12-20 20:42:43.712314 INFO::Fitting model to feature number 116, ASV118
2023-12-20 20:42:43.713531 INFO::Fitting model to feature number 117, ASV119
2023-12-20 20:42:43.714679 INFO::Fitting model to feature number 118, ASV120
2023-12-20 20:42:43.715825 INFO::Fitting model to feature number 119, ASV121
2023-12-20 20:42:43.717058 INFO::Fitting model to feature number 120, ASV122
2023-12-20 20:42:43.718774 INFO::Fitting model to feature number 121, ASV123
2023-12-20 20:42:43.72027 INFO::Fitting model to feature number 122, ASV124
2023-12-20 20:42:43.721678 INFO::Fitting model to feature number 123, ASV125
2023-12-20 20:42:43.72283 INFO::Fitting model to feature number 124, ASV126
2023-12-20 20:42:43.724402 INFO::Fitting model to feature number 125, ASV127
2023-12-20 20:42:43.725626 INFO::Fitting model to feature number 126, ASV128
2023-12-20 20:42:43.726735 INFO::Fitting model to feature number 127, ASV129
2023-12-20 20:42:43.727817 INFO::Fitting model to feature number 128, ASV130
2023-12-20 20:42:43.728966 INFO::Fitting model to feature number 129, ASV131
2023-12-20 20:42:43.730041 INFO::Fitting model to feature number 130, ASV132
2023-12-20 20:42:43.731103 INFO::Fitting model to feature number 131, ASV133
2023-12-20 20:42:43.732206 INFO::Fitting model to feature number 132, ASV134
2023-12-20 20:42:43.733452 INFO::Fitting model to feature number 133, ASV135
2023-12-20 20:42:43.734914 INFO::Fitting model to feature number 134, ASV136
2023-12-20 20:42:43.736245 INFO::Fitting model to feature number 135, ASV137
2023-12-20 20:42:43.737415 INFO::Fitting model to feature number 136, ASV138
2023-12-20 20:42:43.738647 INFO::Fitting model to feature number 137, ASV139
2023-12-20 20:42:43.739837 INFO::Fitting model to feature number 138, ASV140
2023-12-20 20:42:43.741665 INFO::Fitting model to feature number 139, ASV141
2023-12-20 20:42:43.742921 INFO::Fitting model to feature number 140, ASV142
2023-12-20 20:42:43.7442 INFO::Fitting model to feature number 141, ASV143
2023-12-20 20:42:43.74537 INFO::Fitting model to feature number 142, ASV144
2023-12-20 20:42:43.746944 INFO::Fitting model to feature number 143, ASV145
2023-12-20 20:42:43.748538 INFO::Fitting model to feature number 144, ASV146
2023-12-20 20:42:43.75018 INFO::Fitting model to feature number 145, ASV147
2023-12-20 20:42:43.751725 INFO::Fitting model to feature number 146, ASV148
2023-12-20 20:42:43.754368 INFO::Fitting model to feature number 147, ASV149
2023-12-20 20:42:43.756518 INFO::Fitting model to feature number 148, ASV150
2023-12-20 20:42:43.758116 INFO::Fitting model to feature number 149, ASV151
2023-12-20 20:42:43.759588 INFO::Fitting model to feature number 150, ASV152
2023-12-20 20:42:43.760933 INFO::Fitting model to feature number 151, ASV153
2023-12-20 20:42:43.762265 INFO::Fitting model to feature number 152, ASV154
2023-12-20 20:42:43.763615 INFO::Fitting model to feature number 153, ASV155
2023-12-20 20:42:43.764784 INFO::Fitting model to feature number 154, ASV156
2023-12-20 20:42:43.76587 INFO::Fitting model to feature number 155, ASV157
2023-12-20 20:42:43.767 INFO::Fitting model to feature number 156, ASV158
2023-12-20 20:42:43.768222 INFO::Fitting model to feature number 157, ASV159
2023-12-20 20:42:43.76946 INFO::Fitting model to feature number 158, ASV160
2023-12-20 20:42:43.771152 INFO::Fitting model to feature number 159, ASV161
2023-12-20 20:42:43.772421 INFO::Fitting model to feature number 160, ASV162
2023-12-20 20:42:43.773663 INFO::Fitting model to feature number 161, ASV163
2023-12-20 20:42:43.775115 INFO::Fitting model to feature number 162, ASV164
2023-12-20 20:42:43.776676 INFO::Fitting model to feature number 163, ASV165
2023-12-20 20:42:43.777845 INFO::Fitting model to feature number 164, ASV166
2023-12-20 20:42:43.779019 INFO::Fitting model to feature number 165, ASV167
2023-12-20 20:42:43.780159 INFO::Fitting model to feature number 166, ASV168
2023-12-20 20:42:43.781289 INFO::Fitting model to feature number 167, ASV169
2023-12-20 20:42:43.782516 INFO::Fitting model to feature number 168, ASV170
2023-12-20 20:42:43.78375 INFO::Fitting model to feature number 169, ASV171
2023-12-20 20:42:43.784924 INFO::Fitting model to feature number 170, ASV172
2023-12-20 20:42:43.786782 INFO::Fitting model to feature number 171, ASV173
2023-12-20 20:42:43.788097 INFO::Fitting model to feature number 172, ASV174
2023-12-20 20:42:43.789777 INFO::Fitting model to feature number 173, ASV175
2023-12-20 20:42:43.791406 INFO::Fitting model to feature number 174, ASV176
2023-12-20 20:42:43.792766 INFO::Fitting model to feature number 175, ASV177
2023-12-20 20:42:43.793857 INFO::Fitting model to feature number 176, ASV178
2023-12-20 20:42:43.795066 INFO::Fitting model to feature number 177, ASV179
2023-12-20 20:42:43.79624 INFO::Fitting model to feature number 178, ASV180
2023-12-20 20:42:43.808159 INFO::Fitting model to feature number 179, ASV181
2023-12-20 20:42:43.809721 INFO::Fitting model to feature number 180, ASV182
2023-12-20 20:42:43.81184 INFO::Fitting model to feature number 181, ASV183
2023-12-20 20:42:43.813389 INFO::Fitting model to feature number 182, ASV184
2023-12-20 20:42:43.81487 INFO::Fitting model to feature number 183, ASV185
2023-12-20 20:42:43.816377 INFO::Fitting model to feature number 184, ASV186
2023-12-20 20:42:43.818174 INFO::Fitting model to feature number 185, ASV187
2023-12-20 20:42:43.819792 INFO::Fitting model to feature number 186, ASV188
2023-12-20 20:42:43.821759 INFO::Fitting model to feature number 187, ASV189
2023-12-20 20:42:43.823744 INFO::Fitting model to feature number 188, ASV190
2023-12-20 20:42:43.825853 INFO::Fitting model to feature number 189, ASV191
2023-12-20 20:42:43.827054 INFO::Fitting model to feature number 190, ASV192
2023-12-20 20:42:43.828171 INFO::Fitting model to feature number 191, ASV193
2023-12-20 20:42:43.829291 INFO::Fitting model to feature number 192, ASV194
2023-12-20 20:42:43.830488 INFO::Fitting model to feature number 193, ASV195
2023-12-20 20:42:43.831615 INFO::Fitting model to feature number 194, ASV196
2023-12-20 20:42:43.832752 INFO::Fitting model to feature number 195, ASV197
2023-12-20 20:42:43.83389 INFO::Fitting model to feature number 196, ASV198
2023-12-20 20:42:43.835342 INFO::Fitting model to feature number 197, ASV199
2023-12-20 20:42:43.837014 INFO::Fitting model to feature number 198, ASV200
2023-12-20 20:42:43.838508 INFO::Fitting model to feature number 199, ASV201
2023-12-20 20:42:43.839855 INFO::Fitting model to feature number 200, ASV202
2023-12-20 20:42:43.841249 INFO::Fitting model to feature number 201, ASV203
2023-12-20 20:42:43.842478 INFO::Fitting model to feature number 202, ASV204
2023-12-20 20:42:43.84358 INFO::Fitting model to feature number 203, ASV205
2023-12-20 20:42:43.844676 INFO::Fitting model to feature number 204, ASV207
2023-12-20 20:42:43.845858 INFO::Fitting model to feature number 205, ASV208
2023-12-20 20:42:43.846953 INFO::Fitting model to feature number 206, ASV209
2023-12-20 20:42:43.848046 INFO::Fitting model to feature number 207, ASV210
2023-12-20 20:42:43.849147 INFO::Fitting model to feature number 208, ASV211
2023-12-20 20:42:43.850377 INFO::Fitting model to feature number 209, ASV213
2023-12-20 20:42:43.851812 INFO::Fitting model to feature number 210, ASV216
2023-12-20 20:42:43.85356 INFO::Fitting model to feature number 211, ASV217
2023-12-20 20:42:43.854735 INFO::Fitting model to feature number 212, ASV218
2023-12-20 20:42:43.855967 INFO::Fitting model to feature number 213, ASV219
2023-12-20 20:42:43.857121 INFO::Fitting model to feature number 214, ASV220
2023-12-20 20:42:43.858644 INFO::Fitting model to feature number 215, ASV221
2023-12-20 20:42:43.860154 INFO::Fitting model to feature number 216, ASV222
2023-12-20 20:42:43.861457 INFO::Fitting model to feature number 217, ASV223
2023-12-20 20:42:43.862543 INFO::Fitting model to feature number 218, ASV224
2023-12-20 20:42:43.863629 INFO::Fitting model to feature number 219, ASV225
2023-12-20 20:42:43.86478 INFO::Fitting model to feature number 220, ASV228
2023-12-20 20:42:43.865949 INFO::Fitting model to feature number 221, ASV229
2023-12-20 20:42:43.867089 INFO::Fitting model to feature number 222, ASV230
2023-12-20 20:42:43.868247 INFO::Fitting model to feature number 223, ASV231
2023-12-20 20:42:43.86968 INFO::Fitting model to feature number 224, ASV232
2023-12-20 20:42:43.871581 INFO::Fitting model to feature number 225, ASV233
2023-12-20 20:42:43.873647 INFO::Fitting model to feature number 226, ASV234
2023-12-20 20:42:43.875831 INFO::Fitting model to feature number 227, ASV235
2023-12-20 20:42:43.877105 INFO::Fitting model to feature number 228, ASV236
2023-12-20 20:42:43.878312 INFO::Fitting model to feature number 229, ASV237
2023-12-20 20:42:43.879679 INFO::Fitting model to feature number 230, ASV238
2023-12-20 20:42:43.881113 INFO::Fitting model to feature number 231, ASV239
2023-12-20 20:42:43.882326 INFO::Fitting model to feature number 232, ASV240
2023-12-20 20:42:43.883597 INFO::Fitting model to feature number 233, ASV241
2023-12-20 20:42:43.884777 INFO::Fitting model to feature number 234, ASV242
2023-12-20 20:42:43.886103 INFO::Fitting model to feature number 235, ASV243
2023-12-20 20:42:43.888052 INFO::Fitting model to feature number 236, ASV244
2023-12-20 20:42:43.89021 INFO::Fitting model to feature number 237, ASV245
2023-12-20 20:42:43.891578 INFO::Fitting model to feature number 238, ASV246
2023-12-20 20:42:43.892989 INFO::Fitting model to feature number 239, ASV248
2023-12-20 20:42:43.894676 INFO::Fitting model to feature number 240, ASV249
2023-12-20 20:42:43.89613 INFO::Fitting model to feature number 241, ASV250
2023-12-20 20:42:43.8974 INFO::Fitting model to feature number 242, ASV251
2023-12-20 20:42:43.898586 INFO::Fitting model to feature number 243, ASV253
2023-12-20 20:42:43.899768 INFO::Fitting model to feature number 244, ASV254
2023-12-20 20:42:43.901259 INFO::Fitting model to feature number 245, ASV256
2023-12-20 20:42:43.902656 INFO::Fitting model to feature number 246, ASV257
2023-12-20 20:42:43.904046 INFO::Fitting model to feature number 247, ASV258
2023-12-20 20:42:43.905922 INFO::Fitting model to feature number 248, ASV259
2023-12-20 20:42:43.908063 INFO::Fitting model to feature number 249, ASV260
2023-12-20 20:42:43.9098 INFO::Fitting model to feature number 250, ASV261
2023-12-20 20:42:43.911216 INFO::Fitting model to feature number 251, ASV262
2023-12-20 20:42:43.91234 INFO::Fitting model to feature number 252, ASV263
2023-12-20 20:42:43.913579 INFO::Fitting model to feature number 253, ASV265
2023-12-20 20:42:43.914828 INFO::Fitting model to feature number 254, ASV266
2023-12-20 20:42:43.916182 INFO::Fitting model to feature number 255, ASV267
2023-12-20 20:42:43.91734 INFO::Fitting model to feature number 256, ASV268
2023-12-20 20:42:43.918599 INFO::Fitting model to feature number 257, ASV269
2023-12-20 20:42:43.919756 INFO::Fitting model to feature number 258, ASV270
2023-12-20 20:42:43.921306 INFO::Fitting model to feature number 259, ASV271
2023-12-20 20:42:43.923193 INFO::Fitting model to feature number 260, ASV272
2023-12-20 20:42:43.924588 INFO::Fitting model to feature number 261, ASV273
2023-12-20 20:42:43.925764 INFO::Fitting model to feature number 262, ASV274
2023-12-20 20:42:43.926989 INFO::Fitting model to feature number 263, ASV275
2023-12-20 20:42:43.928293 INFO::Fitting model to feature number 264, ASV276
2023-12-20 20:42:43.930166 INFO::Fitting model to feature number 265, ASV277
2023-12-20 20:42:43.931393 INFO::Fitting model to feature number 266, ASV278
2023-12-20 20:42:43.932505 INFO::Fitting model to feature number 267, ASV279
2023-12-20 20:42:43.933651 INFO::Fitting model to feature number 268, ASV280
2023-12-20 20:42:43.934961 INFO::Fitting model to feature number 269, ASV281
2023-12-20 20:42:43.936331 INFO::Fitting model to feature number 270, ASV282
2023-12-20 20:42:43.93759 INFO::Fitting model to feature number 271, ASV283
2023-12-20 20:42:43.938902 INFO::Fitting model to feature number 272, ASV284
2023-12-20 20:42:43.941048 INFO::Fitting model to feature number 273, ASV285
2023-12-20 20:42:43.943096 INFO::Fitting model to feature number 274, ASV286
2023-12-20 20:42:43.945058 INFO::Fitting model to feature number 275, ASV287
2023-12-20 20:42:43.946559 INFO::Fitting model to feature number 276, ASV288
2023-12-20 20:42:43.949339 INFO::Fitting model to feature number 277, ASV289
2023-12-20 20:42:43.953043 INFO::Fitting model to feature number 278, ASV290
2023-12-20 20:42:43.955555 INFO::Fitting model to feature number 279, ASV292
2023-12-20 20:42:43.956884 INFO::Fitting model to feature number 280, ASV293
2023-12-20 20:42:43.958115 INFO::Fitting model to feature number 281, ASV294
2023-12-20 20:42:43.959282 INFO::Fitting model to feature number 282, ASV295
2023-12-20 20:42:43.96049 INFO::Fitting model to feature number 283, ASV297
2023-12-20 20:42:43.961644 INFO::Fitting model to feature number 284, ASV299
2023-12-20 20:42:43.963076 INFO::Fitting model to feature number 285, ASV300
2023-12-20 20:42:43.964898 INFO::Fitting model to feature number 286, ASV301
2023-12-20 20:42:43.96645 INFO::Fitting model to feature number 287, ASV302
2023-12-20 20:42:43.968742 INFO::Fitting model to feature number 288, ASV303
2023-12-20 20:42:43.971213 INFO::Fitting model to feature number 289, ASV304
2023-12-20 20:42:43.972972 INFO::Fitting model to feature number 290, ASV305
2023-12-20 20:42:43.97441 INFO::Fitting model to feature number 291, ASV306
2023-12-20 20:42:43.976023 INFO::Fitting model to feature number 292, ASV307
2023-12-20 20:42:43.977955 INFO::Fitting model to feature number 293, ASV308
2023-12-20 20:42:43.979381 INFO::Fitting model to feature number 294, ASV310
2023-12-20 20:42:43.981058 INFO::Fitting model to feature number 295, ASV312
2023-12-20 20:42:43.982765 INFO::Fitting model to feature number 296, ASV313
2023-12-20 20:42:43.984734 INFO::Fitting model to feature number 297, ASV315
2023-12-20 20:42:43.98642 INFO::Fitting model to feature number 298, ASV316
2023-12-20 20:42:43.987806 INFO::Fitting model to feature number 299, ASV317
2023-12-20 20:42:43.988997 INFO::Fitting model to feature number 300, ASV318
2023-12-20 20:42:43.990473 INFO::Fitting model to feature number 301, ASV319
2023-12-20 20:42:43.992234 INFO::Fitting model to feature number 302, ASV320
2023-12-20 20:42:43.994216 INFO::Fitting model to feature number 303, ASV321
2023-12-20 20:42:43.995617 INFO::Fitting model to feature number 304, ASV322
2023-12-20 20:42:43.996974 INFO::Fitting model to feature number 305, ASV324
2023-12-20 20:42:43.99881 INFO::Fitting model to feature number 306, ASV325
2023-12-20 20:42:44.000274 INFO::Fitting model to feature number 307, ASV327
2023-12-20 20:42:44.001441 INFO::Fitting model to feature number 308, ASV328
2023-12-20 20:42:44.002634 INFO::Fitting model to feature number 309, ASV330
2023-12-20 20:42:44.003969 INFO::Fitting model to feature number 310, ASV331
2023-12-20 20:42:44.005407 INFO::Fitting model to feature number 311, ASV334
2023-12-20 20:42:44.006791 INFO::Fitting model to feature number 312, ASV335
2023-12-20 20:42:44.008098 INFO::Fitting model to feature number 313, ASV338
2023-12-20 20:42:44.010115 INFO::Fitting model to feature number 314, ASV339
2023-12-20 20:42:44.012002 INFO::Fitting model to feature number 315, ASV340
2023-12-20 20:42:44.013334 INFO::Fitting model to feature number 316, ASV341
2023-12-20 20:42:44.014643 INFO::Fitting model to feature number 317, ASV342
2023-12-20 20:42:44.015824 INFO::Fitting model to feature number 318, ASV345
2023-12-20 20:42:44.016934 INFO::Fitting model to feature number 319, ASV346
2023-12-20 20:42:44.018172 INFO::Fitting model to feature number 320, ASV347
2023-12-20 20:42:44.020369 INFO::Fitting model to feature number 321, ASV348
2023-12-20 20:42:44.021965 INFO::Fitting model to feature number 322, ASV351
2023-12-20 20:42:44.023564 INFO::Fitting model to feature number 323, ASV353
2023-12-20 20:42:44.024812 INFO::Fitting model to feature number 324, ASV354
2023-12-20 20:42:44.026606 INFO::Fitting model to feature number 325, ASV355
2023-12-20 20:42:44.027982 INFO::Fitting model to feature number 326, ASV356
2023-12-20 20:42:44.029162 INFO::Fitting model to feature number 327, ASV357
2023-12-20 20:42:44.030359 INFO::Fitting model to feature number 328, ASV358
2023-12-20 20:42:44.032183 INFO::Fitting model to feature number 329, ASV359
2023-12-20 20:42:44.033872 INFO::Fitting model to feature number 330, ASV360
2023-12-20 20:42:44.035114 INFO::Fitting model to feature number 331, ASV361
2023-12-20 20:42:44.036303 INFO::Fitting model to feature number 332, ASV362
2023-12-20 20:42:44.037485 INFO::Fitting model to feature number 333, ASV363
2023-12-20 20:42:44.038581 INFO::Fitting model to feature number 334, ASV364
2023-12-20 20:42:44.040071 INFO::Fitting model to feature number 335, ASV365
2023-12-20 20:42:44.041482 INFO::Fitting model to feature number 336, ASV366
2023-12-20 20:42:44.042672 INFO::Fitting model to feature number 337, ASV367
2023-12-20 20:42:44.043772 INFO::Fitting model to feature number 338, ASV368
2023-12-20 20:42:44.044894 INFO::Fitting model to feature number 339, ASV369
2023-12-20 20:42:44.046116 INFO::Fitting model to feature number 340, ASV372
2023-12-20 20:42:44.047843 INFO::Fitting model to feature number 341, ASV374
2023-12-20 20:42:44.049208 INFO::Fitting model to feature number 342, ASV377
2023-12-20 20:42:44.05044 INFO::Fitting model to feature number 343, ASV379
2023-12-20 20:42:44.052224 INFO::Fitting model to feature number 344, ASV380
2023-12-20 20:42:44.053849 INFO::Fitting model to feature number 345, ASV381
2023-12-20 20:42:44.055022 INFO::Fitting model to feature number 346, ASV383
2023-12-20 20:42:44.056168 INFO::Fitting model to feature number 347, ASV384
2023-12-20 20:42:44.057261 INFO::Fitting model to feature number 348, ASV385
2023-12-20 20:42:44.058416 INFO::Fitting model to feature number 349, ASV387
2023-12-20 20:42:44.059541 INFO::Fitting model to feature number 350, ASV388
2023-12-20 20:42:44.06079 INFO::Fitting model to feature number 351, ASV389
2023-12-20 20:42:44.062135 INFO::Fitting model to feature number 352, ASV390
2023-12-20 20:42:44.063361 INFO::Fitting model to feature number 353, ASV391
2023-12-20 20:42:44.064506 INFO::Fitting model to feature number 354, ASV393
2023-12-20 20:42:44.06572 INFO::Fitting model to feature number 355, ASV395
2023-12-20 20:42:44.067838 INFO::Fitting model to feature number 356, ASV396
2023-12-20 20:42:44.06946 INFO::Fitting model to feature number 357, ASV397
2023-12-20 20:42:44.070597 INFO::Fitting model to feature number 358, ASV398
2023-12-20 20:42:44.071673 INFO::Fitting model to feature number 359, ASV399
2023-12-20 20:42:44.072726 INFO::Fitting model to feature number 360, ASV400
2023-12-20 20:42:44.074021 INFO::Fitting model to feature number 361, ASV404
2023-12-20 20:42:44.075696 INFO::Fitting model to feature number 362, ASV407
2023-12-20 20:42:44.076927 INFO::Fitting model to feature number 363, ASV408
2023-12-20 20:42:44.077982 INFO::Fitting model to feature number 364, ASV412
2023-12-20 20:42:44.079165 INFO::Fitting model to feature number 365, ASV416
2023-12-20 20:42:44.080582 INFO::Fitting model to feature number 366, ASV419
2023-12-20 20:42:44.082265 INFO::Fitting model to feature number 367, ASV421
2023-12-20 20:42:44.083536 INFO::Fitting model to feature number 368, ASV426
2023-12-20 20:42:44.084728 INFO::Fitting model to feature number 369, ASV428
2023-12-20 20:42:44.085867 INFO::Fitting model to feature number 370, ASV429
2023-12-20 20:42:44.08737 INFO::Fitting model to feature number 371, ASV431
2023-12-20 20:42:44.088667 INFO::Fitting model to feature number 372, ASV433
2023-12-20 20:42:44.089972 INFO::Fitting model to feature number 373, ASV440
2023-12-20 20:42:44.091081 INFO::Fitting model to feature number 374, ASV441
2023-12-20 20:42:44.092207 INFO::Fitting model to feature number 375, ASV443
2023-12-20 20:42:44.093323 INFO::Fitting model to feature number 376, ASV445
2023-12-20 20:42:44.094659 INFO::Fitting model to feature number 377, ASV447
2023-12-20 20:42:44.095847 INFO::Fitting model to feature number 378, ASV449
2023-12-20 20:42:44.097025 INFO::Fitting model to feature number 379, ASV455
2023-12-20 20:42:44.099038 INFO::Fitting model to feature number 380, ASV460
2023-12-20 20:42:44.100504 INFO::Fitting model to feature number 381, ASV461
2023-12-20 20:42:44.102097 INFO::Fitting model to feature number 382, ASV463
2023-12-20 20:42:44.10362 INFO::Fitting model to feature number 383, ASV472
2023-12-20 20:42:44.105203 INFO::Fitting model to feature number 384, ASV474
2023-12-20 20:42:44.106518 INFO::Fitting model to feature number 385, ASV475
2023-12-20 20:42:44.107732 INFO::Fitting model to feature number 386, ASV476
2023-12-20 20:42:44.108984 INFO::Fitting model to feature number 387, ASV477
2023-12-20 20:42:44.110255 INFO::Fitting model to feature number 388, ASV489
2023-12-20 20:42:44.111464 INFO::Fitting model to feature number 389, ASV498
2023-12-20 20:42:44.112596 INFO::Fitting model to feature number 390, ASV503
2023-12-20 20:42:44.113757 INFO::Fitting model to feature number 391, ASV510
2023-12-20 20:42:44.114979 INFO::Fitting model to feature number 392, ASV516
2023-12-20 20:42:44.116622 INFO::Fitting model to feature number 393, ASV529
2023-12-20 20:42:44.119162 INFO::Fitting model to feature number 394, ASV540
2023-12-20 20:42:44.12082 INFO::Fitting model to feature number 395, ASV543
2023-12-20 20:42:44.122295 INFO::Fitting model to feature number 396, ASV549
2023-12-20 20:42:44.124288 INFO::Fitting model to feature number 397, ASV553
2023-12-20 20:42:44.125928 INFO::Fitting model to feature number 398, ASV554
2023-12-20 20:42:44.127301 INFO::Fitting model to feature number 399, ASV565
2023-12-20 20:42:44.128675 INFO::Fitting model to feature number 400, ASV576
2023-12-20 20:42:44.148961 INFO::Counting total values for each feature
2023-12-20 20:42:44.15602 INFO::Writing filtered data to file outputs/differential_abundance_16S_ASVs/lmm_maaslin2/ASVs/w6_WTvsKO/features/filtered_data.tsv
2023-12-20 20:42:44.159616 INFO::Writing filtered, normalized data to file outputs/differential_abundance_16S_ASVs/lmm_maaslin2/ASVs/w6_WTvsKO/features/filtered_data_norm.tsv
2023-12-20 20:42:44.167287 INFO::Writing filtered, normalized, transformed data to file outputs/differential_abundance_16S_ASVs/lmm_maaslin2/ASVs/w6_WTvsKO/features/filtered_data_norm_transformed.tsv
2023-12-20 20:42:44.175132 WARNING::Deleting existing residuals file: outputs/differential_abundance_16S_ASVs/lmm_maaslin2/ASVs/w6_WTvsKO/fits/residuals.rds
2023-12-20 20:42:44.17596 INFO::Writing residuals to file outputs/differential_abundance_16S_ASVs/lmm_maaslin2/ASVs/w6_WTvsKO/fits/residuals.rds
2023-12-20 20:42:44.179259 WARNING::Deleting existing fitted file: outputs/differential_abundance_16S_ASVs/lmm_maaslin2/ASVs/w6_WTvsKO/fits/fitted.rds
2023-12-20 20:42:44.179916 INFO::Writing fitted values to file outputs/differential_abundance_16S_ASVs/lmm_maaslin2/ASVs/w6_WTvsKO/fits/fitted.rds
2023-12-20 20:42:44.181141 INFO::Writing all results to file (ordered by increasing q-values): outputs/differential_abundance_16S_ASVs/lmm_maaslin2/ASVs/w6_WTvsKO/all_results.tsv
2023-12-20 20:42:44.183419 INFO::Writing the significant results (those which are less than or equal to the threshold of 0.050000 ) to file (ordered by increasing q-values): outputs/differential_abundance_16S_ASVs/lmm_maaslin2/ASVs/w6_WTvsKO/significant_results.tsv
2023-12-20 20:42:44.184374 INFO::Writing heatmap of significant results to file: outputs/differential_abundance_16S_ASVs/lmm_maaslin2/ASVs/w6_WTvsKO/heatmap.pdf
2023-12-20 20:42:44.185163 INFO::Writing association plots (one for each significant association) to output folder: outputs/differential_abundance_16S_ASVs/lmm_maaslin2/ASVs/w6_WTvsKO
